[0.000000] (-) TimerEvent: {}
[0.000231] (msee22_description) JobQueued: {'identifier': 'msee22_description', 'dependencies': OrderedDict()}
[0.000269] (py_joint_pub) JobQueued: {'identifier': 'py_joint_pub', 'dependencies': OrderedDict()}
[0.000289] (table_description) JobQueued: {'identifier': 'table_description', 'dependencies': OrderedDict()}
[0.000306] (wall_description) JobQueued: {'identifier': 'wall_description', 'dependencies': OrderedDict()}
[0.000322] (msee22_description) JobStarted: {'identifier': 'msee22_description'}
[0.013479] (py_joint_pub) JobStarted: {'identifier': 'py_joint_pub'}
[0.024160] (table_description) JobStarted: {'identifier': 'table_description'}
[0.034274] (wall_description) JobStarted: {'identifier': 'wall_description'}
[0.099305] (-) TimerEvent: {}
[0.199529] (-) TimerEvent: {}
[0.299778] (-) TimerEvent: {}
[0.399993] (-) TimerEvent: {}
[0.500220] (-) TimerEvent: {}
[0.600468] (-) TimerEvent: {}
[0.700726] (-) TimerEvent: {}
[0.862799] (-) TimerEvent: {}
[0.963227] (-) TimerEvent: {}
[1.063555] (-) TimerEvent: {}
[1.163868] (-) TimerEvent: {}
[1.264175] (-) TimerEvent: {}
[1.364406] (-) TimerEvent: {}
[1.464692] (-) TimerEvent: {}
[1.564986] (-) TimerEvent: {}
[1.665217] (-) TimerEvent: {}
[1.765457] (-) TimerEvent: {}
[1.865680] (-) TimerEvent: {}
[1.965880] (-) TimerEvent: {}
[2.066076] (-) TimerEvent: {}
[2.166327] (-) TimerEvent: {}
[2.266567] (-) TimerEvent: {}
[2.366824] (-) TimerEvent: {}
[2.467043] (-) TimerEvent: {}
[2.567236] (-) TimerEvent: {}
[2.667461] (-) TimerEvent: {}
[2.767751] (-) TimerEvent: {}
[2.867976] (-) TimerEvent: {}
[2.968172] (-) TimerEvent: {}
[3.068347] (-) TimerEvent: {}
[3.168542] (-) TimerEvent: {}
[3.268736] (-) TimerEvent: {}
[3.368938] (-) TimerEvent: {}
[3.469167] (-) TimerEvent: {}
[3.569389] (-) TimerEvent: {}
[3.669602] (-) TimerEvent: {}
[3.769797] (-) TimerEvent: {}
[3.869989] (-) TimerEvent: {}
[3.970185] (-) TimerEvent: {}
[4.070403] (-) TimerEvent: {}
[4.170601] (-) TimerEvent: {}
[4.270813] (-) TimerEvent: {}
[4.371031] (-) TimerEvent: {}
[4.471236] (-) TimerEvent: {}
[4.571477] (-) TimerEvent: {}
[4.671702] (-) TimerEvent: {}
[4.771915] (-) TimerEvent: {}
[4.872118] (-) TimerEvent: {}
[4.972371] (-) TimerEvent: {}
[5.064095] (py_joint_pub) Command: {'cmd': ['/usr/bin/python3', '-W', 'ignore:setup.py install is deprecated', '-W', 'ignore:easy_install command is deprecated', 'setup.py', 'develop', '--editable', '--build-directory', '/home/shay/a/vanderg0/ece569-fall2025/Lab4/build/py_joint_pub/build', '--no-deps', 'symlink_data'], 'cwd': '/home/shay/a/vanderg0/ece569-fall2025/Lab4/build/py_joint_pub', 'env': {'MODULEPATH_PACKAGE': '/package/modulefiles/ecn', 'LMOD_DIR': '/usr/share/lmod/lmod/libexec', 'CONDA_PROMPT_MODIFIER': '(base)', 'MAIL': '/var/spool/mail/vanderg0', 'USER': 'vanderg0', 'LMOD_PACKAGE_PATH': '/etc/lmod', 'LMOD_COLORIZE': 'yes', 'SSH_AGENT_PID': '714312', 'XDG_SESSION_TYPE': 'x11', 'GIT_ASKPASS': '/usr/share/code/resources/app/extensions/git/dist/askpass.sh', 'LMOD_PKG': '/usr/share/lmod/lmod', 'TLPROFILE': 'xfce', 'SHLVL': '1', 'LD_LIBRARY_PATH': '/opt/ros/humble/opt/rviz_ogre_vendor/lib:/opt/ros/humble/lib/x86_64-linux-gnu:/opt/ros/humble/lib:/package/riscv-gnu-toolchain/lib:/opt/thinlinc/lib64:/opt/thinlinc/lib', 'HOME': '/home/shay/a/vanderg0', 'CHROME_DESKTOP': 'code.desktop', 'CONDA_SHLVL': '1', 'OLDPWD': '/home/shay/a/vanderg0/ece569-fall2025', 'TERM_PROGRAM_VERSION': '1.105.1', 'DESKTOP_SESSION': 'xfce', 'PANEL_GDK_CORE_DEVICE_EVENTS': '0', 'ROS_PYTHON_VERSION': '3', 'VSCODE_GIT_ASKPASS_MAIN': '/usr/share/code/resources/app/extensions/git/dist/askpass-main.js', 'VSCODE_GIT_ASKPASS_NODE': '/usr/share/code/code', 'LC_CTYPE': 'C.UTF-8', 'PCSCTUN_SERVER': '127.0.0.1:5506', 'VSCODE_PYTHON_AUTOACTIVATE_GUARD': '1', '_LMFILES_': '/package/modulefiles/ecn/ubuntu/riscv/riscv.lua', 'DBUS_SESSION_BUS_ADDRESS': 'unix:path=/run/user/900709/bus', 'COLORTERM': 'truecolor', '_CE_M': '', 'LMOD_sys': 'Linux', 'COLCON_PREFIX_PATH': '/home/shay/a/vanderg0/ece569-fall2025/Lab4/install', 'LMOD_DEFAULT_MODULEPATH': '/etc/lmod/modules:/usr/share/lmod/lmod/modulefiles:/etc/modulefiles/pkg:/package/modulefiles/ecn/common:/package/modulefiles/ecn/ubuntu', 'ROS_DISTRO': 'humble', 'LOGNAME': 'vanderg0', 'LMOD_AVAIL_STYLE': 'system:<grouped>', 'LMOD_VERSION': '6.6', 'SUMO_HOME': '/usr/share/sumo', 'PULSE_SERVER': '127.0.0.1:5505', 'TLPREFIX': '/opt/thinlinc', '_': '/bin/colcon', 'ROS_VERSION': '2', 'XDG_SESSION_CLASS': 'user', 'USERNAME': 'vanderg0', 'TERM': 'xterm-256color', 'XDG_SESSION_ID': '10398', '_CE_CONDA': '', 'ROS_LOCALHOST_ONLY': '0', 'PATH': '/opt/ros/humble/bin:/package/riscv-gnu-toolchain/bin:/home/shay/a/vanderg0/miniconda3/bin:/home/shay/a/vanderg0/miniconda3/condabin:/usr/NX/bin:/usr/local/bin:/bin:/usr/bin:/usr/local/sbin:/usr/sbin:/sbin:/usr/opt/bin:/usr/site/ece/bin:/opt/thinlinc/bin:/snap/bin:/home/shay/a/vanderg0/.dotnet/tools:.:/opt/thinlinc/sbin:.', 'SESSION_MANAGER': 'local/eceprog1.ecn.purdue.edu:@/tmp/.ICE-unix/714189,unix/eceprog1.ecn.purdue.edu:/tmp/.ICE-unix/714189', 'PCSCTUN_COOKIE': '/var/opt/thinlinc/sessions/vanderg0/60/pcsctun-cookie', 'LMOD_PREPEND_BLOCK': 'normal', 'LMOD_FULL_SETTARG_SUPPORT': 'no', 'XDG_MENU_PREFIX': 'xfce-', 'XDG_RUNTIME_DIR': '/run/user/900709', 'GDK_BACKEND': 'x11', 'DISPLAY': ':60.0', 'LANG': 'en_US.UTF-8', 'XDG_CURRENT_DESKTOP': 'XFCE', 'DOTNET_BUNDLE_EXTRACT_BASE_DIR': '/home/shay/a/vanderg0/.cache/dotnet_bundle_extract', 'XDG_SESSION_DESKTOP': 'xfce', 'XAUTHORITY': '/var/opt/thinlinc/sessions/vanderg0/60/Xauthority', 'VSCODE_GIT_IPC_HANDLE': '/run/user/900709/vscode-git-8f0bb28d30.sock', 'TERM_PROGRAM': 'vscode', 'SSH_AUTH_SOCK': '/tmp/ssh-XXXXXXEXN7Ks/agent.714310', 'ROS_DOMAIN_ID': '51', 'PULSE_COOKIE': '/var/opt/thinlinc/sessions/vanderg0/60/pulse-cookie', 'AMENT_PREFIX_PATH': '/home/shay/a/vanderg0/ece569-fall2025/Lab4/install/wall_description:/home/shay/a/vanderg0/ece569-fall2025/Lab4/install/table_description:/home/shay/a/vanderg0/ece569-fall2025/Lab4/install/py_joint_pub:/home/shay/a/vanderg0/ece569-fall2025/Lab4/install/msee22_description:/opt/ros/humble', 'CONDA_PYTHON_EXE': '/home/shay/a/vanderg0/miniconda3/bin/python', 'ORIGINAL_XDG_CURRENT_DESKTOP': 'XFCE', 'SHELL': '/bin/bash', 'KRB5CCNAME': '/var/opt/thinlinc/sessions/vanderg0/60/krb5cc', 'MODULEPATH_ROOT': '/usr/modulefiles', 'MODULEPATH_LOCAL': '/etc/modulefiles', 'ROS_WS': '/home/shay/a/vanderg0/ece569-fall2025/Lab2/ws3/', 'NO_AT_BRIDGE': '1', 'CONDA_DEFAULT_ENV': 'base', 'LMOD_CMD': '/usr/share/lmod/lmod/libexec/lmod', '_ModuleTable_Sz_': '2', 'VSCODE_GIT_ASKPASS_EXTRA_ARGS': '', 'BASH_ENV': '/usr/share/lmod/lmod/init/bash', '_ModuleTable001_': 'X01vZHVsZVRhYmxlXz17WyJhY3RpdmVTaXplIl09MSxiYXNlTXBhdGhBPXsiL2V0Yy9sbW9kL21vZHVsZXMiLCIvdXNyL3NoYXJlL2xtb2QvbG1vZC9tb2R1bGVmaWxlcyIsIi9ldGMvbW9kdWxlZmlsZXMvcGtnIiwiL3BhY2thZ2UvbW9kdWxlZmlsZXMvZWNuL2NvbW1vbiIsIi9wYWNrYWdlL21vZHVsZWZpbGVzL2Vjbi91YnVudHUiLH0sWyJjX3JlYnVpbGRUaW1lIl09ZmFsc2UsWyJjX3Nob3J0VGltZSJdPWZhbHNlLGZhbWlseT17fSxpbmFjdGl2ZT17fSxtVD17cmlzY3Y9e1siRk4iXT0iL3BhY2thZ2UvbW9kdWxlZmlsZXMvZWNuL3VidW50dS9yaXNjdi9yaXNjdi5sdWEiLFsiZGVmYXVsdCJdPTEsWyJmdWxsTmFtZSJdPSJyaXNjdi9yaXNjdiIsWyJsb2FkT3JkZXIiXT0x', '_ModuleTable002_': 'LHByb3BUPXt9LFsic2hvcnQiXT0icmlzY3YiLFsic3RhdHVzIl09ImFjdGl2ZSIsfSx9LG1wYXRoQT17Ii9ldGMvbG1vZC9tb2R1bGVzIiwiL3Vzci9zaGFyZS9sbW9kL2xtb2QvbW9kdWxlZmlsZXMiLCIvZXRjL21vZHVsZWZpbGVzL3BrZyIsIi9wYWNrYWdlL21vZHVsZWZpbGVzL2Vjbi9jb21tb24iLCIvcGFja2FnZS9tb2R1bGVmaWxlcy9lY24vdWJ1bnR1Iix9LFsic3lzdGVtQmFzZU1QQVRIIl09Ii9ldGMvbG1vZC9tb2R1bGVzOi91c3Ivc2hhcmUvbG1vZC9sbW9kL21vZHVsZWZpbGVzOi9ldGMvbW9kdWxlZmlsZXMvcGtnOi9wYWNrYWdlL21vZHVsZWZpbGVzL2Vjbi9jb21tb246L3BhY2thZ2UvbW9kdWxlZmlsZXMvZWNuL3VidW50dSIsWyJ2ZXJzaW9uIl09Mix9', 'PWD': '/home/shay/a/vanderg0/ece569-fall2025/Lab4/build/py_joint_pub', 'TLSESSIONDATA': '/var/opt/thinlinc/sessions/vanderg0/60', 'LOADEDMODULES': 'riscv/riscv', 'XDG_CONFIG_DIRS': '/etc/xdg/xdg-xfce:/etc/xdg', 'CONDA_EXE': '/home/shay/a/vanderg0/miniconda3/bin/conda', 'TOWN': 'Springfield', 'XDG_DATA_DIRS': '/usr/share/xfce:/usr/share/gnome:/usr/local/share:/usr/share:/var/lib/snapd/desktop:/usr/share', 'PYTHONPATH': '/home/shay/a/vanderg0/ece569-fall2025/Lab4/build/py_joint_pub/prefix_override:/usr/lib/python3/dist-packages/colcon_core/task/python/colcon_distutils_commands:/home/shay/a/vanderg0/ece569-fall2025/Lab4/install/py_joint_pub/lib/python3.10/site-packages:/home/shay/a/vanderg0/ece569-fall2025/Lab4/build/wall_description:/home/shay/a/vanderg0/ece569-fall2025/Lab4/install/wall_description/lib/python3.10/site-packages:/home/shay/a/vanderg0/ece569-fall2025/Lab4/build/table_description:/home/shay/a/vanderg0/ece569-fall2025/Lab4/install/table_description/lib/python3.10/site-packages:/home/shay/a/vanderg0/ece569-fall2025/Lab4/build/py_joint_pub:/home/shay/a/vanderg0/ece569-fall2025/Lab4/install/py_joint_pub/lib/python3.10/site-packages:/home/shay/a/vanderg0/ece569-fall2025/Lab4/build/msee22_description:/home/shay/a/vanderg0/ece569-fall2025/Lab4/install/msee22_description/lib/python3.10/site-packages:/home/username/vpy/lib/python3.11/site-packages:/opt/ros/humble/lib/python3.10/site-packages:/opt/ros/humble/local/lib/python3.10/dist-packages', 'LMOD_arch': 'x86_64', 'CONDA_PREFIX': '/home/shay/a/vanderg0/miniconda3', 'COLCON': '1', 'MANPATH': '/usr/share/lmod/lmod/share/man:::/opt/thinlinc/share/man', 'MODULEPATH': '/etc/lmod/modules:/usr/share/lmod/lmod/modulefiles:/etc/modulefiles/pkg:/package/modulefiles/ecn/common:/package/modulefiles/ecn/ubuntu', 'MODULESHOME': '/usr/share/lmod/lmod', 'LMOD_SETTARG_CMD': ':'}, 'shell': False}
[5.180509] (-) TimerEvent: {}
[5.180636] (msee22_description) Command: {'cmd': ['/usr/bin/python3', '-W', 'ignore:setup.py install is deprecated', '-W', 'ignore:easy_install command is deprecated', 'setup.py', 'develop', '--editable', '--build-directory', '/home/shay/a/vanderg0/ece569-fall2025/Lab4/build/msee22_description/build', '--no-deps', 'symlink_data'], 'cwd': '/home/shay/a/vanderg0/ece569-fall2025/Lab4/build/msee22_description', 'env': {'MODULEPATH_PACKAGE': '/package/modulefiles/ecn', 'LMOD_DIR': '/usr/share/lmod/lmod/libexec', 'CONDA_PROMPT_MODIFIER': '(base)', 'MAIL': '/var/spool/mail/vanderg0', 'USER': 'vanderg0', 'LMOD_PACKAGE_PATH': '/etc/lmod', 'LMOD_COLORIZE': 'yes', 'SSH_AGENT_PID': '714312', 'XDG_SESSION_TYPE': 'x11', 'GIT_ASKPASS': '/usr/share/code/resources/app/extensions/git/dist/askpass.sh', 'LMOD_PKG': '/usr/share/lmod/lmod', 'TLPROFILE': 'xfce', 'SHLVL': '1', 'LD_LIBRARY_PATH': '/opt/ros/humble/opt/rviz_ogre_vendor/lib:/opt/ros/humble/lib/x86_64-linux-gnu:/opt/ros/humble/lib:/package/riscv-gnu-toolchain/lib:/opt/thinlinc/lib64:/opt/thinlinc/lib', 'HOME': '/home/shay/a/vanderg0', 'CHROME_DESKTOP': 'code.desktop', 'CONDA_SHLVL': '1', 'OLDPWD': '/home/shay/a/vanderg0/ece569-fall2025', 'TERM_PROGRAM_VERSION': '1.105.1', 'DESKTOP_SESSION': 'xfce', 'PANEL_GDK_CORE_DEVICE_EVENTS': '0', 'ROS_PYTHON_VERSION': '3', 'VSCODE_GIT_ASKPASS_MAIN': '/usr/share/code/resources/app/extensions/git/dist/askpass-main.js', 'VSCODE_GIT_ASKPASS_NODE': '/usr/share/code/code', 'LC_CTYPE': 'C.UTF-8', 'PCSCTUN_SERVER': '127.0.0.1:5506', 'VSCODE_PYTHON_AUTOACTIVATE_GUARD': '1', '_LMFILES_': '/package/modulefiles/ecn/ubuntu/riscv/riscv.lua', 'DBUS_SESSION_BUS_ADDRESS': 'unix:path=/run/user/900709/bus', 'COLORTERM': 'truecolor', '_CE_M': '', 'LMOD_sys': 'Linux', 'COLCON_PREFIX_PATH': '/home/shay/a/vanderg0/ece569-fall2025/Lab4/install', 'LMOD_DEFAULT_MODULEPATH': '/etc/lmod/modules:/usr/share/lmod/lmod/modulefiles:/etc/modulefiles/pkg:/package/modulefiles/ecn/common:/package/modulefiles/ecn/ubuntu', 'ROS_DISTRO': 'humble', 'LOGNAME': 'vanderg0', 'LMOD_AVAIL_STYLE': 'system:<grouped>', 'LMOD_VERSION': '6.6', 'SUMO_HOME': '/usr/share/sumo', 'PULSE_SERVER': '127.0.0.1:5505', 'TLPREFIX': '/opt/thinlinc', '_': '/bin/colcon', 'ROS_VERSION': '2', 'XDG_SESSION_CLASS': 'user', 'USERNAME': 'vanderg0', 'TERM': 'xterm-256color', 'XDG_SESSION_ID': '10398', '_CE_CONDA': '', 'ROS_LOCALHOST_ONLY': '0', 'PATH': '/opt/ros/humble/bin:/package/riscv-gnu-toolchain/bin:/home/shay/a/vanderg0/miniconda3/bin:/home/shay/a/vanderg0/miniconda3/condabin:/usr/NX/bin:/usr/local/bin:/bin:/usr/bin:/usr/local/sbin:/usr/sbin:/sbin:/usr/opt/bin:/usr/site/ece/bin:/opt/thinlinc/bin:/snap/bin:/home/shay/a/vanderg0/.dotnet/tools:.:/opt/thinlinc/sbin:.', 'SESSION_MANAGER': 'local/eceprog1.ecn.purdue.edu:@/tmp/.ICE-unix/714189,unix/eceprog1.ecn.purdue.edu:/tmp/.ICE-unix/714189', 'PCSCTUN_COOKIE': '/var/opt/thinlinc/sessions/vanderg0/60/pcsctun-cookie', 'LMOD_PREPEND_BLOCK': 'normal', 'LMOD_FULL_SETTARG_SUPPORT': 'no', 'XDG_MENU_PREFIX': 'xfce-', 'XDG_RUNTIME_DIR': '/run/user/900709', 'GDK_BACKEND': 'x11', 'DISPLAY': ':60.0', 'LANG': 'en_US.UTF-8', 'XDG_CURRENT_DESKTOP': 'XFCE', 'DOTNET_BUNDLE_EXTRACT_BASE_DIR': '/home/shay/a/vanderg0/.cache/dotnet_bundle_extract', 'XDG_SESSION_DESKTOP': 'xfce', 'XAUTHORITY': '/var/opt/thinlinc/sessions/vanderg0/60/Xauthority', 'VSCODE_GIT_IPC_HANDLE': '/run/user/900709/vscode-git-8f0bb28d30.sock', 'TERM_PROGRAM': 'vscode', 'SSH_AUTH_SOCK': '/tmp/ssh-XXXXXXEXN7Ks/agent.714310', 'ROS_DOMAIN_ID': '51', 'PULSE_COOKIE': '/var/opt/thinlinc/sessions/vanderg0/60/pulse-cookie', 'AMENT_PREFIX_PATH': '/home/shay/a/vanderg0/ece569-fall2025/Lab4/install/wall_description:/home/shay/a/vanderg0/ece569-fall2025/Lab4/install/table_description:/home/shay/a/vanderg0/ece569-fall2025/Lab4/install/py_joint_pub:/home/shay/a/vanderg0/ece569-fall2025/Lab4/install/msee22_description:/opt/ros/humble', 'CONDA_PYTHON_EXE': '/home/shay/a/vanderg0/miniconda3/bin/python', 'ORIGINAL_XDG_CURRENT_DESKTOP': 'XFCE', 'SHELL': '/bin/bash', 'KRB5CCNAME': '/var/opt/thinlinc/sessions/vanderg0/60/krb5cc', 'MODULEPATH_ROOT': '/usr/modulefiles', 'MODULEPATH_LOCAL': '/etc/modulefiles', 'ROS_WS': '/home/shay/a/vanderg0/ece569-fall2025/Lab2/ws3/', 'NO_AT_BRIDGE': '1', 'CONDA_DEFAULT_ENV': 'base', 'LMOD_CMD': '/usr/share/lmod/lmod/libexec/lmod', '_ModuleTable_Sz_': '2', 'VSCODE_GIT_ASKPASS_EXTRA_ARGS': '', 'BASH_ENV': '/usr/share/lmod/lmod/init/bash', '_ModuleTable001_': 'X01vZHVsZVRhYmxlXz17WyJhY3RpdmVTaXplIl09MSxiYXNlTXBhdGhBPXsiL2V0Yy9sbW9kL21vZHVsZXMiLCIvdXNyL3NoYXJlL2xtb2QvbG1vZC9tb2R1bGVmaWxlcyIsIi9ldGMvbW9kdWxlZmlsZXMvcGtnIiwiL3BhY2thZ2UvbW9kdWxlZmlsZXMvZWNuL2NvbW1vbiIsIi9wYWNrYWdlL21vZHVsZWZpbGVzL2Vjbi91YnVudHUiLH0sWyJjX3JlYnVpbGRUaW1lIl09ZmFsc2UsWyJjX3Nob3J0VGltZSJdPWZhbHNlLGZhbWlseT17fSxpbmFjdGl2ZT17fSxtVD17cmlzY3Y9e1siRk4iXT0iL3BhY2thZ2UvbW9kdWxlZmlsZXMvZWNuL3VidW50dS9yaXNjdi9yaXNjdi5sdWEiLFsiZGVmYXVsdCJdPTEsWyJmdWxsTmFtZSJdPSJyaXNjdi9yaXNjdiIsWyJsb2FkT3JkZXIiXT0x', '_ModuleTable002_': 'LHByb3BUPXt9LFsic2hvcnQiXT0icmlzY3YiLFsic3RhdHVzIl09ImFjdGl2ZSIsfSx9LG1wYXRoQT17Ii9ldGMvbG1vZC9tb2R1bGVzIiwiL3Vzci9zaGFyZS9sbW9kL2xtb2QvbW9kdWxlZmlsZXMiLCIvZXRjL21vZHVsZWZpbGVzL3BrZyIsIi9wYWNrYWdlL21vZHVsZWZpbGVzL2Vjbi9jb21tb24iLCIvcGFja2FnZS9tb2R1bGVmaWxlcy9lY24vdWJ1bnR1Iix9LFsic3lzdGVtQmFzZU1QQVRIIl09Ii9ldGMvbG1vZC9tb2R1bGVzOi91c3Ivc2hhcmUvbG1vZC9sbW9kL21vZHVsZWZpbGVzOi9ldGMvbW9kdWxlZmlsZXMvcGtnOi9wYWNrYWdlL21vZHVsZWZpbGVzL2Vjbi9jb21tb246L3BhY2thZ2UvbW9kdWxlZmlsZXMvZWNuL3VidW50dSIsWyJ2ZXJzaW9uIl09Mix9', 'PWD': '/home/shay/a/vanderg0/ece569-fall2025/Lab4/build/msee22_description', 'TLSESSIONDATA': '/var/opt/thinlinc/sessions/vanderg0/60', 'LOADEDMODULES': 'riscv/riscv', 'XDG_CONFIG_DIRS': '/etc/xdg/xdg-xfce:/etc/xdg', 'CONDA_EXE': '/home/shay/a/vanderg0/miniconda3/bin/conda', 'TOWN': 'Springfield', 'XDG_DATA_DIRS': '/usr/share/xfce:/usr/share/gnome:/usr/local/share:/usr/share:/var/lib/snapd/desktop:/usr/share', 'PYTHONPATH': '/home/shay/a/vanderg0/ece569-fall2025/Lab4/build/msee22_description/prefix_override:/usr/lib/python3/dist-packages/colcon_core/task/python/colcon_distutils_commands:/home/shay/a/vanderg0/ece569-fall2025/Lab4/install/msee22_description/lib/python3.10/site-packages:/home/shay/a/vanderg0/ece569-fall2025/Lab4/build/wall_description:/home/shay/a/vanderg0/ece569-fall2025/Lab4/install/wall_description/lib/python3.10/site-packages:/home/shay/a/vanderg0/ece569-fall2025/Lab4/build/table_description:/home/shay/a/vanderg0/ece569-fall2025/Lab4/install/table_description/lib/python3.10/site-packages:/home/shay/a/vanderg0/ece569-fall2025/Lab4/build/py_joint_pub:/home/shay/a/vanderg0/ece569-fall2025/Lab4/install/py_joint_pub/lib/python3.10/site-packages:/home/shay/a/vanderg0/ece569-fall2025/Lab4/build/msee22_description:/home/shay/a/vanderg0/ece569-fall2025/Lab4/install/msee22_description/lib/python3.10/site-packages:/home/username/vpy/lib/python3.11/site-packages:/opt/ros/humble/lib/python3.10/site-packages:/opt/ros/humble/local/lib/python3.10/dist-packages', 'LMOD_arch': 'x86_64', 'CONDA_PREFIX': '/home/shay/a/vanderg0/miniconda3', 'COLCON': '1', 'MANPATH': '/usr/share/lmod/lmod/share/man:::/opt/thinlinc/share/man', 'MODULEPATH': '/etc/lmod/modules:/usr/share/lmod/lmod/modulefiles:/etc/modulefiles/pkg:/package/modulefiles/ecn/common:/package/modulefiles/ecn/ubuntu', 'MODULESHOME': '/usr/share/lmod/lmod', 'LMOD_SETTARG_CMD': ':'}, 'shell': False}
[5.236415] (table_description) Command: {'cmd': ['/usr/bin/python3', '-W', 'ignore:setup.py install is deprecated', '-W', 'ignore:easy_install command is deprecated', 'setup.py', 'develop', '--editable', '--build-directory', '/home/shay/a/vanderg0/ece569-fall2025/Lab4/build/table_description/build', '--no-deps', 'symlink_data'], 'cwd': '/home/shay/a/vanderg0/ece569-fall2025/Lab4/build/table_description', 'env': {'MODULEPATH_PACKAGE': '/package/modulefiles/ecn', 'LMOD_DIR': '/usr/share/lmod/lmod/libexec', 'CONDA_PROMPT_MODIFIER': '(base)', 'MAIL': '/var/spool/mail/vanderg0', 'USER': 'vanderg0', 'LMOD_PACKAGE_PATH': '/etc/lmod', 'LMOD_COLORIZE': 'yes', 'SSH_AGENT_PID': '714312', 'XDG_SESSION_TYPE': 'x11', 'GIT_ASKPASS': '/usr/share/code/resources/app/extensions/git/dist/askpass.sh', 'LMOD_PKG': '/usr/share/lmod/lmod', 'TLPROFILE': 'xfce', 'SHLVL': '1', 'LD_LIBRARY_PATH': '/opt/ros/humble/opt/rviz_ogre_vendor/lib:/opt/ros/humble/lib/x86_64-linux-gnu:/opt/ros/humble/lib:/package/riscv-gnu-toolchain/lib:/opt/thinlinc/lib64:/opt/thinlinc/lib', 'HOME': '/home/shay/a/vanderg0', 'CHROME_DESKTOP': 'code.desktop', 'CONDA_SHLVL': '1', 'OLDPWD': '/home/shay/a/vanderg0/ece569-fall2025', 'TERM_PROGRAM_VERSION': '1.105.1', 'DESKTOP_SESSION': 'xfce', 'PANEL_GDK_CORE_DEVICE_EVENTS': '0', 'ROS_PYTHON_VERSION': '3', 'VSCODE_GIT_ASKPASS_MAIN': '/usr/share/code/resources/app/extensions/git/dist/askpass-main.js', 'VSCODE_GIT_ASKPASS_NODE': '/usr/share/code/code', 'LC_CTYPE': 'C.UTF-8', 'PCSCTUN_SERVER': '127.0.0.1:5506', 'VSCODE_PYTHON_AUTOACTIVATE_GUARD': '1', '_LMFILES_': '/package/modulefiles/ecn/ubuntu/riscv/riscv.lua', 'DBUS_SESSION_BUS_ADDRESS': 'unix:path=/run/user/900709/bus', 'COLORTERM': 'truecolor', '_CE_M': '', 'LMOD_sys': 'Linux', 'COLCON_PREFIX_PATH': '/home/shay/a/vanderg0/ece569-fall2025/Lab4/install', 'LMOD_DEFAULT_MODULEPATH': '/etc/lmod/modules:/usr/share/lmod/lmod/modulefiles:/etc/modulefiles/pkg:/package/modulefiles/ecn/common:/package/modulefiles/ecn/ubuntu', 'ROS_DISTRO': 'humble', 'LOGNAME': 'vanderg0', 'LMOD_AVAIL_STYLE': 'system:<grouped>', 'LMOD_VERSION': '6.6', 'SUMO_HOME': '/usr/share/sumo', 'PULSE_SERVER': '127.0.0.1:5505', 'TLPREFIX': '/opt/thinlinc', '_': '/bin/colcon', 'ROS_VERSION': '2', 'XDG_SESSION_CLASS': 'user', 'USERNAME': 'vanderg0', 'TERM': 'xterm-256color', 'XDG_SESSION_ID': '10398', '_CE_CONDA': '', 'ROS_LOCALHOST_ONLY': '0', 'PATH': '/opt/ros/humble/bin:/package/riscv-gnu-toolchain/bin:/home/shay/a/vanderg0/miniconda3/bin:/home/shay/a/vanderg0/miniconda3/condabin:/usr/NX/bin:/usr/local/bin:/bin:/usr/bin:/usr/local/sbin:/usr/sbin:/sbin:/usr/opt/bin:/usr/site/ece/bin:/opt/thinlinc/bin:/snap/bin:/home/shay/a/vanderg0/.dotnet/tools:.:/opt/thinlinc/sbin:.', 'SESSION_MANAGER': 'local/eceprog1.ecn.purdue.edu:@/tmp/.ICE-unix/714189,unix/eceprog1.ecn.purdue.edu:/tmp/.ICE-unix/714189', 'PCSCTUN_COOKIE': '/var/opt/thinlinc/sessions/vanderg0/60/pcsctun-cookie', 'LMOD_PREPEND_BLOCK': 'normal', 'LMOD_FULL_SETTARG_SUPPORT': 'no', 'XDG_MENU_PREFIX': 'xfce-', 'XDG_RUNTIME_DIR': '/run/user/900709', 'GDK_BACKEND': 'x11', 'DISPLAY': ':60.0', 'LANG': 'en_US.UTF-8', 'XDG_CURRENT_DESKTOP': 'XFCE', 'DOTNET_BUNDLE_EXTRACT_BASE_DIR': '/home/shay/a/vanderg0/.cache/dotnet_bundle_extract', 'XDG_SESSION_DESKTOP': 'xfce', 'XAUTHORITY': '/var/opt/thinlinc/sessions/vanderg0/60/Xauthority', 'VSCODE_GIT_IPC_HANDLE': '/run/user/900709/vscode-git-8f0bb28d30.sock', 'TERM_PROGRAM': 'vscode', 'SSH_AUTH_SOCK': '/tmp/ssh-XXXXXXEXN7Ks/agent.714310', 'ROS_DOMAIN_ID': '51', 'PULSE_COOKIE': '/var/opt/thinlinc/sessions/vanderg0/60/pulse-cookie', 'AMENT_PREFIX_PATH': '/home/shay/a/vanderg0/ece569-fall2025/Lab4/install/wall_description:/home/shay/a/vanderg0/ece569-fall2025/Lab4/install/table_description:/home/shay/a/vanderg0/ece569-fall2025/Lab4/install/py_joint_pub:/home/shay/a/vanderg0/ece569-fall2025/Lab4/install/msee22_description:/opt/ros/humble', 'CONDA_PYTHON_EXE': '/home/shay/a/vanderg0/miniconda3/bin/python', 'ORIGINAL_XDG_CURRENT_DESKTOP': 'XFCE', 'SHELL': '/bin/bash', 'KRB5CCNAME': '/var/opt/thinlinc/sessions/vanderg0/60/krb5cc', 'MODULEPATH_ROOT': '/usr/modulefiles', 'MODULEPATH_LOCAL': '/etc/modulefiles', 'ROS_WS': '/home/shay/a/vanderg0/ece569-fall2025/Lab2/ws3/', 'NO_AT_BRIDGE': '1', 'CONDA_DEFAULT_ENV': 'base', 'LMOD_CMD': '/usr/share/lmod/lmod/libexec/lmod', '_ModuleTable_Sz_': '2', 'VSCODE_GIT_ASKPASS_EXTRA_ARGS': '', 'BASH_ENV': '/usr/share/lmod/lmod/init/bash', '_ModuleTable001_': 'X01vZHVsZVRhYmxlXz17WyJhY3RpdmVTaXplIl09MSxiYXNlTXBhdGhBPXsiL2V0Yy9sbW9kL21vZHVsZXMiLCIvdXNyL3NoYXJlL2xtb2QvbG1vZC9tb2R1bGVmaWxlcyIsIi9ldGMvbW9kdWxlZmlsZXMvcGtnIiwiL3BhY2thZ2UvbW9kdWxlZmlsZXMvZWNuL2NvbW1vbiIsIi9wYWNrYWdlL21vZHVsZWZpbGVzL2Vjbi91YnVudHUiLH0sWyJjX3JlYnVpbGRUaW1lIl09ZmFsc2UsWyJjX3Nob3J0VGltZSJdPWZhbHNlLGZhbWlseT17fSxpbmFjdGl2ZT17fSxtVD17cmlzY3Y9e1siRk4iXT0iL3BhY2thZ2UvbW9kdWxlZmlsZXMvZWNuL3VidW50dS9yaXNjdi9yaXNjdi5sdWEiLFsiZGVmYXVsdCJdPTEsWyJmdWxsTmFtZSJdPSJyaXNjdi9yaXNjdiIsWyJsb2FkT3JkZXIiXT0x', '_ModuleTable002_': 'LHByb3BUPXt9LFsic2hvcnQiXT0icmlzY3YiLFsic3RhdHVzIl09ImFjdGl2ZSIsfSx9LG1wYXRoQT17Ii9ldGMvbG1vZC9tb2R1bGVzIiwiL3Vzci9zaGFyZS9sbW9kL2xtb2QvbW9kdWxlZmlsZXMiLCIvZXRjL21vZHVsZWZpbGVzL3BrZyIsIi9wYWNrYWdlL21vZHVsZWZpbGVzL2Vjbi9jb21tb24iLCIvcGFja2FnZS9tb2R1bGVmaWxlcy9lY24vdWJ1bnR1Iix9LFsic3lzdGVtQmFzZU1QQVRIIl09Ii9ldGMvbG1vZC9tb2R1bGVzOi91c3Ivc2hhcmUvbG1vZC9sbW9kL21vZHVsZWZpbGVzOi9ldGMvbW9kdWxlZmlsZXMvcGtnOi9wYWNrYWdlL21vZHVsZWZpbGVzL2Vjbi9jb21tb246L3BhY2thZ2UvbW9kdWxlZmlsZXMvZWNuL3VidW50dSIsWyJ2ZXJzaW9uIl09Mix9', 'PWD': '/home/shay/a/vanderg0/ece569-fall2025/Lab4/build/table_description', 'TLSESSIONDATA': '/var/opt/thinlinc/sessions/vanderg0/60', 'LOADEDMODULES': 'riscv/riscv', 'XDG_CONFIG_DIRS': '/etc/xdg/xdg-xfce:/etc/xdg', 'CONDA_EXE': '/home/shay/a/vanderg0/miniconda3/bin/conda', 'TOWN': 'Springfield', 'XDG_DATA_DIRS': '/usr/share/xfce:/usr/share/gnome:/usr/local/share:/usr/share:/var/lib/snapd/desktop:/usr/share', 'PYTHONPATH': '/home/shay/a/vanderg0/ece569-fall2025/Lab4/build/table_description/prefix_override:/usr/lib/python3/dist-packages/colcon_core/task/python/colcon_distutils_commands:/home/shay/a/vanderg0/ece569-fall2025/Lab4/install/table_description/lib/python3.10/site-packages:/home/shay/a/vanderg0/ece569-fall2025/Lab4/build/wall_description:/home/shay/a/vanderg0/ece569-fall2025/Lab4/install/wall_description/lib/python3.10/site-packages:/home/shay/a/vanderg0/ece569-fall2025/Lab4/build/table_description:/home/shay/a/vanderg0/ece569-fall2025/Lab4/install/table_description/lib/python3.10/site-packages:/home/shay/a/vanderg0/ece569-fall2025/Lab4/build/py_joint_pub:/home/shay/a/vanderg0/ece569-fall2025/Lab4/install/py_joint_pub/lib/python3.10/site-packages:/home/shay/a/vanderg0/ece569-fall2025/Lab4/build/msee22_description:/home/shay/a/vanderg0/ece569-fall2025/Lab4/install/msee22_description/lib/python3.10/site-packages:/home/username/vpy/lib/python3.11/site-packages:/opt/ros/humble/lib/python3.10/site-packages:/opt/ros/humble/local/lib/python3.10/dist-packages', 'LMOD_arch': 'x86_64', 'CONDA_PREFIX': '/home/shay/a/vanderg0/miniconda3', 'COLCON': '1', 'MANPATH': '/usr/share/lmod/lmod/share/man:::/opt/thinlinc/share/man', 'MODULEPATH': '/etc/lmod/modules:/usr/share/lmod/lmod/modulefiles:/etc/modulefiles/pkg:/package/modulefiles/ecn/common:/package/modulefiles/ecn/ubuntu', 'MODULESHOME': '/usr/share/lmod/lmod', 'LMOD_SETTARG_CMD': ':'}, 'shell': False}
[5.287852] (-) TimerEvent: {}
[5.287950] (wall_description) Command: {'cmd': ['/usr/bin/python3', '-W', 'ignore:setup.py install is deprecated', '-W', 'ignore:easy_install command is deprecated', 'setup.py', 'develop', '--editable', '--build-directory', '/home/shay/a/vanderg0/ece569-fall2025/Lab4/build/wall_description/build', '--no-deps', 'symlink_data'], 'cwd': '/home/shay/a/vanderg0/ece569-fall2025/Lab4/build/wall_description', 'env': {'MODULEPATH_PACKAGE': '/package/modulefiles/ecn', 'LMOD_DIR': '/usr/share/lmod/lmod/libexec', 'CONDA_PROMPT_MODIFIER': '(base)', 'MAIL': '/var/spool/mail/vanderg0', 'USER': 'vanderg0', 'LMOD_PACKAGE_PATH': '/etc/lmod', 'LMOD_COLORIZE': 'yes', 'SSH_AGENT_PID': '714312', 'XDG_SESSION_TYPE': 'x11', 'GIT_ASKPASS': '/usr/share/code/resources/app/extensions/git/dist/askpass.sh', 'LMOD_PKG': '/usr/share/lmod/lmod', 'TLPROFILE': 'xfce', 'SHLVL': '1', 'LD_LIBRARY_PATH': '/opt/ros/humble/opt/rviz_ogre_vendor/lib:/opt/ros/humble/lib/x86_64-linux-gnu:/opt/ros/humble/lib:/package/riscv-gnu-toolchain/lib:/opt/thinlinc/lib64:/opt/thinlinc/lib', 'HOME': '/home/shay/a/vanderg0', 'CHROME_DESKTOP': 'code.desktop', 'CONDA_SHLVL': '1', 'OLDPWD': '/home/shay/a/vanderg0/ece569-fall2025', 'TERM_PROGRAM_VERSION': '1.105.1', 'DESKTOP_SESSION': 'xfce', 'PANEL_GDK_CORE_DEVICE_EVENTS': '0', 'ROS_PYTHON_VERSION': '3', 'VSCODE_GIT_ASKPASS_MAIN': '/usr/share/code/resources/app/extensions/git/dist/askpass-main.js', 'VSCODE_GIT_ASKPASS_NODE': '/usr/share/code/code', 'LC_CTYPE': 'C.UTF-8', 'PCSCTUN_SERVER': '127.0.0.1:5506', 'VSCODE_PYTHON_AUTOACTIVATE_GUARD': '1', '_LMFILES_': '/package/modulefiles/ecn/ubuntu/riscv/riscv.lua', 'DBUS_SESSION_BUS_ADDRESS': 'unix:path=/run/user/900709/bus', 'COLORTERM': 'truecolor', '_CE_M': '', 'LMOD_sys': 'Linux', 'COLCON_PREFIX_PATH': '/home/shay/a/vanderg0/ece569-fall2025/Lab4/install', 'LMOD_DEFAULT_MODULEPATH': '/etc/lmod/modules:/usr/share/lmod/lmod/modulefiles:/etc/modulefiles/pkg:/package/modulefiles/ecn/common:/package/modulefiles/ecn/ubuntu', 'ROS_DISTRO': 'humble', 'LOGNAME': 'vanderg0', 'LMOD_AVAIL_STYLE': 'system:<grouped>', 'LMOD_VERSION': '6.6', 'SUMO_HOME': '/usr/share/sumo', 'PULSE_SERVER': '127.0.0.1:5505', 'TLPREFIX': '/opt/thinlinc', '_': '/bin/colcon', 'ROS_VERSION': '2', 'XDG_SESSION_CLASS': 'user', 'USERNAME': 'vanderg0', 'TERM': 'xterm-256color', 'XDG_SESSION_ID': '10398', '_CE_CONDA': '', 'ROS_LOCALHOST_ONLY': '0', 'PATH': '/opt/ros/humble/bin:/package/riscv-gnu-toolchain/bin:/home/shay/a/vanderg0/miniconda3/bin:/home/shay/a/vanderg0/miniconda3/condabin:/usr/NX/bin:/usr/local/bin:/bin:/usr/bin:/usr/local/sbin:/usr/sbin:/sbin:/usr/opt/bin:/usr/site/ece/bin:/opt/thinlinc/bin:/snap/bin:/home/shay/a/vanderg0/.dotnet/tools:.:/opt/thinlinc/sbin:.', 'SESSION_MANAGER': 'local/eceprog1.ecn.purdue.edu:@/tmp/.ICE-unix/714189,unix/eceprog1.ecn.purdue.edu:/tmp/.ICE-unix/714189', 'PCSCTUN_COOKIE': '/var/opt/thinlinc/sessions/vanderg0/60/pcsctun-cookie', 'LMOD_PREPEND_BLOCK': 'normal', 'LMOD_FULL_SETTARG_SUPPORT': 'no', 'XDG_MENU_PREFIX': 'xfce-', 'XDG_RUNTIME_DIR': '/run/user/900709', 'GDK_BACKEND': 'x11', 'DISPLAY': ':60.0', 'LANG': 'en_US.UTF-8', 'XDG_CURRENT_DESKTOP': 'XFCE', 'DOTNET_BUNDLE_EXTRACT_BASE_DIR': '/home/shay/a/vanderg0/.cache/dotnet_bundle_extract', 'XDG_SESSION_DESKTOP': 'xfce', 'XAUTHORITY': '/var/opt/thinlinc/sessions/vanderg0/60/Xauthority', 'VSCODE_GIT_IPC_HANDLE': '/run/user/900709/vscode-git-8f0bb28d30.sock', 'TERM_PROGRAM': 'vscode', 'SSH_AUTH_SOCK': '/tmp/ssh-XXXXXXEXN7Ks/agent.714310', 'ROS_DOMAIN_ID': '51', 'PULSE_COOKIE': '/var/opt/thinlinc/sessions/vanderg0/60/pulse-cookie', 'AMENT_PREFIX_PATH': '/home/shay/a/vanderg0/ece569-fall2025/Lab4/install/wall_description:/home/shay/a/vanderg0/ece569-fall2025/Lab4/install/table_description:/home/shay/a/vanderg0/ece569-fall2025/Lab4/install/py_joint_pub:/home/shay/a/vanderg0/ece569-fall2025/Lab4/install/msee22_description:/opt/ros/humble', 'CONDA_PYTHON_EXE': '/home/shay/a/vanderg0/miniconda3/bin/python', 'ORIGINAL_XDG_CURRENT_DESKTOP': 'XFCE', 'SHELL': '/bin/bash', 'KRB5CCNAME': '/var/opt/thinlinc/sessions/vanderg0/60/krb5cc', 'MODULEPATH_ROOT': '/usr/modulefiles', 'MODULEPATH_LOCAL': '/etc/modulefiles', 'ROS_WS': '/home/shay/a/vanderg0/ece569-fall2025/Lab2/ws3/', 'NO_AT_BRIDGE': '1', 'CONDA_DEFAULT_ENV': 'base', 'LMOD_CMD': '/usr/share/lmod/lmod/libexec/lmod', '_ModuleTable_Sz_': '2', 'VSCODE_GIT_ASKPASS_EXTRA_ARGS': '', 'BASH_ENV': '/usr/share/lmod/lmod/init/bash', '_ModuleTable001_': 'X01vZHVsZVRhYmxlXz17WyJhY3RpdmVTaXplIl09MSxiYXNlTXBhdGhBPXsiL2V0Yy9sbW9kL21vZHVsZXMiLCIvdXNyL3NoYXJlL2xtb2QvbG1vZC9tb2R1bGVmaWxlcyIsIi9ldGMvbW9kdWxlZmlsZXMvcGtnIiwiL3BhY2thZ2UvbW9kdWxlZmlsZXMvZWNuL2NvbW1vbiIsIi9wYWNrYWdlL21vZHVsZWZpbGVzL2Vjbi91YnVudHUiLH0sWyJjX3JlYnVpbGRUaW1lIl09ZmFsc2UsWyJjX3Nob3J0VGltZSJdPWZhbHNlLGZhbWlseT17fSxpbmFjdGl2ZT17fSxtVD17cmlzY3Y9e1siRk4iXT0iL3BhY2thZ2UvbW9kdWxlZmlsZXMvZWNuL3VidW50dS9yaXNjdi9yaXNjdi5sdWEiLFsiZGVmYXVsdCJdPTEsWyJmdWxsTmFtZSJdPSJyaXNjdi9yaXNjdiIsWyJsb2FkT3JkZXIiXT0x', '_ModuleTable002_': 'LHByb3BUPXt9LFsic2hvcnQiXT0icmlzY3YiLFsic3RhdHVzIl09ImFjdGl2ZSIsfSx9LG1wYXRoQT17Ii9ldGMvbG1vZC9tb2R1bGVzIiwiL3Vzci9zaGFyZS9sbW9kL2xtb2QvbW9kdWxlZmlsZXMiLCIvZXRjL21vZHVsZWZpbGVzL3BrZyIsIi9wYWNrYWdlL21vZHVsZWZpbGVzL2Vjbi9jb21tb24iLCIvcGFja2FnZS9tb2R1bGVmaWxlcy9lY24vdWJ1bnR1Iix9LFsic3lzdGVtQmFzZU1QQVRIIl09Ii9ldGMvbG1vZC9tb2R1bGVzOi91c3Ivc2hhcmUvbG1vZC9sbW9kL21vZHVsZWZpbGVzOi9ldGMvbW9kdWxlZmlsZXMvcGtnOi9wYWNrYWdlL21vZHVsZWZpbGVzL2Vjbi9jb21tb246L3BhY2thZ2UvbW9kdWxlZmlsZXMvZWNuL3VidW50dSIsWyJ2ZXJzaW9uIl09Mix9', 'PWD': '/home/shay/a/vanderg0/ece569-fall2025/Lab4/build/wall_description', 'TLSESSIONDATA': '/var/opt/thinlinc/sessions/vanderg0/60', 'LOADEDMODULES': 'riscv/riscv', 'XDG_CONFIG_DIRS': '/etc/xdg/xdg-xfce:/etc/xdg', 'CONDA_EXE': '/home/shay/a/vanderg0/miniconda3/bin/conda', 'TOWN': 'Springfield', 'XDG_DATA_DIRS': '/usr/share/xfce:/usr/share/gnome:/usr/local/share:/usr/share:/var/lib/snapd/desktop:/usr/share', 'PYTHONPATH': '/home/shay/a/vanderg0/ece569-fall2025/Lab4/build/wall_description/prefix_override:/usr/lib/python3/dist-packages/colcon_core/task/python/colcon_distutils_commands:/home/shay/a/vanderg0/ece569-fall2025/Lab4/install/wall_description/lib/python3.10/site-packages:/home/shay/a/vanderg0/ece569-fall2025/Lab4/build/wall_description:/home/shay/a/vanderg0/ece569-fall2025/Lab4/install/wall_description/lib/python3.10/site-packages:/home/shay/a/vanderg0/ece569-fall2025/Lab4/build/table_description:/home/shay/a/vanderg0/ece569-fall2025/Lab4/install/table_description/lib/python3.10/site-packages:/home/shay/a/vanderg0/ece569-fall2025/Lab4/build/py_joint_pub:/home/shay/a/vanderg0/ece569-fall2025/Lab4/install/py_joint_pub/lib/python3.10/site-packages:/home/shay/a/vanderg0/ece569-fall2025/Lab4/build/msee22_description:/home/shay/a/vanderg0/ece569-fall2025/Lab4/install/msee22_description/lib/python3.10/site-packages:/home/username/vpy/lib/python3.11/site-packages:/opt/ros/humble/lib/python3.10/site-packages:/opt/ros/humble/local/lib/python3.10/dist-packages', 'LMOD_arch': 'x86_64', 'CONDA_PREFIX': '/home/shay/a/vanderg0/miniconda3', 'COLCON': '1', 'MANPATH': '/usr/share/lmod/lmod/share/man:::/opt/thinlinc/share/man', 'MODULEPATH': '/etc/lmod/modules:/usr/share/lmod/lmod/modulefiles:/etc/modulefiles/pkg:/package/modulefiles/ecn/common:/package/modulefiles/ecn/ubuntu', 'MODULESHOME': '/usr/share/lmod/lmod', 'LMOD_SETTARG_CMD': ':'}, 'shell': False}
[5.387935] (-) TimerEvent: {}
[5.488128] (-) TimerEvent: {}
[5.588333] (-) TimerEvent: {}
[5.688556] (-) TimerEvent: {}
[5.788769] (-) TimerEvent: {}
[5.888957] (-) TimerEvent: {}
[5.989135] (-) TimerEvent: {}
[6.089324] (-) TimerEvent: {}
[6.189513] (-) TimerEvent: {}
[6.289730] (-) TimerEvent: {}
[6.382211] (msee22_description) StdoutLine: {'line': b'running develop\n'}
[6.389799] (-) TimerEvent: {}
[6.486161] (table_description) StdoutLine: {'line': b'running develop\n'}
[6.489872] (-) TimerEvent: {}
[6.563580] (py_joint_pub) StdoutLine: {'line': b'running develop\n'}
[6.589948] (-) TimerEvent: {}
[6.678373] (wall_description) StdoutLine: {'line': b'running develop\n'}
[6.690018] (-) TimerEvent: {}
[6.790205] (-) TimerEvent: {}
[6.890400] (-) TimerEvent: {}
[6.990598] (-) TimerEvent: {}
[7.090848] (-) TimerEvent: {}
[7.191090] (-) TimerEvent: {}
[7.291341] (-) TimerEvent: {}
[7.391538] (-) TimerEvent: {}
[7.486528] (msee22_description) StdoutLine: {'line': b'running egg_info\n'}
[7.487003] (msee22_description) StdoutLine: {'line': b'writing msee22_description.egg-info/PKG-INFO\n'}
[7.487998] (msee22_description) StdoutLine: {'line': b'writing dependency_links to msee22_description.egg-info/dependency_links.txt\n'}
[7.488682] (msee22_description) StdoutLine: {'line': b'writing entry points to msee22_description.egg-info/entry_points.txt\n'}
[7.489370] (msee22_description) StdoutLine: {'line': b'writing requirements to msee22_description.egg-info/requires.txt\n'}
[7.490095] (msee22_description) StdoutLine: {'line': b'writing top-level names to msee22_description.egg-info/top_level.txt\n'}
[7.491605] (-) TimerEvent: {}
[7.562855] (table_description) StdoutLine: {'line': b'running egg_info\n'}
[7.563203] (table_description) StdoutLine: {'line': b'writing table_description.egg-info/PKG-INFO\n'}
[7.564483] (table_description) StdoutLine: {'line': b'writing dependency_links to table_description.egg-info/dependency_links.txt\n'}
[7.565322] (table_description) StdoutLine: {'line': b'writing entry points to table_description.egg-info/entry_points.txt\n'}
[7.565433] (msee22_description) StdoutLine: {'line': b"reading manifest file 'msee22_description.egg-info/SOURCES.txt'\n"}
[7.566294] (table_description) StdoutLine: {'line': b'writing requirements to table_description.egg-info/requires.txt\n'}
[7.567122] (table_description) StdoutLine: {'line': b'writing top-level names to table_description.egg-info/top_level.txt\n'}
[7.567462] (msee22_description) StdoutLine: {'line': b"writing manifest file 'msee22_description.egg-info/SOURCES.txt'\n"}
[7.569470] (msee22_description) StdoutLine: {'line': b'running build_ext\n'}
[7.569635] (msee22_description) StdoutLine: {'line': b'Creating /home/shay/a/vanderg0/ece569-fall2025/Lab4/install/msee22_description/lib/python3.10/site-packages/msee22-description.egg-link (link to .)\n'}
[7.571568] (table_description) StdoutLine: {'line': b"reading manifest file 'table_description.egg-info/SOURCES.txt'\n"}
[7.572235] (msee22_description) StdoutLine: {'line': b'\n'}
[7.572323] (msee22_description) StdoutLine: {'line': b'Installed /home/shay/a/vanderg0/ece569-fall2025/Lab4/build/msee22_description\n'}
[7.572556] (msee22_description) StdoutLine: {'line': b'running symlink_data\n'}
[7.573338] (table_description) StdoutLine: {'line': b"writing manifest file 'table_description.egg-info/SOURCES.txt'\n"}
[7.574504] (py_joint_pub) StdoutLine: {'line': b'running egg_info\n'}
[7.574916] (py_joint_pub) StdoutLine: {'line': b'writing py_joint_pub.egg-info/PKG-INFO\n'}
[7.575296] (table_description) StdoutLine: {'line': b'running build_ext\n'}
[7.575498] (table_description) StdoutLine: {'line': b'Creating /home/shay/a/vanderg0/ece569-fall2025/Lab4/install/table_description/lib/python3.10/site-packages/table-description.egg-link (link to .)\n'}
[7.575823] (py_joint_pub) StdoutLine: {'line': b'writing dependency_links to py_joint_pub.egg-info/dependency_links.txt\n'}
[7.576525] (py_joint_pub) StdoutLine: {'line': b'writing entry points to py_joint_pub.egg-info/entry_points.txt\n'}
[7.577201] (py_joint_pub) StdoutLine: {'line': b'writing requirements to py_joint_pub.egg-info/requires.txt\n'}
[7.577921] (py_joint_pub) StdoutLine: {'line': b'writing top-level names to py_joint_pub.egg-info/top_level.txt\n'}
[7.578046] (table_description) StdoutLine: {'line': b'\n'}
[7.578113] (table_description) StdoutLine: {'line': b'Installed /home/shay/a/vanderg0/ece569-fall2025/Lab4/build/table_description\n'}
[7.578337] (table_description) StdoutLine: {'line': b'running symlink_data\n'}
[7.582321] (py_joint_pub) StdoutLine: {'line': b"reading manifest file 'py_joint_pub.egg-info/SOURCES.txt'\n"}
[7.583812] (py_joint_pub) StdoutLine: {'line': b"writing manifest file 'py_joint_pub.egg-info/SOURCES.txt'\n"}
[7.585642] (py_joint_pub) StdoutLine: {'line': b'running build_ext\n'}
[7.585815] (py_joint_pub) StdoutLine: {'line': b'Creating /home/shay/a/vanderg0/ece569-fall2025/Lab4/install/py_joint_pub/lib/python3.10/site-packages/py-joint-pub.egg-link (link to .)\n'}
[7.591676] (-) TimerEvent: {}
[7.665391] (py_joint_pub) StdoutLine: {'line': b'Installing csv script to /home/shay/a/vanderg0/ece569-fall2025/Lab4/install/py_joint_pub/lib/py_joint_pub\n'}
[7.667040] (py_joint_pub) StdoutLine: {'line': b'\n'}
[7.667133] (py_joint_pub) StdoutLine: {'line': b'Installed /home/shay/a/vanderg0/ece569-fall2025/Lab4/build/py_joint_pub\n'}
[7.667361] (py_joint_pub) StdoutLine: {'line': b'running symlink_data\n'}
[7.669562] (msee22_description) CommandEnded: {'returncode': 0}
[7.691751] (-) TimerEvent: {}
[7.765141] (msee22_description) JobEnded: {'identifier': 'msee22_description', 'rc': 0}
[7.768116] (table_description) CommandEnded: {'returncode': 0}
[7.768464] (wall_description) StdoutLine: {'line': b'running egg_info\n'}
[7.768643] (wall_description) StdoutLine: {'line': b'writing wall_description.egg-info/PKG-INFO\n'}
[7.768701] (wall_description) StdoutLine: {'line': b'writing dependency_links to wall_description.egg-info/dependency_links.txt\n'}
[7.769080] (wall_description) StdoutLine: {'line': b'writing entry points to wall_description.egg-info/entry_points.txt\n'}
[7.769730] (wall_description) StdoutLine: {'line': b'writing requirements to wall_description.egg-info/requires.txt\n'}
[7.770484] (wall_description) StdoutLine: {'line': b'writing top-level names to wall_description.egg-info/top_level.txt\n'}
[7.774640] (wall_description) StdoutLine: {'line': b"reading manifest file 'wall_description.egg-info/SOURCES.txt'\n"}
[7.776179] (wall_description) StdoutLine: {'line': b"writing manifest file 'wall_description.egg-info/SOURCES.txt'\n"}
[7.779260] (wall_description) StdoutLine: {'line': b'running build_ext\n'}
[7.779364] (wall_description) StdoutLine: {'line': b'Creating /home/shay/a/vanderg0/ece569-fall2025/Lab4/install/wall_description/lib/python3.10/site-packages/wall-description.egg-link (link to .)\n'}
[7.781827] (wall_description) StdoutLine: {'line': b'\n'}
[7.781905] (wall_description) StdoutLine: {'line': b'Installed /home/shay/a/vanderg0/ece569-fall2025/Lab4/build/wall_description\n'}
[7.782148] (wall_description) StdoutLine: {'line': b'running symlink_data\n'}
[7.787526] (table_description) JobEnded: {'identifier': 'table_description', 'rc': 0}
[7.790251] (py_joint_pub) CommandEnded: {'returncode': 0}
[7.791819] (-) TimerEvent: {}
[7.869947] (py_joint_pub) JobEnded: {'identifier': 'py_joint_pub', 'rc': 0}
[7.872572] (wall_description) CommandEnded: {'returncode': 0}
[7.891806] (wall_description) JobEnded: {'identifier': 'wall_description', 'rc': 0}
[7.894171] (-) TimerEvent: {}
[7.894231] (-) EventReactorShutdown: {}
