[0.184s] DEBUG:colcon:Command line arguments: ['/bin/colcon', 'build', '--symlink-install']
[0.184s] DEBUG:colcon:Parsed command line arguments: Namespace(log_base=None, log_level=None, verb_name='build', build_base='build', install_base='install', merge_install=False, symlink_install=True, test_result_base=None, continue_on_error=False, executor='parallel', parallel_workers=128, event_handlers=None, ignore_user_meta=False, metas=['./colcon.meta'], base_paths=['.'], packages_ignore=None, packages_ignore_regex=None, paths=None, packages_up_to=None, packages_up_to_regex=None, packages_above=None, packages_above_and_dependencies=None, packages_above_depth=None, packages_select_by_dep=None, packages_skip_by_dep=None, packages_skip_up_to=None, packages_select_build_failed=False, packages_skip_build_finished=False, packages_select_test_failures=False, packages_skip_test_passed=False, packages_select=None, packages_skip=None, packages_select_regex=None, packages_skip_regex=None, packages_start=None, packages_end=None, allow_overriding=[], cmake_args=None, cmake_target=None, cmake_target_skip_unavailable=False, cmake_clean_cache=False, cmake_clean_first=False, cmake_force_configure=False, ament_cmake_args=None, catkin_cmake_args=None, catkin_skip_building_tests=False, verb_parser=<colcon_defaults.argument_parser.defaults.DefaultArgumentsDecorator object at 0x7f6e7d415990>, verb_extension=<colcon_core.verb.build.BuildVerb object at 0x7f6e7d415540>, main=<bound method BuildVerb.main of <colcon_core.verb.build.BuildVerb object at 0x7f6e7d415540>>)
[0.434s] Level 1:colcon.colcon_core.package_discovery:discover_packages(colcon_meta) check parameters
[0.434s] Level 1:colcon.colcon_core.package_discovery:discover_packages(recursive) check parameters
[0.434s] Level 1:colcon.colcon_core.package_discovery:discover_packages(ignore) check parameters
[0.434s] Level 1:colcon.colcon_core.package_discovery:discover_packages(path) check parameters
[0.434s] Level 1:colcon.colcon_core.package_discovery:discover_packages(colcon_meta) discover
[0.434s] Level 1:colcon.colcon_core.package_discovery:discover_packages(recursive) discover
[0.434s] INFO:colcon.colcon_core.package_discovery:Crawling recursively for packages in '/home/shay/a/vanderg0/ece569-fall2025/Lab4'
[0.434s] Level 1:colcon.colcon_core.package_identification:_identify(.) by extensions ['ignore', 'ignore_ament_install']
[0.435s] Level 1:colcon.colcon_core.package_identification:_identify(.) by extension 'ignore'
[0.435s] Level 1:colcon.colcon_core.package_identification:_identify(.) by extension 'ignore_ament_install'
[0.435s] Level 1:colcon.colcon_core.package_identification:_identify(.) by extensions ['colcon_pkg']
[0.435s] Level 1:colcon.colcon_core.package_identification:_identify(.) by extension 'colcon_pkg'
[0.435s] Level 1:colcon.colcon_core.package_identification:_identify(.) by extensions ['colcon_meta']
[0.435s] Level 1:colcon.colcon_core.package_identification:_identify(.) by extension 'colcon_meta'
[0.435s] Level 1:colcon.colcon_core.package_identification:_identify(.) by extensions ['ros']
[0.435s] Level 1:colcon.colcon_core.package_identification:_identify(.) by extension 'ros'
[0.450s] Level 1:colcon.colcon_core.package_identification:_identify(.) by extensions ['cmake', 'python']
[0.451s] Level 1:colcon.colcon_core.package_identification:_identify(.) by extension 'cmake'
[0.451s] Level 1:colcon.colcon_core.package_identification:_identify(.) by extension 'python'
[0.451s] Level 1:colcon.colcon_core.package_identification:_identify(.) by extensions ['python_setup_py']
[0.451s] Level 1:colcon.colcon_core.package_identification:_identify(.) by extension 'python_setup_py'
[0.451s] Level 1:colcon.colcon_core.package_identification:_identify(MATLAB) by extensions ['ignore', 'ignore_ament_install']
[0.451s] Level 1:colcon.colcon_core.package_identification:_identify(MATLAB) by extension 'ignore'
[0.451s] Level 1:colcon.colcon_core.package_identification:_identify(MATLAB) by extension 'ignore_ament_install'
[0.451s] Level 1:colcon.colcon_core.package_identification:_identify(MATLAB) by extensions ['colcon_pkg']
[0.451s] Level 1:colcon.colcon_core.package_identification:_identify(MATLAB) by extension 'colcon_pkg'
[0.451s] Level 1:colcon.colcon_core.package_identification:_identify(MATLAB) by extensions ['colcon_meta']
[0.451s] Level 1:colcon.colcon_core.package_identification:_identify(MATLAB) by extension 'colcon_meta'
[0.451s] Level 1:colcon.colcon_core.package_identification:_identify(MATLAB) by extensions ['ros']
[0.451s] Level 1:colcon.colcon_core.package_identification:_identify(MATLAB) by extension 'ros'
[0.451s] Level 1:colcon.colcon_core.package_identification:_identify(MATLAB) by extensions ['cmake', 'python']
[0.451s] Level 1:colcon.colcon_core.package_identification:_identify(MATLAB) by extension 'cmake'
[0.451s] Level 1:colcon.colcon_core.package_identification:_identify(MATLAB) by extension 'python'
[0.451s] Level 1:colcon.colcon_core.package_identification:_identify(MATLAB) by extensions ['python_setup_py']
[0.451s] Level 1:colcon.colcon_core.package_identification:_identify(MATLAB) by extension 'python_setup_py'
[0.452s] Level 1:colcon.colcon_core.package_identification:_identify(MATLAB/functions) by extensions ['ignore', 'ignore_ament_install']
[0.452s] Level 1:colcon.colcon_core.package_identification:_identify(MATLAB/functions) by extension 'ignore'
[0.452s] Level 1:colcon.colcon_core.package_identification:_identify(MATLAB/functions) by extension 'ignore_ament_install'
[0.452s] Level 1:colcon.colcon_core.package_identification:_identify(MATLAB/functions) by extensions ['colcon_pkg']
[0.452s] Level 1:colcon.colcon_core.package_identification:_identify(MATLAB/functions) by extension 'colcon_pkg'
[0.452s] Level 1:colcon.colcon_core.package_identification:_identify(MATLAB/functions) by extensions ['colcon_meta']
[0.452s] Level 1:colcon.colcon_core.package_identification:_identify(MATLAB/functions) by extension 'colcon_meta'
[0.452s] Level 1:colcon.colcon_core.package_identification:_identify(MATLAB/functions) by extensions ['ros']
[0.452s] Level 1:colcon.colcon_core.package_identification:_identify(MATLAB/functions) by extension 'ros'
[0.452s] Level 1:colcon.colcon_core.package_identification:_identify(MATLAB/functions) by extensions ['cmake', 'python']
[0.452s] Level 1:colcon.colcon_core.package_identification:_identify(MATLAB/functions) by extension 'cmake'
[0.452s] Level 1:colcon.colcon_core.package_identification:_identify(MATLAB/functions) by extension 'python'
[0.452s] Level 1:colcon.colcon_core.package_identification:_identify(MATLAB/functions) by extensions ['python_setup_py']
[0.452s] Level 1:colcon.colcon_core.package_identification:_identify(MATLAB/functions) by extension 'python_setup_py'
[0.452s] Level 1:colcon.colcon_core.package_identification:_identify(MATLAB/tests) by extensions ['ignore', 'ignore_ament_install']
[0.453s] Level 1:colcon.colcon_core.package_identification:_identify(MATLAB/tests) by extension 'ignore'
[0.453s] Level 1:colcon.colcon_core.package_identification:_identify(MATLAB/tests) by extension 'ignore_ament_install'
[0.453s] Level 1:colcon.colcon_core.package_identification:_identify(MATLAB/tests) by extensions ['colcon_pkg']
[0.453s] Level 1:colcon.colcon_core.package_identification:_identify(MATLAB/tests) by extension 'colcon_pkg'
[0.453s] Level 1:colcon.colcon_core.package_identification:_identify(MATLAB/tests) by extensions ['colcon_meta']
[0.453s] Level 1:colcon.colcon_core.package_identification:_identify(MATLAB/tests) by extension 'colcon_meta'
[0.453s] Level 1:colcon.colcon_core.package_identification:_identify(MATLAB/tests) by extensions ['ros']
[0.453s] Level 1:colcon.colcon_core.package_identification:_identify(MATLAB/tests) by extension 'ros'
[0.453s] Level 1:colcon.colcon_core.package_identification:_identify(MATLAB/tests) by extensions ['cmake', 'python']
[0.453s] Level 1:colcon.colcon_core.package_identification:_identify(MATLAB/tests) by extension 'cmake'
[0.453s] Level 1:colcon.colcon_core.package_identification:_identify(MATLAB/tests) by extension 'python'
[0.453s] Level 1:colcon.colcon_core.package_identification:_identify(MATLAB/tests) by extensions ['python_setup_py']
[0.453s] Level 1:colcon.colcon_core.package_identification:_identify(MATLAB/tests) by extension 'python_setup_py'
[0.453s] Level 1:colcon.colcon_core.package_identification:_identify(Python) by extensions ['ignore', 'ignore_ament_install']
[0.453s] Level 1:colcon.colcon_core.package_identification:_identify(Python) by extension 'ignore'
[0.453s] Level 1:colcon.colcon_core.package_identification:_identify(Python) by extension 'ignore_ament_install'
[0.453s] Level 1:colcon.colcon_core.package_identification:_identify(Python) by extensions ['colcon_pkg']
[0.453s] Level 1:colcon.colcon_core.package_identification:_identify(Python) by extension 'colcon_pkg'
[0.453s] Level 1:colcon.colcon_core.package_identification:_identify(Python) by extensions ['colcon_meta']
[0.453s] Level 1:colcon.colcon_core.package_identification:_identify(Python) by extension 'colcon_meta'
[0.453s] Level 1:colcon.colcon_core.package_identification:_identify(Python) by extensions ['ros']
[0.453s] Level 1:colcon.colcon_core.package_identification:_identify(Python) by extension 'ros'
[0.454s] Level 1:colcon.colcon_core.package_identification:_identify(Python) by extensions ['cmake', 'python']
[0.454s] Level 1:colcon.colcon_core.package_identification:_identify(Python) by extension 'cmake'
[0.454s] Level 1:colcon.colcon_core.package_identification:_identify(Python) by extension 'python'
[0.454s] Level 1:colcon.colcon_core.package_identification:_identify(Python) by extensions ['python_setup_py']
[0.454s] Level 1:colcon.colcon_core.package_identification:_identify(Python) by extension 'python_setup_py'
[0.454s] Level 1:colcon.colcon_core.package_identification:_identify(build) by extensions ['ignore', 'ignore_ament_install']
[0.454s] Level 1:colcon.colcon_core.package_identification:_identify(build) by extension 'ignore'
[0.454s] Level 1:colcon.colcon_core.package_identification:_identify(build) ignored
[0.454s] Level 1:colcon.colcon_core.package_identification:_identify(install) by extensions ['ignore', 'ignore_ament_install']
[0.454s] Level 1:colcon.colcon_core.package_identification:_identify(install) by extension 'ignore'
[0.454s] Level 1:colcon.colcon_core.package_identification:_identify(install) ignored
[0.455s] Level 1:colcon.colcon_core.package_identification:_identify(log) by extensions ['ignore', 'ignore_ament_install']
[0.455s] Level 1:colcon.colcon_core.package_identification:_identify(log) by extension 'ignore'
[0.455s] Level 1:colcon.colcon_core.package_identification:_identify(log) ignored
[0.455s] Level 1:colcon.colcon_core.package_identification:_identify(ws4) by extensions ['ignore', 'ignore_ament_install']
[0.455s] Level 1:colcon.colcon_core.package_identification:_identify(ws4) by extension 'ignore'
[0.455s] Level 1:colcon.colcon_core.package_identification:_identify(ws4) by extension 'ignore_ament_install'
[0.455s] Level 1:colcon.colcon_core.package_identification:_identify(ws4) by extensions ['colcon_pkg']
[0.455s] Level 1:colcon.colcon_core.package_identification:_identify(ws4) by extension 'colcon_pkg'
[0.456s] Level 1:colcon.colcon_core.package_identification:_identify(ws4) by extensions ['colcon_meta']
[0.456s] Level 1:colcon.colcon_core.package_identification:_identify(ws4) by extension 'colcon_meta'
[0.456s] Level 1:colcon.colcon_core.package_identification:_identify(ws4) by extensions ['ros']
[0.456s] Level 1:colcon.colcon_core.package_identification:_identify(ws4) by extension 'ros'
[0.456s] Level 1:colcon.colcon_core.package_identification:_identify(ws4) by extensions ['cmake', 'python']
[0.456s] Level 1:colcon.colcon_core.package_identification:_identify(ws4) by extension 'cmake'
[0.456s] Level 1:colcon.colcon_core.package_identification:_identify(ws4) by extension 'python'
[0.456s] Level 1:colcon.colcon_core.package_identification:_identify(ws4) by extensions ['python_setup_py']
[0.456s] Level 1:colcon.colcon_core.package_identification:_identify(ws4) by extension 'python_setup_py'
[0.456s] Level 1:colcon.colcon_core.package_identification:_identify(ws4/src) by extensions ['ignore', 'ignore_ament_install']
[0.456s] Level 1:colcon.colcon_core.package_identification:_identify(ws4/src) by extension 'ignore'
[0.456s] Level 1:colcon.colcon_core.package_identification:_identify(ws4/src) by extension 'ignore_ament_install'
[0.456s] Level 1:colcon.colcon_core.package_identification:_identify(ws4/src) by extensions ['colcon_pkg']
[0.456s] Level 1:colcon.colcon_core.package_identification:_identify(ws4/src) by extension 'colcon_pkg'
[0.456s] Level 1:colcon.colcon_core.package_identification:_identify(ws4/src) by extensions ['colcon_meta']
[0.456s] Level 1:colcon.colcon_core.package_identification:_identify(ws4/src) by extension 'colcon_meta'
[0.456s] Level 1:colcon.colcon_core.package_identification:_identify(ws4/src) by extensions ['ros']
[0.456s] Level 1:colcon.colcon_core.package_identification:_identify(ws4/src) by extension 'ros'
[0.456s] Level 1:colcon.colcon_core.package_identification:_identify(ws4/src) by extensions ['cmake', 'python']
[0.456s] Level 1:colcon.colcon_core.package_identification:_identify(ws4/src) by extension 'cmake'
[0.456s] Level 1:colcon.colcon_core.package_identification:_identify(ws4/src) by extension 'python'
[0.457s] Level 1:colcon.colcon_core.package_identification:_identify(ws4/src) by extensions ['python_setup_py']
[0.457s] Level 1:colcon.colcon_core.package_identification:_identify(ws4/src) by extension 'python_setup_py'
[0.457s] Level 1:colcon.colcon_core.package_identification:_identify(ws4/src/msee22_description) by extensions ['ignore', 'ignore_ament_install']
[0.457s] Level 1:colcon.colcon_core.package_identification:_identify(ws4/src/msee22_description) by extension 'ignore'
[0.457s] Level 1:colcon.colcon_core.package_identification:_identify(ws4/src/msee22_description) by extension 'ignore_ament_install'
[0.457s] Level 1:colcon.colcon_core.package_identification:_identify(ws4/src/msee22_description) by extensions ['colcon_pkg']
[0.457s] Level 1:colcon.colcon_core.package_identification:_identify(ws4/src/msee22_description) by extension 'colcon_pkg'
[0.457s] Level 1:colcon.colcon_core.package_identification:_identify(ws4/src/msee22_description) by extensions ['colcon_meta']
[0.457s] Level 1:colcon.colcon_core.package_identification:_identify(ws4/src/msee22_description) by extension 'colcon_meta'
[0.457s] Level 1:colcon.colcon_core.package_identification:_identify(ws4/src/msee22_description) by extensions ['ros']
[0.457s] Level 1:colcon.colcon_core.package_identification:_identify(ws4/src/msee22_description) by extension 'ros'
[0.459s] DEBUG:colcon.colcon_core.package_identification:Package 'ws4/src/msee22_description' with type 'ros.ament_python' and name 'msee22_description'
[0.460s] Level 1:colcon.colcon_core.package_identification:_identify(ws4/src/py_joint_pub) by extensions ['ignore', 'ignore_ament_install']
[0.460s] Level 1:colcon.colcon_core.package_identification:_identify(ws4/src/py_joint_pub) by extension 'ignore'
[0.460s] Level 1:colcon.colcon_core.package_identification:_identify(ws4/src/py_joint_pub) by extension 'ignore_ament_install'
[0.460s] Level 1:colcon.colcon_core.package_identification:_identify(ws4/src/py_joint_pub) by extensions ['colcon_pkg']
[0.460s] Level 1:colcon.colcon_core.package_identification:_identify(ws4/src/py_joint_pub) by extension 'colcon_pkg'
[0.460s] Level 1:colcon.colcon_core.package_identification:_identify(ws4/src/py_joint_pub) by extensions ['colcon_meta']
[0.460s] Level 1:colcon.colcon_core.package_identification:_identify(ws4/src/py_joint_pub) by extension 'colcon_meta'
[0.460s] Level 1:colcon.colcon_core.package_identification:_identify(ws4/src/py_joint_pub) by extensions ['ros']
[0.460s] Level 1:colcon.colcon_core.package_identification:_identify(ws4/src/py_joint_pub) by extension 'ros'
[0.461s] DEBUG:colcon.colcon_core.package_identification:Package 'ws4/src/py_joint_pub' with type 'ros.ament_python' and name 'py_joint_pub'
[0.461s] Level 1:colcon.colcon_core.package_identification:_identify(ws4/src/table_description) by extensions ['ignore', 'ignore_ament_install']
[0.461s] Level 1:colcon.colcon_core.package_identification:_identify(ws4/src/table_description) by extension 'ignore'
[0.461s] Level 1:colcon.colcon_core.package_identification:_identify(ws4/src/table_description) by extension 'ignore_ament_install'
[0.461s] Level 1:colcon.colcon_core.package_identification:_identify(ws4/src/table_description) by extensions ['colcon_pkg']
[0.461s] Level 1:colcon.colcon_core.package_identification:_identify(ws4/src/table_description) by extension 'colcon_pkg'
[0.461s] Level 1:colcon.colcon_core.package_identification:_identify(ws4/src/table_description) by extensions ['colcon_meta']
[0.461s] Level 1:colcon.colcon_core.package_identification:_identify(ws4/src/table_description) by extension 'colcon_meta'
[0.461s] Level 1:colcon.colcon_core.package_identification:_identify(ws4/src/table_description) by extensions ['ros']
[0.461s] Level 1:colcon.colcon_core.package_identification:_identify(ws4/src/table_description) by extension 'ros'
[0.462s] DEBUG:colcon.colcon_core.package_identification:Package 'ws4/src/table_description' with type 'ros.ament_python' and name 'table_description'
[0.462s] Level 1:colcon.colcon_core.package_identification:_identify(ws4/src/wall_description) by extensions ['ignore', 'ignore_ament_install']
[0.462s] Level 1:colcon.colcon_core.package_identification:_identify(ws4/src/wall_description) by extension 'ignore'
[0.462s] Level 1:colcon.colcon_core.package_identification:_identify(ws4/src/wall_description) by extension 'ignore_ament_install'
[0.462s] Level 1:colcon.colcon_core.package_identification:_identify(ws4/src/wall_description) by extensions ['colcon_pkg']
[0.462s] Level 1:colcon.colcon_core.package_identification:_identify(ws4/src/wall_description) by extension 'colcon_pkg'
[0.462s] Level 1:colcon.colcon_core.package_identification:_identify(ws4/src/wall_description) by extensions ['colcon_meta']
[0.462s] Level 1:colcon.colcon_core.package_identification:_identify(ws4/src/wall_description) by extension 'colcon_meta'
[0.462s] Level 1:colcon.colcon_core.package_identification:_identify(ws4/src/wall_description) by extensions ['ros']
[0.462s] Level 1:colcon.colcon_core.package_identification:_identify(ws4/src/wall_description) by extension 'ros'
[0.463s] DEBUG:colcon.colcon_core.package_identification:Package 'ws4/src/wall_description' with type 'ros.ament_python' and name 'wall_description'
[0.463s] Level 1:colcon.colcon_core.package_discovery:discover_packages(recursive) using defaults
[0.463s] Level 1:colcon.colcon_core.package_discovery:discover_packages(ignore) discover
[0.463s] Level 1:colcon.colcon_core.package_discovery:discover_packages(ignore) using defaults
[0.463s] Level 1:colcon.colcon_core.package_discovery:discover_packages(path) discover
[0.463s] Level 1:colcon.colcon_core.package_discovery:discover_packages(path) using defaults
[0.483s] Level 1:colcon.colcon_core.package_discovery:discover_packages(prefix_path) check parameters
[0.483s] Level 1:colcon.colcon_core.package_discovery:discover_packages(prefix_path) discover
[0.489s] DEBUG:colcon.colcon_installed_package_information.package_discovery:Found 4 installed packages in /home/shay/a/vanderg0/ece569-fall2025/Lab4/install
[0.491s] DEBUG:colcon.colcon_installed_package_information.package_discovery:Found 358 installed packages in /opt/ros/humble
[0.492s] Level 1:colcon.colcon_core.package_discovery:discover_packages(prefix_path) using defaults
[0.533s] Level 5:colcon.colcon_core.verb:set package 'msee22_description' build argument 'cmake_args' from command line to 'None'
[0.533s] Level 5:colcon.colcon_core.verb:set package 'msee22_description' build argument 'cmake_target' from command line to 'None'
[0.534s] Level 5:colcon.colcon_core.verb:set package 'msee22_description' build argument 'cmake_target_skip_unavailable' from command line to 'False'
[0.534s] Level 5:colcon.colcon_core.verb:set package 'msee22_description' build argument 'cmake_clean_cache' from command line to 'False'
[0.534s] Level 5:colcon.colcon_core.verb:set package 'msee22_description' build argument 'cmake_clean_first' from command line to 'False'
[0.534s] Level 5:colcon.colcon_core.verb:set package 'msee22_description' build argument 'cmake_force_configure' from command line to 'False'
[0.534s] Level 5:colcon.colcon_core.verb:set package 'msee22_description' build argument 'ament_cmake_args' from command line to 'None'
[0.534s] Level 5:colcon.colcon_core.verb:set package 'msee22_description' build argument 'catkin_cmake_args' from command line to 'None'
[0.534s] Level 5:colcon.colcon_core.verb:set package 'msee22_description' build argument 'catkin_skip_building_tests' from command line to 'False'
[0.534s] DEBUG:colcon.colcon_core.verb:Building package 'msee22_description' with the following arguments: {'ament_cmake_args': None, 'build_base': '/home/shay/a/vanderg0/ece569-fall2025/Lab4/build/msee22_description', 'catkin_cmake_args': None, 'catkin_skip_building_tests': False, 'cmake_args': None, 'cmake_clean_cache': False, 'cmake_clean_first': False, 'cmake_force_configure': False, 'cmake_target': None, 'cmake_target_skip_unavailable': False, 'install_base': '/home/shay/a/vanderg0/ece569-fall2025/Lab4/install/msee22_description', 'merge_install': False, 'path': '/home/shay/a/vanderg0/ece569-fall2025/Lab4/ws4/src/msee22_description', 'symlink_install': True, 'test_result_base': None}
[0.534s] Level 5:colcon.colcon_core.verb:set package 'py_joint_pub' build argument 'cmake_args' from command line to 'None'
[0.534s] Level 5:colcon.colcon_core.verb:set package 'py_joint_pub' build argument 'cmake_target' from command line to 'None'
[0.534s] Level 5:colcon.colcon_core.verb:set package 'py_joint_pub' build argument 'cmake_target_skip_unavailable' from command line to 'False'
[0.534s] Level 5:colcon.colcon_core.verb:set package 'py_joint_pub' build argument 'cmake_clean_cache' from command line to 'False'
[0.534s] Level 5:colcon.colcon_core.verb:set package 'py_joint_pub' build argument 'cmake_clean_first' from command line to 'False'
[0.534s] Level 5:colcon.colcon_core.verb:set package 'py_joint_pub' build argument 'cmake_force_configure' from command line to 'False'
[0.534s] Level 5:colcon.colcon_core.verb:set package 'py_joint_pub' build argument 'ament_cmake_args' from command line to 'None'
[0.534s] Level 5:colcon.colcon_core.verb:set package 'py_joint_pub' build argument 'catkin_cmake_args' from command line to 'None'
[0.534s] Level 5:colcon.colcon_core.verb:set package 'py_joint_pub' build argument 'catkin_skip_building_tests' from command line to 'False'
[0.534s] DEBUG:colcon.colcon_core.verb:Building package 'py_joint_pub' with the following arguments: {'ament_cmake_args': None, 'build_base': '/home/shay/a/vanderg0/ece569-fall2025/Lab4/build/py_joint_pub', 'catkin_cmake_args': None, 'catkin_skip_building_tests': False, 'cmake_args': None, 'cmake_clean_cache': False, 'cmake_clean_first': False, 'cmake_force_configure': False, 'cmake_target': None, 'cmake_target_skip_unavailable': False, 'install_base': '/home/shay/a/vanderg0/ece569-fall2025/Lab4/install/py_joint_pub', 'merge_install': False, 'path': '/home/shay/a/vanderg0/ece569-fall2025/Lab4/ws4/src/py_joint_pub', 'symlink_install': True, 'test_result_base': None}
[0.534s] Level 5:colcon.colcon_core.verb:set package 'table_description' build argument 'cmake_args' from command line to 'None'
[0.534s] Level 5:colcon.colcon_core.verb:set package 'table_description' build argument 'cmake_target' from command line to 'None'
[0.534s] Level 5:colcon.colcon_core.verb:set package 'table_description' build argument 'cmake_target_skip_unavailable' from command line to 'False'
[0.534s] Level 5:colcon.colcon_core.verb:set package 'table_description' build argument 'cmake_clean_cache' from command line to 'False'
[0.534s] Level 5:colcon.colcon_core.verb:set package 'table_description' build argument 'cmake_clean_first' from command line to 'False'
[0.535s] Level 5:colcon.colcon_core.verb:set package 'table_description' build argument 'cmake_force_configure' from command line to 'False'
[0.535s] Level 5:colcon.colcon_core.verb:set package 'table_description' build argument 'ament_cmake_args' from command line to 'None'
[0.535s] Level 5:colcon.colcon_core.verb:set package 'table_description' build argument 'catkin_cmake_args' from command line to 'None'
[0.535s] Level 5:colcon.colcon_core.verb:set package 'table_description' build argument 'catkin_skip_building_tests' from command line to 'False'
[0.535s] DEBUG:colcon.colcon_core.verb:Building package 'table_description' with the following arguments: {'ament_cmake_args': None, 'build_base': '/home/shay/a/vanderg0/ece569-fall2025/Lab4/build/table_description', 'catkin_cmake_args': None, 'catkin_skip_building_tests': False, 'cmake_args': None, 'cmake_clean_cache': False, 'cmake_clean_first': False, 'cmake_force_configure': False, 'cmake_target': None, 'cmake_target_skip_unavailable': False, 'install_base': '/home/shay/a/vanderg0/ece569-fall2025/Lab4/install/table_description', 'merge_install': False, 'path': '/home/shay/a/vanderg0/ece569-fall2025/Lab4/ws4/src/table_description', 'symlink_install': True, 'test_result_base': None}
[0.535s] Level 5:colcon.colcon_core.verb:set package 'wall_description' build argument 'cmake_args' from command line to 'None'
[0.535s] Level 5:colcon.colcon_core.verb:set package 'wall_description' build argument 'cmake_target' from command line to 'None'
[0.535s] Level 5:colcon.colcon_core.verb:set package 'wall_description' build argument 'cmake_target_skip_unavailable' from command line to 'False'
[0.535s] Level 5:colcon.colcon_core.verb:set package 'wall_description' build argument 'cmake_clean_cache' from command line to 'False'
[0.535s] Level 5:colcon.colcon_core.verb:set package 'wall_description' build argument 'cmake_clean_first' from command line to 'False'
[0.535s] Level 5:colcon.colcon_core.verb:set package 'wall_description' build argument 'cmake_force_configure' from command line to 'False'
[0.535s] Level 5:colcon.colcon_core.verb:set package 'wall_description' build argument 'ament_cmake_args' from command line to 'None'
[0.535s] Level 5:colcon.colcon_core.verb:set package 'wall_description' build argument 'catkin_cmake_args' from command line to 'None'
[0.535s] Level 5:colcon.colcon_core.verb:set package 'wall_description' build argument 'catkin_skip_building_tests' from command line to 'False'
[0.535s] DEBUG:colcon.colcon_core.verb:Building package 'wall_description' with the following arguments: {'ament_cmake_args': None, 'build_base': '/home/shay/a/vanderg0/ece569-fall2025/Lab4/build/wall_description', 'catkin_cmake_args': None, 'catkin_skip_building_tests': False, 'cmake_args': None, 'cmake_clean_cache': False, 'cmake_clean_first': False, 'cmake_force_configure': False, 'cmake_target': None, 'cmake_target_skip_unavailable': False, 'install_base': '/home/shay/a/vanderg0/ece569-fall2025/Lab4/install/wall_description', 'merge_install': False, 'path': '/home/shay/a/vanderg0/ece569-fall2025/Lab4/ws4/src/wall_description', 'symlink_install': True, 'test_result_base': None}
[0.535s] INFO:colcon.colcon_core.executor:Executing jobs using 'parallel' executor
[0.536s] DEBUG:colcon.colcon_parallel_executor.executor.parallel:run_until_complete
[0.536s] INFO:colcon.colcon_ros.task.ament_python.build:Building ROS package in '/home/shay/a/vanderg0/ece569-fall2025/Lab4/ws4/src/msee22_description' with build type 'ament_python'
[0.536s] Level 1:colcon.colcon_core.shell:create_environment_hook('msee22_description', 'ament_prefix_path')
[0.538s] INFO:colcon.colcon_core.plugin_system:Skipping extension 'colcon_core.shell.bat': Not used on non-Windows systems
[0.539s] INFO:colcon.colcon_core.shell:Creating environment hook '/home/shay/a/vanderg0/ece569-fall2025/Lab4/install/msee22_description/share/msee22_description/hook/ament_prefix_path.ps1'
[0.540s] INFO:colcon.colcon_core.shell:Creating environment descriptor '/home/shay/a/vanderg0/ece569-fall2025/Lab4/install/msee22_description/share/msee22_description/hook/ament_prefix_path.dsv'
[0.542s] INFO:colcon.colcon_core.shell:Creating environment hook '/home/shay/a/vanderg0/ece569-fall2025/Lab4/install/msee22_description/share/msee22_description/hook/ament_prefix_path.sh'
[0.543s] INFO:colcon.colcon_core.shell:Skip shell extension 'powershell' for command environment: Not usable outside of PowerShell
[0.543s] DEBUG:colcon.colcon_core.shell:Skip shell extension 'dsv' for command environment
[0.550s] INFO:colcon.colcon_ros.task.ament_python.build:Building ROS package in '/home/shay/a/vanderg0/ece569-fall2025/Lab4/ws4/src/py_joint_pub' with build type 'ament_python'
[0.550s] Level 1:colcon.colcon_core.shell:create_environment_hook('py_joint_pub', 'ament_prefix_path')
[0.550s] INFO:colcon.colcon_core.shell:Creating environment hook '/home/shay/a/vanderg0/ece569-fall2025/Lab4/install/py_joint_pub/share/py_joint_pub/hook/ament_prefix_path.ps1'
[0.552s] INFO:colcon.colcon_core.shell:Creating environment descriptor '/home/shay/a/vanderg0/ece569-fall2025/Lab4/install/py_joint_pub/share/py_joint_pub/hook/ament_prefix_path.dsv'
[0.553s] INFO:colcon.colcon_core.shell:Creating environment hook '/home/shay/a/vanderg0/ece569-fall2025/Lab4/install/py_joint_pub/share/py_joint_pub/hook/ament_prefix_path.sh'
[0.554s] INFO:colcon.colcon_core.shell:Skip shell extension 'powershell' for command environment: Not usable outside of PowerShell
[0.554s] DEBUG:colcon.colcon_core.shell:Skip shell extension 'dsv' for command environment
[0.561s] INFO:colcon.colcon_ros.task.ament_python.build:Building ROS package in '/home/shay/a/vanderg0/ece569-fall2025/Lab4/ws4/src/table_description' with build type 'ament_python'
[0.561s] Level 1:colcon.colcon_core.shell:create_environment_hook('table_description', 'ament_prefix_path')
[0.561s] INFO:colcon.colcon_core.shell:Creating environment hook '/home/shay/a/vanderg0/ece569-fall2025/Lab4/install/table_description/share/table_description/hook/ament_prefix_path.ps1'
[0.562s] INFO:colcon.colcon_core.shell:Creating environment descriptor '/home/shay/a/vanderg0/ece569-fall2025/Lab4/install/table_description/share/table_description/hook/ament_prefix_path.dsv'
[0.563s] INFO:colcon.colcon_core.shell:Creating environment hook '/home/shay/a/vanderg0/ece569-fall2025/Lab4/install/table_description/share/table_description/hook/ament_prefix_path.sh'
[0.565s] INFO:colcon.colcon_core.shell:Skip shell extension 'powershell' for command environment: Not usable outside of PowerShell
[0.565s] DEBUG:colcon.colcon_core.shell:Skip shell extension 'dsv' for command environment
[0.571s] INFO:colcon.colcon_ros.task.ament_python.build:Building ROS package in '/home/shay/a/vanderg0/ece569-fall2025/Lab4/ws4/src/wall_description' with build type 'ament_python'
[0.571s] Level 1:colcon.colcon_core.shell:create_environment_hook('wall_description', 'ament_prefix_path')
[0.571s] INFO:colcon.colcon_core.shell:Creating environment hook '/home/shay/a/vanderg0/ece569-fall2025/Lab4/install/wall_description/share/wall_description/hook/ament_prefix_path.ps1'
[0.573s] INFO:colcon.colcon_core.shell:Creating environment descriptor '/home/shay/a/vanderg0/ece569-fall2025/Lab4/install/wall_description/share/wall_description/hook/ament_prefix_path.dsv'
[0.574s] INFO:colcon.colcon_core.shell:Creating environment hook '/home/shay/a/vanderg0/ece569-fall2025/Lab4/install/wall_description/share/wall_description/hook/ament_prefix_path.sh'
[0.575s] INFO:colcon.colcon_core.shell:Skip shell extension 'powershell' for command environment: Not usable outside of PowerShell
[0.575s] DEBUG:colcon.colcon_core.shell:Skip shell extension 'dsv' for command environment
[1.514s] INFO:colcon.colcon_core.task.python.build:Building Python package in '/home/shay/a/vanderg0/ece569-fall2025/Lab4/ws4/src/msee22_description'
[1.514s] INFO:colcon.colcon_core.shell:Skip shell extension 'powershell' for command environment: Not usable outside of PowerShell
[1.514s] DEBUG:colcon.colcon_core.shell:Skip shell extension 'dsv' for command environment
[2.505s] INFO:colcon.colcon_core.task.python.build:Building Python package in '/home/shay/a/vanderg0/ece569-fall2025/Lab4/ws4/src/py_joint_pub'
[2.506s] INFO:colcon.colcon_core.shell:Skip shell extension 'powershell' for command environment: Not usable outside of PowerShell
[2.506s] DEBUG:colcon.colcon_core.shell:Skip shell extension 'dsv' for command environment
[3.150s] INFO:colcon.colcon_core.task.python.build:Building Python package in '/home/shay/a/vanderg0/ece569-fall2025/Lab4/ws4/src/table_description'
[3.151s] INFO:colcon.colcon_core.shell:Skip shell extension 'powershell' for command environment: Not usable outside of PowerShell
[3.151s] DEBUG:colcon.colcon_core.shell:Skip shell extension 'dsv' for command environment
[3.828s] INFO:colcon.colcon_core.task.python.build:Building Python package in '/home/shay/a/vanderg0/ece569-fall2025/Lab4/ws4/src/wall_description'
[3.828s] INFO:colcon.colcon_core.shell:Skip shell extension 'powershell' for command environment: Not usable outside of PowerShell
[3.828s] DEBUG:colcon.colcon_core.shell:Skip shell extension 'dsv' for command environment
[5.717s] DEBUG:colcon.colcon_core.event_handler.log_command:Invoking command in '/home/shay/a/vanderg0/ece569-fall2025/Lab4/build/py_joint_pub': CONDA_PROMPT_MODIFIER=(base) PYTHONPATH=/home/shay/a/vanderg0/ece569-fall2025/Lab4/build/py_joint_pub/prefix_override:/usr/lib/python3/dist-packages/colcon_core/task/python/colcon_distutils_commands:/home/shay/a/vanderg0/ece569-fall2025/Lab4/install/py_joint_pub/lib/python3.10/site-packages:${PYTHONPATH} /usr/bin/python3 -W ignore:setup.py install is deprecated -W ignore:easy_install command is deprecated setup.py develop --editable --build-directory /home/shay/a/vanderg0/ece569-fall2025/Lab4/build/py_joint_pub/build --no-deps symlink_data
[5.773s] DEBUG:colcon.colcon_core.event_handler.log_command:Invoking command in '/home/shay/a/vanderg0/ece569-fall2025/Lab4/build/msee22_description': CONDA_PROMPT_MODIFIER=(base) PYTHONPATH=/home/shay/a/vanderg0/ece569-fall2025/Lab4/build/msee22_description/prefix_override:/usr/lib/python3/dist-packages/colcon_core/task/python/colcon_distutils_commands:/home/shay/a/vanderg0/ece569-fall2025/Lab4/install/msee22_description/lib/python3.10/site-packages:${PYTHONPATH} /usr/bin/python3 -W ignore:setup.py install is deprecated -W ignore:easy_install command is deprecated setup.py develop --editable --build-directory /home/shay/a/vanderg0/ece569-fall2025/Lab4/build/msee22_description/build --no-deps symlink_data
[5.824s] DEBUG:colcon.colcon_core.event_handler.log_command:Invoking command in '/home/shay/a/vanderg0/ece569-fall2025/Lab4/build/table_description': CONDA_PROMPT_MODIFIER=(base) PYTHONPATH=/home/shay/a/vanderg0/ece569-fall2025/Lab4/build/table_description/prefix_override:/usr/lib/python3/dist-packages/colcon_core/task/python/colcon_distutils_commands:/home/shay/a/vanderg0/ece569-fall2025/Lab4/install/table_description/lib/python3.10/site-packages:${PYTHONPATH} /usr/bin/python3 -W ignore:setup.py install is deprecated -W ignore:easy_install command is deprecated setup.py develop --editable --build-directory /home/shay/a/vanderg0/ece569-fall2025/Lab4/build/table_description/build --no-deps symlink_data
[5.846s] DEBUG:colcon.colcon_core.event_handler.log_command:Invoking command in '/home/shay/a/vanderg0/ece569-fall2025/Lab4/build/wall_description': CONDA_PROMPT_MODIFIER=(base) PYTHONPATH=/home/shay/a/vanderg0/ece569-fall2025/Lab4/build/wall_description/prefix_override:/usr/lib/python3/dist-packages/colcon_core/task/python/colcon_distutils_commands:/home/shay/a/vanderg0/ece569-fall2025/Lab4/install/wall_description/lib/python3.10/site-packages:${PYTHONPATH} /usr/bin/python3 -W ignore:setup.py install is deprecated -W ignore:easy_install command is deprecated setup.py develop --editable --build-directory /home/shay/a/vanderg0/ece569-fall2025/Lab4/build/wall_description/build --no-deps symlink_data
[8.206s] Level 1:colcon.colcon_core.shell:create_environment_hook('msee22_description', 'pythonpath_develop')
[8.207s] INFO:colcon.colcon_core.shell:Creating environment hook '/home/shay/a/vanderg0/ece569-fall2025/Lab4/build/msee22_description/share/msee22_description/hook/pythonpath_develop.ps1'
[8.207s] DEBUG:colcon.colcon_core.event_handler.log_command:Invoked command in '/home/shay/a/vanderg0/ece569-fall2025/Lab4/build/msee22_description' returned '0': CONDA_PROMPT_MODIFIER=(base) PYTHONPATH=/home/shay/a/vanderg0/ece569-fall2025/Lab4/build/msee22_description/prefix_override:/usr/lib/python3/dist-packages/colcon_core/task/python/colcon_distutils_commands:/home/shay/a/vanderg0/ece569-fall2025/Lab4/install/msee22_description/lib/python3.10/site-packages:${PYTHONPATH} /usr/bin/python3 -W ignore:setup.py install is deprecated -W ignore:easy_install command is deprecated setup.py develop --editable --build-directory /home/shay/a/vanderg0/ece569-fall2025/Lab4/build/msee22_description/build --no-deps symlink_data
[8.208s] INFO:colcon.colcon_core.shell:Creating environment descriptor '/home/shay/a/vanderg0/ece569-fall2025/Lab4/build/msee22_description/share/msee22_description/hook/pythonpath_develop.dsv'
[8.210s] INFO:colcon.colcon_core.shell:Creating environment hook '/home/shay/a/vanderg0/ece569-fall2025/Lab4/build/msee22_description/share/msee22_description/hook/pythonpath_develop.sh'
[8.213s] Level 1:colcon.colcon_core.environment:checking '/home/shay/a/vanderg0/ece569-fall2025/Lab4/install/msee22_description' for CMake module files
[8.214s] Level 1:colcon.colcon_core.environment:checking '/home/shay/a/vanderg0/ece569-fall2025/Lab4/install/msee22_description' for CMake config files
[8.217s] Level 1:colcon.colcon_core.environment:checking '/home/shay/a/vanderg0/ece569-fall2025/Lab4/install/msee22_description/lib'
[8.217s] Level 1:colcon.colcon_core.environment:checking '/home/shay/a/vanderg0/ece569-fall2025/Lab4/install/msee22_description/bin'
[8.218s] Level 1:colcon.colcon_core.environment:checking '/home/shay/a/vanderg0/ece569-fall2025/Lab4/install/msee22_description/lib/pkgconfig/msee22_description.pc'
[8.218s] Level 1:colcon.colcon_core.environment:checking '/home/shay/a/vanderg0/ece569-fall2025/Lab4/install/msee22_description/lib/python3.10/site-packages'
[8.218s] Level 1:colcon.colcon_core.shell:create_environment_hook('msee22_description', 'pythonpath')
[8.218s] INFO:colcon.colcon_core.shell:Creating environment hook '/home/shay/a/vanderg0/ece569-fall2025/Lab4/install/msee22_description/share/msee22_description/hook/pythonpath.ps1'
[8.219s] INFO:colcon.colcon_core.shell:Creating environment descriptor '/home/shay/a/vanderg0/ece569-fall2025/Lab4/install/msee22_description/share/msee22_description/hook/pythonpath.dsv'
[8.220s] INFO:colcon.colcon_core.shell:Creating environment hook '/home/shay/a/vanderg0/ece569-fall2025/Lab4/install/msee22_description/share/msee22_description/hook/pythonpath.sh'
[8.222s] Level 1:colcon.colcon_core.environment:checking '/home/shay/a/vanderg0/ece569-fall2025/Lab4/install/msee22_description/bin'
[8.222s] Level 1:colcon.colcon_core.environment:create_environment_scripts_only(msee22_description)
[8.222s] INFO:colcon.colcon_core.shell:Creating package script '/home/shay/a/vanderg0/ece569-fall2025/Lab4/install/msee22_description/share/msee22_description/package.ps1'
[8.224s] INFO:colcon.colcon_core.shell:Creating package descriptor '/home/shay/a/vanderg0/ece569-fall2025/Lab4/install/msee22_description/share/msee22_description/package.dsv'
[8.225s] INFO:colcon.colcon_core.shell:Creating package script '/home/shay/a/vanderg0/ece569-fall2025/Lab4/install/msee22_description/share/msee22_description/package.sh'
[8.227s] INFO:colcon.colcon_core.shell:Creating package script '/home/shay/a/vanderg0/ece569-fall2025/Lab4/install/msee22_description/share/msee22_description/package.bash'
[8.228s] INFO:colcon.colcon_core.shell:Creating package script '/home/shay/a/vanderg0/ece569-fall2025/Lab4/install/msee22_description/share/msee22_description/package.zsh'
[8.301s] Level 1:colcon.colcon_core.environment:create_file_with_runtime_dependencies(/home/shay/a/vanderg0/ece569-fall2025/Lab4/install/msee22_description/share/colcon-core/packages/msee22_description)
[8.302s] Level 1:colcon.colcon_core.shell:create_environment_hook('table_description', 'pythonpath_develop')
[8.302s] INFO:colcon.colcon_core.shell:Creating environment hook '/home/shay/a/vanderg0/ece569-fall2025/Lab4/build/table_description/share/table_description/hook/pythonpath_develop.ps1'
[8.304s] INFO:colcon.colcon_core.shell:Creating environment descriptor '/home/shay/a/vanderg0/ece569-fall2025/Lab4/build/table_description/share/table_description/hook/pythonpath_develop.dsv'
[8.305s] DEBUG:colcon.colcon_core.event_handler.log_command:Invoked command in '/home/shay/a/vanderg0/ece569-fall2025/Lab4/build/table_description' returned '0': CONDA_PROMPT_MODIFIER=(base) PYTHONPATH=/home/shay/a/vanderg0/ece569-fall2025/Lab4/build/table_description/prefix_override:/usr/lib/python3/dist-packages/colcon_core/task/python/colcon_distutils_commands:/home/shay/a/vanderg0/ece569-fall2025/Lab4/install/table_description/lib/python3.10/site-packages:${PYTHONPATH} /usr/bin/python3 -W ignore:setup.py install is deprecated -W ignore:easy_install command is deprecated setup.py develop --editable --build-directory /home/shay/a/vanderg0/ece569-fall2025/Lab4/build/table_description/build --no-deps symlink_data
[8.306s] INFO:colcon.colcon_core.shell:Creating environment hook '/home/shay/a/vanderg0/ece569-fall2025/Lab4/build/table_description/share/table_description/hook/pythonpath_develop.sh'
[8.308s] Level 1:colcon.colcon_core.environment:checking '/home/shay/a/vanderg0/ece569-fall2025/Lab4/install/table_description' for CMake module files
[8.309s] Level 1:colcon.colcon_core.environment:checking '/home/shay/a/vanderg0/ece569-fall2025/Lab4/install/table_description' for CMake config files
[8.311s] Level 1:colcon.colcon_core.environment:checking '/home/shay/a/vanderg0/ece569-fall2025/Lab4/install/table_description/lib'
[8.311s] Level 1:colcon.colcon_core.environment:checking '/home/shay/a/vanderg0/ece569-fall2025/Lab4/install/table_description/bin'
[8.312s] Level 1:colcon.colcon_core.environment:checking '/home/shay/a/vanderg0/ece569-fall2025/Lab4/install/table_description/lib/pkgconfig/table_description.pc'
[8.312s] Level 1:colcon.colcon_core.environment:checking '/home/shay/a/vanderg0/ece569-fall2025/Lab4/install/table_description/lib/python3.10/site-packages'
[8.312s] Level 1:colcon.colcon_core.shell:create_environment_hook('table_description', 'pythonpath')
[8.312s] INFO:colcon.colcon_core.shell:Creating environment hook '/home/shay/a/vanderg0/ece569-fall2025/Lab4/install/table_description/share/table_description/hook/pythonpath.ps1'
[8.313s] INFO:colcon.colcon_core.shell:Creating environment descriptor '/home/shay/a/vanderg0/ece569-fall2025/Lab4/install/table_description/share/table_description/hook/pythonpath.dsv'
[8.315s] INFO:colcon.colcon_core.shell:Creating environment hook '/home/shay/a/vanderg0/ece569-fall2025/Lab4/install/table_description/share/table_description/hook/pythonpath.sh'
[8.317s] Level 1:colcon.colcon_core.environment:checking '/home/shay/a/vanderg0/ece569-fall2025/Lab4/install/table_description/bin'
[8.317s] Level 1:colcon.colcon_core.environment:create_environment_scripts_only(table_description)
[8.317s] INFO:colcon.colcon_core.shell:Creating package script '/home/shay/a/vanderg0/ece569-fall2025/Lab4/install/table_description/share/table_description/package.ps1'
[8.319s] INFO:colcon.colcon_core.shell:Creating package descriptor '/home/shay/a/vanderg0/ece569-fall2025/Lab4/install/table_description/share/table_description/package.dsv'
[8.320s] INFO:colcon.colcon_core.shell:Creating package script '/home/shay/a/vanderg0/ece569-fall2025/Lab4/install/table_description/share/table_description/package.sh'
[8.321s] INFO:colcon.colcon_core.shell:Creating package script '/home/shay/a/vanderg0/ece569-fall2025/Lab4/install/table_description/share/table_description/package.bash'
[8.322s] INFO:colcon.colcon_core.shell:Creating package script '/home/shay/a/vanderg0/ece569-fall2025/Lab4/install/table_description/share/table_description/package.zsh'
[8.323s] Level 1:colcon.colcon_core.environment:create_file_with_runtime_dependencies(/home/shay/a/vanderg0/ece569-fall2025/Lab4/install/table_description/share/colcon-core/packages/table_description)
[8.325s] Level 1:colcon.colcon_core.shell:create_environment_hook('py_joint_pub', 'pythonpath_develop')
[8.325s] INFO:colcon.colcon_core.shell:Creating environment hook '/home/shay/a/vanderg0/ece569-fall2025/Lab4/build/py_joint_pub/share/py_joint_pub/hook/pythonpath_develop.ps1'
[8.327s] INFO:colcon.colcon_core.shell:Creating environment descriptor '/home/shay/a/vanderg0/ece569-fall2025/Lab4/build/py_joint_pub/share/py_joint_pub/hook/pythonpath_develop.dsv'
[8.327s] DEBUG:colcon.colcon_core.event_handler.log_command:Invoked command in '/home/shay/a/vanderg0/ece569-fall2025/Lab4/build/py_joint_pub' returned '0': CONDA_PROMPT_MODIFIER=(base) PYTHONPATH=/home/shay/a/vanderg0/ece569-fall2025/Lab4/build/py_joint_pub/prefix_override:/usr/lib/python3/dist-packages/colcon_core/task/python/colcon_distutils_commands:/home/shay/a/vanderg0/ece569-fall2025/Lab4/install/py_joint_pub/lib/python3.10/site-packages:${PYTHONPATH} /usr/bin/python3 -W ignore:setup.py install is deprecated -W ignore:easy_install command is deprecated setup.py develop --editable --build-directory /home/shay/a/vanderg0/ece569-fall2025/Lab4/build/py_joint_pub/build --no-deps symlink_data
[8.328s] INFO:colcon.colcon_core.shell:Creating environment hook '/home/shay/a/vanderg0/ece569-fall2025/Lab4/build/py_joint_pub/share/py_joint_pub/hook/pythonpath_develop.sh'
[8.330s] Level 1:colcon.colcon_core.environment:checking '/home/shay/a/vanderg0/ece569-fall2025/Lab4/install/py_joint_pub' for CMake module files
[8.332s] Level 1:colcon.colcon_core.environment:checking '/home/shay/a/vanderg0/ece569-fall2025/Lab4/install/py_joint_pub' for CMake config files
[8.334s] Level 1:colcon.colcon_core.environment:checking '/home/shay/a/vanderg0/ece569-fall2025/Lab4/install/py_joint_pub/lib'
[8.334s] Level 1:colcon.colcon_core.environment:checking '/home/shay/a/vanderg0/ece569-fall2025/Lab4/install/py_joint_pub/bin'
[8.334s] Level 1:colcon.colcon_core.environment:checking '/home/shay/a/vanderg0/ece569-fall2025/Lab4/install/py_joint_pub/lib/pkgconfig/py_joint_pub.pc'
[8.334s] Level 1:colcon.colcon_core.environment:checking '/home/shay/a/vanderg0/ece569-fall2025/Lab4/install/py_joint_pub/lib/python3.10/site-packages'
[8.334s] Level 1:colcon.colcon_core.shell:create_environment_hook('py_joint_pub', 'pythonpath')
[8.335s] INFO:colcon.colcon_core.shell:Creating environment hook '/home/shay/a/vanderg0/ece569-fall2025/Lab4/install/py_joint_pub/share/py_joint_pub/hook/pythonpath.ps1'
[8.336s] INFO:colcon.colcon_core.shell:Creating environment descriptor '/home/shay/a/vanderg0/ece569-fall2025/Lab4/install/py_joint_pub/share/py_joint_pub/hook/pythonpath.dsv'
[8.337s] INFO:colcon.colcon_core.shell:Creating environment hook '/home/shay/a/vanderg0/ece569-fall2025/Lab4/install/py_joint_pub/share/py_joint_pub/hook/pythonpath.sh'
[8.339s] Level 1:colcon.colcon_core.environment:checking '/home/shay/a/vanderg0/ece569-fall2025/Lab4/install/py_joint_pub/bin'
[8.339s] Level 1:colcon.colcon_core.environment:create_environment_scripts_only(py_joint_pub)
[8.339s] INFO:colcon.colcon_core.shell:Creating package script '/home/shay/a/vanderg0/ece569-fall2025/Lab4/install/py_joint_pub/share/py_joint_pub/package.ps1'
[8.400s] INFO:colcon.colcon_core.shell:Creating package descriptor '/home/shay/a/vanderg0/ece569-fall2025/Lab4/install/py_joint_pub/share/py_joint_pub/package.dsv'
[8.402s] INFO:colcon.colcon_core.shell:Creating package script '/home/shay/a/vanderg0/ece569-fall2025/Lab4/install/py_joint_pub/share/py_joint_pub/package.sh'
[8.403s] INFO:colcon.colcon_core.shell:Creating package script '/home/shay/a/vanderg0/ece569-fall2025/Lab4/install/py_joint_pub/share/py_joint_pub/package.bash'
[8.404s] INFO:colcon.colcon_core.shell:Creating package script '/home/shay/a/vanderg0/ece569-fall2025/Lab4/install/py_joint_pub/share/py_joint_pub/package.zsh'
[8.405s] Level 1:colcon.colcon_core.environment:create_file_with_runtime_dependencies(/home/shay/a/vanderg0/ece569-fall2025/Lab4/install/py_joint_pub/share/colcon-core/packages/py_joint_pub)
[8.407s] Level 1:colcon.colcon_core.shell:create_environment_hook('wall_description', 'pythonpath_develop')
[8.407s] INFO:colcon.colcon_core.shell:Creating environment hook '/home/shay/a/vanderg0/ece569-fall2025/Lab4/build/wall_description/share/wall_description/hook/pythonpath_develop.ps1'
[8.409s] INFO:colcon.colcon_core.shell:Creating environment descriptor '/home/shay/a/vanderg0/ece569-fall2025/Lab4/build/wall_description/share/wall_description/hook/pythonpath_develop.dsv'
[8.409s] DEBUG:colcon.colcon_core.event_handler.log_command:Invoked command in '/home/shay/a/vanderg0/ece569-fall2025/Lab4/build/wall_description' returned '0': CONDA_PROMPT_MODIFIER=(base) PYTHONPATH=/home/shay/a/vanderg0/ece569-fall2025/Lab4/build/wall_description/prefix_override:/usr/lib/python3/dist-packages/colcon_core/task/python/colcon_distutils_commands:/home/shay/a/vanderg0/ece569-fall2025/Lab4/install/wall_description/lib/python3.10/site-packages:${PYTHONPATH} /usr/bin/python3 -W ignore:setup.py install is deprecated -W ignore:easy_install command is deprecated setup.py develop --editable --build-directory /home/shay/a/vanderg0/ece569-fall2025/Lab4/build/wall_description/build --no-deps symlink_data
[8.410s] INFO:colcon.colcon_core.shell:Creating environment hook '/home/shay/a/vanderg0/ece569-fall2025/Lab4/build/wall_description/share/wall_description/hook/pythonpath_develop.sh'
[8.412s] Level 1:colcon.colcon_core.environment:checking '/home/shay/a/vanderg0/ece569-fall2025/Lab4/install/wall_description' for CMake module files
[8.413s] Level 1:colcon.colcon_core.environment:checking '/home/shay/a/vanderg0/ece569-fall2025/Lab4/install/wall_description' for CMake config files
[8.416s] Level 1:colcon.colcon_core.environment:checking '/home/shay/a/vanderg0/ece569-fall2025/Lab4/install/wall_description/lib'
[8.416s] Level 1:colcon.colcon_core.environment:checking '/home/shay/a/vanderg0/ece569-fall2025/Lab4/install/wall_description/bin'
[8.416s] Level 1:colcon.colcon_core.environment:checking '/home/shay/a/vanderg0/ece569-fall2025/Lab4/install/wall_description/lib/pkgconfig/wall_description.pc'
[8.416s] Level 1:colcon.colcon_core.environment:checking '/home/shay/a/vanderg0/ece569-fall2025/Lab4/install/wall_description/lib/python3.10/site-packages'
[8.416s] Level 1:colcon.colcon_core.shell:create_environment_hook('wall_description', 'pythonpath')
[8.417s] INFO:colcon.colcon_core.shell:Creating environment hook '/home/shay/a/vanderg0/ece569-fall2025/Lab4/install/wall_description/share/wall_description/hook/pythonpath.ps1'
[8.418s] INFO:colcon.colcon_core.shell:Creating environment descriptor '/home/shay/a/vanderg0/ece569-fall2025/Lab4/install/wall_description/share/wall_description/hook/pythonpath.dsv'
[8.419s] INFO:colcon.colcon_core.shell:Creating environment hook '/home/shay/a/vanderg0/ece569-fall2025/Lab4/install/wall_description/share/wall_description/hook/pythonpath.sh'
[8.420s] Level 1:colcon.colcon_core.environment:checking '/home/shay/a/vanderg0/ece569-fall2025/Lab4/install/wall_description/bin'
[8.421s] Level 1:colcon.colcon_core.environment:create_environment_scripts_only(wall_description)
[8.421s] INFO:colcon.colcon_core.shell:Creating package script '/home/shay/a/vanderg0/ece569-fall2025/Lab4/install/wall_description/share/wall_description/package.ps1'
[8.422s] INFO:colcon.colcon_core.shell:Creating package descriptor '/home/shay/a/vanderg0/ece569-fall2025/Lab4/install/wall_description/share/wall_description/package.dsv'
[8.424s] INFO:colcon.colcon_core.shell:Creating package script '/home/shay/a/vanderg0/ece569-fall2025/Lab4/install/wall_description/share/wall_description/package.sh'
[8.425s] INFO:colcon.colcon_core.shell:Creating package script '/home/shay/a/vanderg0/ece569-fall2025/Lab4/install/wall_description/share/wall_description/package.bash'
[8.426s] INFO:colcon.colcon_core.shell:Creating package script '/home/shay/a/vanderg0/ece569-fall2025/Lab4/install/wall_description/share/wall_description/package.zsh'
[8.427s] Level 1:colcon.colcon_core.environment:create_file_with_runtime_dependencies(/home/shay/a/vanderg0/ece569-fall2025/Lab4/install/wall_description/share/colcon-core/packages/wall_description)
[8.428s] DEBUG:colcon.colcon_parallel_executor.executor.parallel:closing loop
[8.428s] DEBUG:colcon.colcon_parallel_executor.executor.parallel:loop closed
[8.429s] DEBUG:colcon.colcon_parallel_executor.executor.parallel:run_until_complete finished with '0'
[8.429s] DEBUG:colcon.colcon_core.event_reactor:joining thread
[8.437s] INFO:colcon.colcon_core.plugin_system:Skipping extension 'colcon_notification.desktop_notification.terminal_notifier': Not used on non-Darwin systems
[8.437s] INFO:colcon.colcon_core.plugin_system:Skipping extension 'colcon_notification.desktop_notification.win32': Not used on non-Windows systems
[8.437s] INFO:colcon.colcon_notification.desktop_notification:Sending desktop notification using 'notify2'
[8.503s] DEBUG:colcon.colcon_core.event_reactor:joined thread
[8.503s] INFO:colcon.colcon_core.shell:Creating prefix script '/home/shay/a/vanderg0/ece569-fall2025/Lab4/install/local_setup.ps1'
[8.505s] INFO:colcon.colcon_core.shell:Creating prefix util module '/home/shay/a/vanderg0/ece569-fall2025/Lab4/install/_local_setup_util_ps1.py'
[8.508s] INFO:colcon.colcon_core.shell:Creating prefix chain script '/home/shay/a/vanderg0/ece569-fall2025/Lab4/install/setup.ps1'
[8.511s] INFO:colcon.colcon_core.shell:Creating prefix script '/home/shay/a/vanderg0/ece569-fall2025/Lab4/install/local_setup.sh'
[8.513s] INFO:colcon.colcon_core.shell:Creating prefix util module '/home/shay/a/vanderg0/ece569-fall2025/Lab4/install/_local_setup_util_sh.py'
[8.514s] INFO:colcon.colcon_core.shell:Creating prefix chain script '/home/shay/a/vanderg0/ece569-fall2025/Lab4/install/setup.sh'
[8.517s] INFO:colcon.colcon_core.shell:Creating prefix script '/home/shay/a/vanderg0/ece569-fall2025/Lab4/install/local_setup.bash'
[8.519s] INFO:colcon.colcon_core.shell:Creating prefix chain script '/home/shay/a/vanderg0/ece569-fall2025/Lab4/install/setup.bash'
[8.522s] INFO:colcon.colcon_core.shell:Creating prefix script '/home/shay/a/vanderg0/ece569-fall2025/Lab4/install/local_setup.zsh'
[8.523s] INFO:colcon.colcon_core.shell:Creating prefix chain script '/home/shay/a/vanderg0/ece569-fall2025/Lab4/install/setup.zsh'
