running develop
running egg_info
creating msee22_description.egg-info
writing msee22_description.egg-info/PKG-INFO
writing dependency_links to msee22_description.egg-info/dependency_links.txt
writing entry points to msee22_description.egg-info/entry_points.txt
writing requirements to msee22_description.egg-info/requires.txt
writing top-level names to msee22_description.egg-info/top_level.txt
writing manifest file 'msee22_description.egg-info/SOURCES.txt'
reading manifest file 'msee22_description.egg-info/SOURCES.txt'
writing manifest file 'msee22_description.egg-info/SOURCES.txt'
running build_ext
Creating /home/shay/a/vanderg0/ece569-fall2025/Lab4/install/msee22_description/lib/python3.10/site-packages/msee22-description.egg-link (link to .)

Installed /home/shay/a/vanderg0/ece569-fall2025/Lab4/build/msee22_description
running symlink_data
creating /home/shay/a/vanderg0/ece569-fall2025/Lab4/install/msee22_description/share/ament_index
creating /home/shay/a/vanderg0/ece569-fall2025/Lab4/install/msee22_description/share/ament_index/resource_index
creating /home/shay/a/vanderg0/ece569-fall2025/Lab4/install/msee22_description/share/ament_index/resource_index/packages
symbolically linking /home/shay/a/vanderg0/ece569-fall2025/Lab4/build/msee22_description/resource/msee22_description -> /home/shay/a/vanderg0/ece569-fall2025/Lab4/install/msee22_description/share/ament_index/resource_index/packages
symbolically linking /home/shay/a/vanderg0/ece569-fall2025/Lab4/build/msee22_description/package.xml -> /home/shay/a/vanderg0/ece569-fall2025/Lab4/install/msee22_description/share/msee22_description
creating /home/shay/a/vanderg0/ece569-fall2025/Lab4/install/msee22_description/share/msee22_description/launch
symbolically linking /home/shay/a/vanderg0/ece569-fall2025/Lab4/build/msee22_description/launch/move_robot.launch.py -> /home/shay/a/vanderg0/ece569-fall2025/Lab4/install/msee22_description/share/msee22_description/launch
symbolically linking /home/shay/a/vanderg0/ece569-fall2025/Lab4/build/msee22_description/launch/view_room.launch.py -> /home/shay/a/vanderg0/ece569-fall2025/Lab4/install/msee22_description/share/msee22_description/launch
creating /home/shay/a/vanderg0/ece569-fall2025/Lab4/install/msee22_description/share/msee22_description/rviz
symbolically linking /home/shay/a/vanderg0/ece569-fall2025/Lab4/build/msee22_description/rviz/msee22.rviz -> /home/shay/a/vanderg0/ece569-fall2025/Lab4/install/msee22_description/share/msee22_description/rviz
creating /home/shay/a/vanderg0/ece569-fall2025/Lab4/install/msee22_description/share/msee22_description/urdf
symbolically linking /home/shay/a/vanderg0/ece569-fall2025/Lab4/build/msee22_description/urdf/inertials.xacro -> /home/shay/a/vanderg0/ece569-fall2025/Lab4/install/msee22_description/share/msee22_description/urdf
symbolically linking /home/shay/a/vanderg0/ece569-fall2025/Lab4/build/msee22_description/urdf/materials.xacro -> /home/shay/a/vanderg0/ece569-fall2025/Lab4/install/msee22_description/share/msee22_description/urdf
symbolically linking /home/shay/a/vanderg0/ece569-fall2025/Lab4/build/msee22_description/urdf/msee22.urdf.xacro -> /home/shay/a/vanderg0/ece569-fall2025/Lab4/install/msee22_description/share/msee22_description/urdf
