running develop
running egg_info
creating table_description.egg-info
writing table_description.egg-info/PKG-INFO
writing dependency_links to table_description.egg-info/dependency_links.txt
writing entry points to table_description.egg-info/entry_points.txt
writing requirements to table_description.egg-info/requires.txt
writing top-level names to table_description.egg-info/top_level.txt
writing manifest file 'table_description.egg-info/SOURCES.txt'
reading manifest file 'table_description.egg-info/SOURCES.txt'
writing manifest file 'table_description.egg-info/SOURCES.txt'
running build_ext
Creating /home/shay/a/vanderg0/ece569-fall2025/Lab4/install/table_description/lib/python3.10/site-packages/table-description.egg-link (link to .)

Installed /home/shay/a/vanderg0/ece569-fall2025/Lab4/build/table_description
running symlink_data
creating /home/shay/a/vanderg0/ece569-fall2025/Lab4/install/table_description/share/ament_index
creating /home/shay/a/vanderg0/ece569-fall2025/Lab4/install/table_description/share/ament_index/resource_index
creating /home/shay/a/vanderg0/ece569-fall2025/Lab4/install/table_description/share/ament_index/resource_index/packages
symbolically linking /home/shay/a/vanderg0/ece569-fall2025/Lab4/build/table_description/resource/table_description -> /home/shay/a/vanderg0/ece569-fall2025/Lab4/install/table_description/share/ament_index/resource_index/packages
symbolically linking /home/shay/a/vanderg0/ece569-fall2025/Lab4/build/table_description/package.xml -> /home/shay/a/vanderg0/ece569-fall2025/Lab4/install/table_description/share/table_description
creating /home/shay/a/vanderg0/ece569-fall2025/Lab4/install/table_description/share/table_description/launch
symbolically linking /home/shay/a/vanderg0/ece569-fall2025/Lab4/build/table_description/launch/view_table.launch.py -> /home/shay/a/vanderg0/ece569-fall2025/Lab4/install/table_description/share/table_description/launch
creating /home/shay/a/vanderg0/ece569-fall2025/Lab4/install/table_description/share/table_description/rviz
symbolically linking /home/shay/a/vanderg0/ece569-fall2025/Lab4/build/table_description/rviz/table.rviz -> /home/shay/a/vanderg0/ece569-fall2025/Lab4/install/table_description/share/table_description/rviz
creating /home/shay/a/vanderg0/ece569-fall2025/Lab4/install/table_description/share/table_description/urdf
symbolically linking /home/shay/a/vanderg0/ece569-fall2025/Lab4/build/table_description/urdf/inertials.xacro -> /home/shay/a/vanderg0/ece569-fall2025/Lab4/install/table_description/share/table_description/urdf
symbolically linking /home/shay/a/vanderg0/ece569-fall2025/Lab4/build/table_description/urdf/materials.xacro -> /home/shay/a/vanderg0/ece569-fall2025/Lab4/install/table_description/share/table_description/urdf
symbolically linking /home/shay/a/vanderg0/ece569-fall2025/Lab4/build/table_description/urdf/table.urdf.xacro -> /home/shay/a/vanderg0/ece569-fall2025/Lab4/install/table_description/share/table_description/urdf
symbolically linking /home/shay/a/vanderg0/ece569-fall2025/Lab4/build/table_description/urdf/table_macro.xacro -> /home/shay/a/vanderg0/ece569-fall2025/Lab4/install/table_description/share/table_description/urdf
