[6.587s] Invoking command in '/home/shay/a/vanderg0/ece569-fall2025/Lab4/build/table_description': CONDA_PROMPT_MODIFIER=(base) PYTHONPATH=/home/shay/a/vanderg0/ece569-fall2025/Lab4/build/table_description/prefix_override:/usr/lib/python3/dist-packages/colcon_core/task/python/colcon_distutils_commands:/home/shay/a/vanderg0/ece569-fall2025/Lab4/install/table_description/lib/python3.10/site-packages:${PYTHONPATH} /usr/bin/python3 -W ignore:setup.py install is deprecated -W ignore:easy_install command is deprecated setup.py develop --editable --build-directory /home/shay/a/vanderg0/ece569-fall2025/Lab4/build/table_description/build --no-deps symlink_data
[7.776s] running develop
[8.683s] running egg_info
[8.683s] creating table_description.egg-info
[8.697s] writing table_description.egg-info/PKG-INFO
[8.698s] writing dependency_links to table_description.egg-info/dependency_links.txt
[8.699s] writing entry points to table_description.egg-info/entry_points.txt
[8.772s] writing requirements to table_description.egg-info/requires.txt
[8.772s] writing top-level names to table_description.egg-info/top_level.txt
[8.773s] writing manifest file 'table_description.egg-info/SOURCES.txt'
[8.777s] reading manifest file 'table_description.egg-info/SOURCES.txt'
[8.778s] writing manifest file 'table_description.egg-info/SOURCES.txt'
[8.780s] running build_ext
[8.780s] Creating /home/shay/a/vanderg0/ece569-fall2025/Lab4/install/table_description/lib/python3.10/site-packages/table-description.egg-link (link to .)
[8.785s] 
[8.785s] Installed /home/shay/a/vanderg0/ece569-fall2025/Lab4/build/table_description
[8.786s] running symlink_data
[8.786s] creating /home/shay/a/vanderg0/ece569-fall2025/Lab4/install/table_description/share/ament_index
[8.797s] creating /home/shay/a/vanderg0/ece569-fall2025/Lab4/install/table_description/share/ament_index/resource_index
[8.802s] creating /home/shay/a/vanderg0/ece569-fall2025/Lab4/install/table_description/share/ament_index/resource_index/packages
[8.806s] symbolically linking /home/shay/a/vanderg0/ece569-fall2025/Lab4/build/table_description/resource/table_description -> /home/shay/a/vanderg0/ece569-fall2025/Lab4/install/table_description/share/ament_index/resource_index/packages
[8.807s] symbolically linking /home/shay/a/vanderg0/ece569-fall2025/Lab4/build/table_description/package.xml -> /home/shay/a/vanderg0/ece569-fall2025/Lab4/install/table_description/share/table_description
[8.809s] creating /home/shay/a/vanderg0/ece569-fall2025/Lab4/install/table_description/share/table_description/launch
[8.873s] symbolically linking /home/shay/a/vanderg0/ece569-fall2025/Lab4/build/table_description/launch/view_table.launch.py -> /home/shay/a/vanderg0/ece569-fall2025/Lab4/install/table_description/share/table_description/launch
[8.873s] creating /home/shay/a/vanderg0/ece569-fall2025/Lab4/install/table_description/share/table_description/rviz
[8.876s] symbolically linking /home/shay/a/vanderg0/ece569-fall2025/Lab4/build/table_description/rviz/table.rviz -> /home/shay/a/vanderg0/ece569-fall2025/Lab4/install/table_description/share/table_description/rviz
[8.876s] creating /home/shay/a/vanderg0/ece569-fall2025/Lab4/install/table_description/share/table_description/urdf
[8.877s] symbolically linking /home/shay/a/vanderg0/ece569-fall2025/Lab4/build/table_description/urdf/inertials.xacro -> /home/shay/a/vanderg0/ece569-fall2025/Lab4/install/table_description/share/table_description/urdf
[8.879s] symbolically linking /home/shay/a/vanderg0/ece569-fall2025/Lab4/build/table_description/urdf/materials.xacro -> /home/shay/a/vanderg0/ece569-fall2025/Lab4/install/table_description/share/table_description/urdf
[8.880s] symbolically linking /home/shay/a/vanderg0/ece569-fall2025/Lab4/build/table_description/urdf/table.urdf.xacro -> /home/shay/a/vanderg0/ece569-fall2025/Lab4/install/table_description/share/table_description/urdf
[8.881s] symbolically linking /home/shay/a/vanderg0/ece569-fall2025/Lab4/build/table_description/urdf/table_macro.xacro -> /home/shay/a/vanderg0/ece569-fall2025/Lab4/install/table_description/share/table_description/urdf
[9.110s] Invoked command in '/home/shay/a/vanderg0/ece569-fall2025/Lab4/build/table_description' returned '0': CONDA_PROMPT_MODIFIER=(base) PYTHONPATH=/home/shay/a/vanderg0/ece569-fall2025/Lab4/build/table_description/prefix_override:/usr/lib/python3/dist-packages/colcon_core/task/python/colcon_distutils_commands:/home/shay/a/vanderg0/ece569-fall2025/Lab4/install/table_description/lib/python3.10/site-packages:${PYTHONPATH} /usr/bin/python3 -W ignore:setup.py install is deprecated -W ignore:easy_install command is deprecated setup.py develop --editable --build-directory /home/shay/a/vanderg0/ece569-fall2025/Lab4/build/table_description/build --no-deps symlink_data
