[0.000000] (-) TimerEvent: {}
[0.000231] (msee22_description) JobQueued: {'identifier': 'msee22_description', 'dependencies': OrderedDict()}
[0.000267] (py_joint_pub) JobQueued: {'identifier': 'py_joint_pub', 'dependencies': OrderedDict()}
[0.000287] (table_description) JobQueued: {'identifier': 'table_description', 'dependencies': OrderedDict()}
[0.000306] (wall_description) JobQueued: {'identifier': 'wall_description', 'dependencies': OrderedDict()}
[0.000323] (msee22_description) JobStarted: {'identifier': 'msee22_description'}
[0.026455] (py_joint_pub) JobStarted: {'identifier': 'py_joint_pub'}
[0.081885] (table_description) JobStarted: {'identifier': 'table_description'}
[0.098303] (-) TimerEvent: {}
[0.156681] (wall_description) JobStarted: {'identifier': 'wall_description'}
[0.198443] (-) TimerEvent: {}
[0.299130] (-) TimerEvent: {}
[0.399454] (-) TimerEvent: {}
[0.499782] (-) TimerEvent: {}
[0.600101] (-) TimerEvent: {}
[0.700413] (-) TimerEvent: {}
[0.800710] (-) TimerEvent: {}
[0.901009] (-) TimerEvent: {}
[1.001334] (-) TimerEvent: {}
[1.101651] (-) TimerEvent: {}
[1.201924] (-) TimerEvent: {}
[1.302230] (-) TimerEvent: {}
[1.455063] (-) TimerEvent: {}
[1.555359] (-) TimerEvent: {}
[1.655660] (-) TimerEvent: {}
[1.755931] (-) TimerEvent: {}
[1.856257] (-) TimerEvent: {}
[1.956582] (-) TimerEvent: {}
[2.056894] (-) TimerEvent: {}
[2.157207] (-) TimerEvent: {}
[2.257542] (-) TimerEvent: {}
[2.357844] (-) TimerEvent: {}
[2.458453] (-) TimerEvent: {}
[2.558937] (-) TimerEvent: {}
[2.659351] (-) TimerEvent: {}
[2.759688] (-) TimerEvent: {}
[2.860050] (-) TimerEvent: {}
[2.960381] (-) TimerEvent: {}
[3.060703] (-) TimerEvent: {}
[3.161022] (-) TimerEvent: {}
[3.261346] (-) TimerEvent: {}
[3.361609] (-) TimerEvent: {}
[3.461934] (-) TimerEvent: {}
[3.562263] (-) TimerEvent: {}
[3.662524] (-) TimerEvent: {}
[3.762804] (-) TimerEvent: {}
[3.863047] (-) TimerEvent: {}
[3.963289] (-) TimerEvent: {}
[4.063543] (-) TimerEvent: {}
[4.163818] (-) TimerEvent: {}
[4.264112] (-) TimerEvent: {}
[4.364408] (-) TimerEvent: {}
[4.464739] (-) TimerEvent: {}
[4.565196] (-) TimerEvent: {}
[4.665828] (-) TimerEvent: {}
[4.766253] (-) TimerEvent: {}
[4.866537] (-) TimerEvent: {}
[4.966813] (-) TimerEvent: {}
[5.067069] (-) TimerEvent: {}
[5.167338] (-) TimerEvent: {}
[5.267625] (-) TimerEvent: {}
[5.367926] (-) TimerEvent: {}
[5.468211] (-) TimerEvent: {}
[5.568499] (-) TimerEvent: {}
[5.668813] (-) TimerEvent: {}
[5.769128] (-) TimerEvent: {}
[5.869378] (-) TimerEvent: {}
[5.969653] (-) TimerEvent: {}
[6.069934] (-) TimerEvent: {}
[6.170206] (-) TimerEvent: {}
[6.270496] (-) TimerEvent: {}
[6.370835] (-) TimerEvent: {}
[6.465788] (msee22_description) Command: {'cmd': ['/usr/bin/python3', '-W', 'ignore:setup.py install is deprecated', '-W', 'ignore:easy_install command is deprecated', 'setup.py', 'develop', '--editable', '--build-directory', '/home/shay/a/vanderg0/ece569-fall2025/Lab4/build/msee22_description/build', '--no-deps', 'symlink_data'], 'cwd': '/home/shay/a/vanderg0/ece569-fall2025/Lab4/build/msee22_description', 'env': {'MODULEPATH_PACKAGE': '/package/modulefiles/ecn', 'LMOD_DIR': '/usr/share/lmod/lmod/libexec', 'CONDA_PROMPT_MODIFIER': '(base)', 'MAIL': '/var/spool/mail/vanderg0', 'USER': 'vanderg0', 'LMOD_PACKAGE_PATH': '/etc/lmod', 'LMOD_COLORIZE': 'yes', 'SSH_AGENT_PID': '714312', 'XDG_SESSION_TYPE': 'x11', 'GIT_ASKPASS': '/usr/share/code/resources/app/extensions/git/dist/askpass.sh', 'LMOD_PKG': '/usr/share/lmod/lmod', 'TLPROFILE': 'xfce', 'SHLVL': '1', 'LD_LIBRARY_PATH': '/opt/ros/humble/opt/rviz_ogre_vendor/lib:/opt/ros/humble/lib/x86_64-linux-gnu:/opt/ros/humble/lib:/package/riscv-gnu-toolchain/lib:/opt/thinlinc/lib64:/opt/thinlinc/lib', 'HOME': '/home/shay/a/vanderg0', 'CHROME_DESKTOP': 'code.desktop', 'CONDA_SHLVL': '1', 'OLDPWD': '/home/shay/a/vanderg0/ece569-fall2025', 'TERM_PROGRAM_VERSION': '1.105.1', 'DESKTOP_SESSION': 'xfce', 'PANEL_GDK_CORE_DEVICE_EVENTS': '0', 'ROS_PYTHON_VERSION': '3', 'VSCODE_GIT_ASKPASS_MAIN': '/usr/share/code/resources/app/extensions/git/dist/askpass-main.js', 'VSCODE_GIT_ASKPASS_NODE': '/usr/share/code/code', 'LC_CTYPE': 'C.UTF-8', 'PCSCTUN_SERVER': '127.0.0.1:5506', 'VSCODE_PYTHON_AUTOACTIVATE_GUARD': '1', '_LMFILES_': '/package/modulefiles/ecn/ubuntu/riscv/riscv.lua', 'DBUS_SESSION_BUS_ADDRESS': 'unix:path=/run/user/900709/bus', 'COLORTERM': 'truecolor', '_CE_M': '', 'LMOD_sys': 'Linux', 'LMOD_DEFAULT_MODULEPATH': '/etc/lmod/modules:/usr/share/lmod/lmod/modulefiles:/etc/modulefiles/pkg:/package/modulefiles/ecn/common:/package/modulefiles/ecn/ubuntu', 'ROS_DISTRO': 'humble', 'LOGNAME': 'vanderg0', 'LMOD_AVAIL_STYLE': 'system:<grouped>', 'LMOD_VERSION': '6.6', 'SUMO_HOME': '/usr/share/sumo', 'PULSE_SERVER': '127.0.0.1:5505', 'TLPREFIX': '/opt/thinlinc', '_': '/bin/colcon', 'ROS_VERSION': '2', 'XDG_SESSION_CLASS': 'user', 'USERNAME': 'vanderg0', 'TERM': 'xterm-256color', 'XDG_SESSION_ID': '10398', '_CE_CONDA': '', 'ROS_LOCALHOST_ONLY': '0', 'PATH': '/opt/ros/humble/bin:/package/riscv-gnu-toolchain/bin:/home/shay/a/vanderg0/miniconda3/bin:/home/shay/a/vanderg0/miniconda3/condabin:/usr/NX/bin:/usr/local/bin:/bin:/usr/bin:/usr/local/sbin:/usr/sbin:/sbin:/usr/opt/bin:/usr/site/ece/bin:/opt/thinlinc/bin:/snap/bin:/home/shay/a/vanderg0/.dotnet/tools:.:/opt/thinlinc/sbin:.', 'SESSION_MANAGER': 'local/eceprog1.ecn.purdue.edu:@/tmp/.ICE-unix/714189,unix/eceprog1.ecn.purdue.edu:/tmp/.ICE-unix/714189', 'PCSCTUN_COOKIE': '/var/opt/thinlinc/sessions/vanderg0/60/pcsctun-cookie', 'LMOD_PREPEND_BLOCK': 'normal', 'LMOD_FULL_SETTARG_SUPPORT': 'no', 'XDG_MENU_PREFIX': 'xfce-', 'XDG_RUNTIME_DIR': '/run/user/900709', 'GDK_BACKEND': 'x11', 'DISPLAY': ':60.0', 'LANG': 'en_US.UTF-8', 'XDG_CURRENT_DESKTOP': 'XFCE', 'DOTNET_BUNDLE_EXTRACT_BASE_DIR': '/home/shay/a/vanderg0/.cache/dotnet_bundle_extract', 'XDG_SESSION_DESKTOP': 'xfce', 'XAUTHORITY': '/var/opt/thinlinc/sessions/vanderg0/60/Xauthority', 'VSCODE_GIT_IPC_HANDLE': '/run/user/900709/vscode-git-8f0bb28d30.sock', 'TERM_PROGRAM': 'vscode', 'SSH_AUTH_SOCK': '/tmp/ssh-XXXXXXEXN7Ks/agent.714310', 'ROS_DOMAIN_ID': '51', 'PULSE_COOKIE': '/var/opt/thinlinc/sessions/vanderg0/60/pulse-cookie', 'AMENT_PREFIX_PATH': '/opt/ros/humble', 'CONDA_PYTHON_EXE': '/home/shay/a/vanderg0/miniconda3/bin/python', 'ORIGINAL_XDG_CURRENT_DESKTOP': 'XFCE', 'SHELL': '/bin/bash', 'KRB5CCNAME': '/var/opt/thinlinc/sessions/vanderg0/60/krb5cc', 'MODULEPATH_ROOT': '/usr/modulefiles', 'MODULEPATH_LOCAL': '/etc/modulefiles', 'ROS_WS': '/home/shay/a/vanderg0/ece569-fall2025/Lab2/ws3/', 'NO_AT_BRIDGE': '1', 'CONDA_DEFAULT_ENV': 'base', 'LMOD_CMD': '/usr/share/lmod/lmod/libexec/lmod', '_ModuleTable_Sz_': '2', 'VSCODE_GIT_ASKPASS_EXTRA_ARGS': '', 'BASH_ENV': '/usr/share/lmod/lmod/init/bash', '_ModuleTable001_': 'X01vZHVsZVRhYmxlXz17WyJhY3RpdmVTaXplIl09MSxiYXNlTXBhdGhBPXsiL2V0Yy9sbW9kL21vZHVsZXMiLCIvdXNyL3NoYXJlL2xtb2QvbG1vZC9tb2R1bGVmaWxlcyIsIi9ldGMvbW9kdWxlZmlsZXMvcGtnIiwiL3BhY2thZ2UvbW9kdWxlZmlsZXMvZWNuL2NvbW1vbiIsIi9wYWNrYWdlL21vZHVsZWZpbGVzL2Vjbi91YnVudHUiLH0sWyJjX3JlYnVpbGRUaW1lIl09ZmFsc2UsWyJjX3Nob3J0VGltZSJdPWZhbHNlLGZhbWlseT17fSxpbmFjdGl2ZT17fSxtVD17cmlzY3Y9e1siRk4iXT0iL3BhY2thZ2UvbW9kdWxlZmlsZXMvZWNuL3VidW50dS9yaXNjdi9yaXNjdi5sdWEiLFsiZGVmYXVsdCJdPTEsWyJmdWxsTmFtZSJdPSJyaXNjdi9yaXNjdiIsWyJsb2FkT3JkZXIiXT0x', '_ModuleTable002_': 'LHByb3BUPXt9LFsic2hvcnQiXT0icmlzY3YiLFsic3RhdHVzIl09ImFjdGl2ZSIsfSx9LG1wYXRoQT17Ii9ldGMvbG1vZC9tb2R1bGVzIiwiL3Vzci9zaGFyZS9sbW9kL2xtb2QvbW9kdWxlZmlsZXMiLCIvZXRjL21vZHVsZWZpbGVzL3BrZyIsIi9wYWNrYWdlL21vZHVsZWZpbGVzL2Vjbi9jb21tb24iLCIvcGFja2FnZS9tb2R1bGVmaWxlcy9lY24vdWJ1bnR1Iix9LFsic3lzdGVtQmFzZU1QQVRIIl09Ii9ldGMvbG1vZC9tb2R1bGVzOi91c3Ivc2hhcmUvbG1vZC9sbW9kL21vZHVsZWZpbGVzOi9ldGMvbW9kdWxlZmlsZXMvcGtnOi9wYWNrYWdlL21vZHVsZWZpbGVzL2Vjbi9jb21tb246L3BhY2thZ2UvbW9kdWxlZmlsZXMvZWNuL3VidW50dSIsWyJ2ZXJzaW9uIl09Mix9', 'PWD': '/home/shay/a/vanderg0/ece569-fall2025/Lab4/build/msee22_description', 'TLSESSIONDATA': '/var/opt/thinlinc/sessions/vanderg0/60', 'LOADEDMODULES': 'riscv/riscv', 'XDG_CONFIG_DIRS': '/etc/xdg/xdg-xfce:/etc/xdg', 'CONDA_EXE': '/home/shay/a/vanderg0/miniconda3/bin/conda', 'TOWN': 'Springfield', 'XDG_DATA_DIRS': '/usr/share/xfce:/usr/share/gnome:/usr/local/share:/usr/share:/var/lib/snapd/desktop:/usr/share', 'PYTHONPATH': '/home/shay/a/vanderg0/ece569-fall2025/Lab4/build/msee22_description/prefix_override:/usr/lib/python3/dist-packages/colcon_core/task/python/colcon_distutils_commands:/home/shay/a/vanderg0/ece569-fall2025/Lab4/install/msee22_description/lib/python3.10/site-packages:/home/username/vpy/lib/python3.11/site-packages:/opt/ros/humble/lib/python3.10/site-packages:/opt/ros/humble/local/lib/python3.10/dist-packages', 'LMOD_arch': 'x86_64', 'CONDA_PREFIX': '/home/shay/a/vanderg0/miniconda3', 'COLCON': '1', 'MANPATH': '/usr/share/lmod/lmod/share/man:::/opt/thinlinc/share/man', 'MODULEPATH': '/etc/lmod/modules:/usr/share/lmod/lmod/modulefiles:/etc/modulefiles/pkg:/package/modulefiles/ecn/common:/package/modulefiles/ecn/ubuntu', 'MODULESHOME': '/usr/share/lmod/lmod', 'LMOD_SETTARG_CMD': ':'}, 'shell': False}
[6.490029] (-) TimerEvent: {}
[6.555213] (wall_description) Command: {'cmd': ['/usr/bin/python3', '-W', 'ignore:setup.py install is deprecated', '-W', 'ignore:easy_install command is deprecated', 'setup.py', 'develop', '--editable', '--build-directory', '/home/shay/a/vanderg0/ece569-fall2025/Lab4/build/wall_description/build', '--no-deps', 'symlink_data'], 'cwd': '/home/shay/a/vanderg0/ece569-fall2025/Lab4/build/wall_description', 'env': {'MODULEPATH_PACKAGE': '/package/modulefiles/ecn', 'LMOD_DIR': '/usr/share/lmod/lmod/libexec', 'CONDA_PROMPT_MODIFIER': '(base)', 'MAIL': '/var/spool/mail/vanderg0', 'USER': 'vanderg0', 'LMOD_PACKAGE_PATH': '/etc/lmod', 'LMOD_COLORIZE': 'yes', 'SSH_AGENT_PID': '714312', 'XDG_SESSION_TYPE': 'x11', 'GIT_ASKPASS': '/usr/share/code/resources/app/extensions/git/dist/askpass.sh', 'LMOD_PKG': '/usr/share/lmod/lmod', 'TLPROFILE': 'xfce', 'SHLVL': '1', 'LD_LIBRARY_PATH': '/opt/ros/humble/opt/rviz_ogre_vendor/lib:/opt/ros/humble/lib/x86_64-linux-gnu:/opt/ros/humble/lib:/package/riscv-gnu-toolchain/lib:/opt/thinlinc/lib64:/opt/thinlinc/lib', 'HOME': '/home/shay/a/vanderg0', 'CHROME_DESKTOP': 'code.desktop', 'CONDA_SHLVL': '1', 'OLDPWD': '/home/shay/a/vanderg0/ece569-fall2025', 'TERM_PROGRAM_VERSION': '1.105.1', 'DESKTOP_SESSION': 'xfce', 'PANEL_GDK_CORE_DEVICE_EVENTS': '0', 'ROS_PYTHON_VERSION': '3', 'VSCODE_GIT_ASKPASS_MAIN': '/usr/share/code/resources/app/extensions/git/dist/askpass-main.js', 'VSCODE_GIT_ASKPASS_NODE': '/usr/share/code/code', 'LC_CTYPE': 'C.UTF-8', 'PCSCTUN_SERVER': '127.0.0.1:5506', 'VSCODE_PYTHON_AUTOACTIVATE_GUARD': '1', '_LMFILES_': '/package/modulefiles/ecn/ubuntu/riscv/riscv.lua', 'DBUS_SESSION_BUS_ADDRESS': 'unix:path=/run/user/900709/bus', 'COLORTERM': 'truecolor', '_CE_M': '', 'LMOD_sys': 'Linux', 'LMOD_DEFAULT_MODULEPATH': '/etc/lmod/modules:/usr/share/lmod/lmod/modulefiles:/etc/modulefiles/pkg:/package/modulefiles/ecn/common:/package/modulefiles/ecn/ubuntu', 'ROS_DISTRO': 'humble', 'LOGNAME': 'vanderg0', 'LMOD_AVAIL_STYLE': 'system:<grouped>', 'LMOD_VERSION': '6.6', 'SUMO_HOME': '/usr/share/sumo', 'PULSE_SERVER': '127.0.0.1:5505', 'TLPREFIX': '/opt/thinlinc', '_': '/bin/colcon', 'ROS_VERSION': '2', 'XDG_SESSION_CLASS': 'user', 'USERNAME': 'vanderg0', 'TERM': 'xterm-256color', 'XDG_SESSION_ID': '10398', '_CE_CONDA': '', 'ROS_LOCALHOST_ONLY': '0', 'PATH': '/opt/ros/humble/bin:/package/riscv-gnu-toolchain/bin:/home/shay/a/vanderg0/miniconda3/bin:/home/shay/a/vanderg0/miniconda3/condabin:/usr/NX/bin:/usr/local/bin:/bin:/usr/bin:/usr/local/sbin:/usr/sbin:/sbin:/usr/opt/bin:/usr/site/ece/bin:/opt/thinlinc/bin:/snap/bin:/home/shay/a/vanderg0/.dotnet/tools:.:/opt/thinlinc/sbin:.', 'SESSION_MANAGER': 'local/eceprog1.ecn.purdue.edu:@/tmp/.ICE-unix/714189,unix/eceprog1.ecn.purdue.edu:/tmp/.ICE-unix/714189', 'PCSCTUN_COOKIE': '/var/opt/thinlinc/sessions/vanderg0/60/pcsctun-cookie', 'LMOD_PREPEND_BLOCK': 'normal', 'LMOD_FULL_SETTARG_SUPPORT': 'no', 'XDG_MENU_PREFIX': 'xfce-', 'XDG_RUNTIME_DIR': '/run/user/900709', 'GDK_BACKEND': 'x11', 'DISPLAY': ':60.0', 'LANG': 'en_US.UTF-8', 'XDG_CURRENT_DESKTOP': 'XFCE', 'DOTNET_BUNDLE_EXTRACT_BASE_DIR': '/home/shay/a/vanderg0/.cache/dotnet_bundle_extract', 'XDG_SESSION_DESKTOP': 'xfce', 'XAUTHORITY': '/var/opt/thinlinc/sessions/vanderg0/60/Xauthority', 'VSCODE_GIT_IPC_HANDLE': '/run/user/900709/vscode-git-8f0bb28d30.sock', 'TERM_PROGRAM': 'vscode', 'SSH_AUTH_SOCK': '/tmp/ssh-XXXXXXEXN7Ks/agent.714310', 'ROS_DOMAIN_ID': '51', 'PULSE_COOKIE': '/var/opt/thinlinc/sessions/vanderg0/60/pulse-cookie', 'AMENT_PREFIX_PATH': '/opt/ros/humble', 'CONDA_PYTHON_EXE': '/home/shay/a/vanderg0/miniconda3/bin/python', 'ORIGINAL_XDG_CURRENT_DESKTOP': 'XFCE', 'SHELL': '/bin/bash', 'KRB5CCNAME': '/var/opt/thinlinc/sessions/vanderg0/60/krb5cc', 'MODULEPATH_ROOT': '/usr/modulefiles', 'MODULEPATH_LOCAL': '/etc/modulefiles', 'ROS_WS': '/home/shay/a/vanderg0/ece569-fall2025/Lab2/ws3/', 'NO_AT_BRIDGE': '1', 'CONDA_DEFAULT_ENV': 'base', 'LMOD_CMD': '/usr/share/lmod/lmod/libexec/lmod', '_ModuleTable_Sz_': '2', 'VSCODE_GIT_ASKPASS_EXTRA_ARGS': '', 'BASH_ENV': '/usr/share/lmod/lmod/init/bash', '_ModuleTable001_': 'X01vZHVsZVRhYmxlXz17WyJhY3RpdmVTaXplIl09MSxiYXNlTXBhdGhBPXsiL2V0Yy9sbW9kL21vZHVsZXMiLCIvdXNyL3NoYXJlL2xtb2QvbG1vZC9tb2R1bGVmaWxlcyIsIi9ldGMvbW9kdWxlZmlsZXMvcGtnIiwiL3BhY2thZ2UvbW9kdWxlZmlsZXMvZWNuL2NvbW1vbiIsIi9wYWNrYWdlL21vZHVsZWZpbGVzL2Vjbi91YnVudHUiLH0sWyJjX3JlYnVpbGRUaW1lIl09ZmFsc2UsWyJjX3Nob3J0VGltZSJdPWZhbHNlLGZhbWlseT17fSxpbmFjdGl2ZT17fSxtVD17cmlzY3Y9e1siRk4iXT0iL3BhY2thZ2UvbW9kdWxlZmlsZXMvZWNuL3VidW50dS9yaXNjdi9yaXNjdi5sdWEiLFsiZGVmYXVsdCJdPTEsWyJmdWxsTmFtZSJdPSJyaXNjdi9yaXNjdiIsWyJsb2FkT3JkZXIiXT0x', '_ModuleTable002_': 'LHByb3BUPXt9LFsic2hvcnQiXT0icmlzY3YiLFsic3RhdHVzIl09ImFjdGl2ZSIsfSx9LG1wYXRoQT17Ii9ldGMvbG1vZC9tb2R1bGVzIiwiL3Vzci9zaGFyZS9sbW9kL2xtb2QvbW9kdWxlZmlsZXMiLCIvZXRjL21vZHVsZWZpbGVzL3BrZyIsIi9wYWNrYWdlL21vZHVsZWZpbGVzL2Vjbi9jb21tb24iLCIvcGFja2FnZS9tb2R1bGVmaWxlcy9lY24vdWJ1bnR1Iix9LFsic3lzdGVtQmFzZU1QQVRIIl09Ii9ldGMvbG1vZC9tb2R1bGVzOi91c3Ivc2hhcmUvbG1vZC9sbW9kL21vZHVsZWZpbGVzOi9ldGMvbW9kdWxlZmlsZXMvcGtnOi9wYWNrYWdlL21vZHVsZWZpbGVzL2Vjbi9jb21tb246L3BhY2thZ2UvbW9kdWxlZmlsZXMvZWNuL3VidW50dSIsWyJ2ZXJzaW9uIl09Mix9', 'PWD': '/home/shay/a/vanderg0/ece569-fall2025/Lab4/build/wall_description', 'TLSESSIONDATA': '/var/opt/thinlinc/sessions/vanderg0/60', 'LOADEDMODULES': 'riscv/riscv', 'XDG_CONFIG_DIRS': '/etc/xdg/xdg-xfce:/etc/xdg', 'CONDA_EXE': '/home/shay/a/vanderg0/miniconda3/bin/conda', 'TOWN': 'Springfield', 'XDG_DATA_DIRS': '/usr/share/xfce:/usr/share/gnome:/usr/local/share:/usr/share:/var/lib/snapd/desktop:/usr/share', 'PYTHONPATH': '/home/shay/a/vanderg0/ece569-fall2025/Lab4/build/wall_description/prefix_override:/usr/lib/python3/dist-packages/colcon_core/task/python/colcon_distutils_commands:/home/shay/a/vanderg0/ece569-fall2025/Lab4/install/wall_description/lib/python3.10/site-packages:/home/username/vpy/lib/python3.11/site-packages:/opt/ros/humble/lib/python3.10/site-packages:/opt/ros/humble/local/lib/python3.10/dist-packages', 'LMOD_arch': 'x86_64', 'CONDA_PREFIX': '/home/shay/a/vanderg0/miniconda3', 'COLCON': '1', 'MANPATH': '/usr/share/lmod/lmod/share/man:::/opt/thinlinc/share/man', 'MODULEPATH': '/etc/lmod/modules:/usr/share/lmod/lmod/modulefiles:/etc/modulefiles/pkg:/package/modulefiles/ecn/common:/package/modulefiles/ecn/ubuntu', 'MODULESHOME': '/usr/share/lmod/lmod', 'LMOD_SETTARG_CMD': ':'}, 'shell': False}
[6.590141] (-) TimerEvent: {}
[6.655668] (table_description) Command: {'cmd': ['/usr/bin/python3', '-W', 'ignore:setup.py install is deprecated', '-W', 'ignore:easy_install command is deprecated', 'setup.py', 'develop', '--editable', '--build-directory', '/home/shay/a/vanderg0/ece569-fall2025/Lab4/build/table_description/build', '--no-deps', 'symlink_data'], 'cwd': '/home/shay/a/vanderg0/ece569-fall2025/Lab4/build/table_description', 'env': {'MODULEPATH_PACKAGE': '/package/modulefiles/ecn', 'LMOD_DIR': '/usr/share/lmod/lmod/libexec', 'CONDA_PROMPT_MODIFIER': '(base)', 'MAIL': '/var/spool/mail/vanderg0', 'USER': 'vanderg0', 'LMOD_PACKAGE_PATH': '/etc/lmod', 'LMOD_COLORIZE': 'yes', 'SSH_AGENT_PID': '714312', 'XDG_SESSION_TYPE': 'x11', 'GIT_ASKPASS': '/usr/share/code/resources/app/extensions/git/dist/askpass.sh', 'LMOD_PKG': '/usr/share/lmod/lmod', 'TLPROFILE': 'xfce', 'SHLVL': '1', 'LD_LIBRARY_PATH': '/opt/ros/humble/opt/rviz_ogre_vendor/lib:/opt/ros/humble/lib/x86_64-linux-gnu:/opt/ros/humble/lib:/package/riscv-gnu-toolchain/lib:/opt/thinlinc/lib64:/opt/thinlinc/lib', 'HOME': '/home/shay/a/vanderg0', 'CHROME_DESKTOP': 'code.desktop', 'CONDA_SHLVL': '1', 'OLDPWD': '/home/shay/a/vanderg0/ece569-fall2025', 'TERM_PROGRAM_VERSION': '1.105.1', 'DESKTOP_SESSION': 'xfce', 'PANEL_GDK_CORE_DEVICE_EVENTS': '0', 'ROS_PYTHON_VERSION': '3', 'VSCODE_GIT_ASKPASS_MAIN': '/usr/share/code/resources/app/extensions/git/dist/askpass-main.js', 'VSCODE_GIT_ASKPASS_NODE': '/usr/share/code/code', 'LC_CTYPE': 'C.UTF-8', 'PCSCTUN_SERVER': '127.0.0.1:5506', 'VSCODE_PYTHON_AUTOACTIVATE_GUARD': '1', '_LMFILES_': '/package/modulefiles/ecn/ubuntu/riscv/riscv.lua', 'DBUS_SESSION_BUS_ADDRESS': 'unix:path=/run/user/900709/bus', 'COLORTERM': 'truecolor', '_CE_M': '', 'LMOD_sys': 'Linux', 'LMOD_DEFAULT_MODULEPATH': '/etc/lmod/modules:/usr/share/lmod/lmod/modulefiles:/etc/modulefiles/pkg:/package/modulefiles/ecn/common:/package/modulefiles/ecn/ubuntu', 'ROS_DISTRO': 'humble', 'LOGNAME': 'vanderg0', 'LMOD_AVAIL_STYLE': 'system:<grouped>', 'LMOD_VERSION': '6.6', 'SUMO_HOME': '/usr/share/sumo', 'PULSE_SERVER': '127.0.0.1:5505', 'TLPREFIX': '/opt/thinlinc', '_': '/bin/colcon', 'ROS_VERSION': '2', 'XDG_SESSION_CLASS': 'user', 'USERNAME': 'vanderg0', 'TERM': 'xterm-256color', 'XDG_SESSION_ID': '10398', '_CE_CONDA': '', 'ROS_LOCALHOST_ONLY': '0', 'PATH': '/opt/ros/humble/bin:/package/riscv-gnu-toolchain/bin:/home/shay/a/vanderg0/miniconda3/bin:/home/shay/a/vanderg0/miniconda3/condabin:/usr/NX/bin:/usr/local/bin:/bin:/usr/bin:/usr/local/sbin:/usr/sbin:/sbin:/usr/opt/bin:/usr/site/ece/bin:/opt/thinlinc/bin:/snap/bin:/home/shay/a/vanderg0/.dotnet/tools:.:/opt/thinlinc/sbin:.', 'SESSION_MANAGER': 'local/eceprog1.ecn.purdue.edu:@/tmp/.ICE-unix/714189,unix/eceprog1.ecn.purdue.edu:/tmp/.ICE-unix/714189', 'PCSCTUN_COOKIE': '/var/opt/thinlinc/sessions/vanderg0/60/pcsctun-cookie', 'LMOD_PREPEND_BLOCK': 'normal', 'LMOD_FULL_SETTARG_SUPPORT': 'no', 'XDG_MENU_PREFIX': 'xfce-', 'XDG_RUNTIME_DIR': '/run/user/900709', 'GDK_BACKEND': 'x11', 'DISPLAY': ':60.0', 'LANG': 'en_US.UTF-8', 'XDG_CURRENT_DESKTOP': 'XFCE', 'DOTNET_BUNDLE_EXTRACT_BASE_DIR': '/home/shay/a/vanderg0/.cache/dotnet_bundle_extract', 'XDG_SESSION_DESKTOP': 'xfce', 'XAUTHORITY': '/var/opt/thinlinc/sessions/vanderg0/60/Xauthority', 'VSCODE_GIT_IPC_HANDLE': '/run/user/900709/vscode-git-8f0bb28d30.sock', 'TERM_PROGRAM': 'vscode', 'SSH_AUTH_SOCK': '/tmp/ssh-XXXXXXEXN7Ks/agent.714310', 'ROS_DOMAIN_ID': '51', 'PULSE_COOKIE': '/var/opt/thinlinc/sessions/vanderg0/60/pulse-cookie', 'AMENT_PREFIX_PATH': '/opt/ros/humble', 'CONDA_PYTHON_EXE': '/home/shay/a/vanderg0/miniconda3/bin/python', 'ORIGINAL_XDG_CURRENT_DESKTOP': 'XFCE', 'SHELL': '/bin/bash', 'KRB5CCNAME': '/var/opt/thinlinc/sessions/vanderg0/60/krb5cc', 'MODULEPATH_ROOT': '/usr/modulefiles', 'MODULEPATH_LOCAL': '/etc/modulefiles', 'ROS_WS': '/home/shay/a/vanderg0/ece569-fall2025/Lab2/ws3/', 'NO_AT_BRIDGE': '1', 'CONDA_DEFAULT_ENV': 'base', 'LMOD_CMD': '/usr/share/lmod/lmod/libexec/lmod', '_ModuleTable_Sz_': '2', 'VSCODE_GIT_ASKPASS_EXTRA_ARGS': '', 'BASH_ENV': '/usr/share/lmod/lmod/init/bash', '_ModuleTable001_': 'X01vZHVsZVRhYmxlXz17WyJhY3RpdmVTaXplIl09MSxiYXNlTXBhdGhBPXsiL2V0Yy9sbW9kL21vZHVsZXMiLCIvdXNyL3NoYXJlL2xtb2QvbG1vZC9tb2R1bGVmaWxlcyIsIi9ldGMvbW9kdWxlZmlsZXMvcGtnIiwiL3BhY2thZ2UvbW9kdWxlZmlsZXMvZWNuL2NvbW1vbiIsIi9wYWNrYWdlL21vZHVsZWZpbGVzL2Vjbi91YnVudHUiLH0sWyJjX3JlYnVpbGRUaW1lIl09ZmFsc2UsWyJjX3Nob3J0VGltZSJdPWZhbHNlLGZhbWlseT17fSxpbmFjdGl2ZT17fSxtVD17cmlzY3Y9e1siRk4iXT0iL3BhY2thZ2UvbW9kdWxlZmlsZXMvZWNuL3VidW50dS9yaXNjdi9yaXNjdi5sdWEiLFsiZGVmYXVsdCJdPTEsWyJmdWxsTmFtZSJdPSJyaXNjdi9yaXNjdiIsWyJsb2FkT3JkZXIiXT0x', '_ModuleTable002_': 'LHByb3BUPXt9LFsic2hvcnQiXT0icmlzY3YiLFsic3RhdHVzIl09ImFjdGl2ZSIsfSx9LG1wYXRoQT17Ii9ldGMvbG1vZC9tb2R1bGVzIiwiL3Vzci9zaGFyZS9sbW9kL2xtb2QvbW9kdWxlZmlsZXMiLCIvZXRjL21vZHVsZWZpbGVzL3BrZyIsIi9wYWNrYWdlL21vZHVsZWZpbGVzL2Vjbi9jb21tb24iLCIvcGFja2FnZS9tb2R1bGVmaWxlcy9lY24vdWJ1bnR1Iix9LFsic3lzdGVtQmFzZU1QQVRIIl09Ii9ldGMvbG1vZC9tb2R1bGVzOi91c3Ivc2hhcmUvbG1vZC9sbW9kL21vZHVsZWZpbGVzOi9ldGMvbW9kdWxlZmlsZXMvcGtnOi9wYWNrYWdlL21vZHVsZWZpbGVzL2Vjbi9jb21tb246L3BhY2thZ2UvbW9kdWxlZmlsZXMvZWNuL3VidW50dSIsWyJ2ZXJzaW9uIl09Mix9', 'PWD': '/home/shay/a/vanderg0/ece569-fall2025/Lab4/build/table_description', 'TLSESSIONDATA': '/var/opt/thinlinc/sessions/vanderg0/60', 'LOADEDMODULES': 'riscv/riscv', 'XDG_CONFIG_DIRS': '/etc/xdg/xdg-xfce:/etc/xdg', 'CONDA_EXE': '/home/shay/a/vanderg0/miniconda3/bin/conda', 'TOWN': 'Springfield', 'XDG_DATA_DIRS': '/usr/share/xfce:/usr/share/gnome:/usr/local/share:/usr/share:/var/lib/snapd/desktop:/usr/share', 'PYTHONPATH': '/home/shay/a/vanderg0/ece569-fall2025/Lab4/build/table_description/prefix_override:/usr/lib/python3/dist-packages/colcon_core/task/python/colcon_distutils_commands:/home/shay/a/vanderg0/ece569-fall2025/Lab4/install/table_description/lib/python3.10/site-packages:/home/username/vpy/lib/python3.11/site-packages:/opt/ros/humble/lib/python3.10/site-packages:/opt/ros/humble/local/lib/python3.10/dist-packages', 'LMOD_arch': 'x86_64', 'CONDA_PREFIX': '/home/shay/a/vanderg0/miniconda3', 'COLCON': '1', 'MANPATH': '/usr/share/lmod/lmod/share/man:::/opt/thinlinc/share/man', 'MODULEPATH': '/etc/lmod/modules:/usr/share/lmod/lmod/modulefiles:/etc/modulefiles/pkg:/package/modulefiles/ecn/common:/package/modulefiles/ecn/ubuntu', 'MODULESHOME': '/usr/share/lmod/lmod', 'LMOD_SETTARG_CMD': ':'}, 'shell': False}
[6.687580] (py_joint_pub) Command: {'cmd': ['/usr/bin/python3', '-W', 'ignore:setup.py install is deprecated', '-W', 'ignore:easy_install command is deprecated', 'setup.py', 'develop', '--editable', '--build-directory', '/home/shay/a/vanderg0/ece569-fall2025/Lab4/build/py_joint_pub/build', '--no-deps', 'symlink_data'], 'cwd': '/home/shay/a/vanderg0/ece569-fall2025/Lab4/build/py_joint_pub', 'env': {'MODULEPATH_PACKAGE': '/package/modulefiles/ecn', 'LMOD_DIR': '/usr/share/lmod/lmod/libexec', 'CONDA_PROMPT_MODIFIER': '(base)', 'MAIL': '/var/spool/mail/vanderg0', 'USER': 'vanderg0', 'LMOD_PACKAGE_PATH': '/etc/lmod', 'LMOD_COLORIZE': 'yes', 'SSH_AGENT_PID': '714312', 'XDG_SESSION_TYPE': 'x11', 'GIT_ASKPASS': '/usr/share/code/resources/app/extensions/git/dist/askpass.sh', 'LMOD_PKG': '/usr/share/lmod/lmod', 'TLPROFILE': 'xfce', 'SHLVL': '1', 'LD_LIBRARY_PATH': '/opt/ros/humble/opt/rviz_ogre_vendor/lib:/opt/ros/humble/lib/x86_64-linux-gnu:/opt/ros/humble/lib:/package/riscv-gnu-toolchain/lib:/opt/thinlinc/lib64:/opt/thinlinc/lib', 'HOME': '/home/shay/a/vanderg0', 'CHROME_DESKTOP': 'code.desktop', 'CONDA_SHLVL': '1', 'OLDPWD': '/home/shay/a/vanderg0/ece569-fall2025', 'TERM_PROGRAM_VERSION': '1.105.1', 'DESKTOP_SESSION': 'xfce', 'PANEL_GDK_CORE_DEVICE_EVENTS': '0', 'ROS_PYTHON_VERSION': '3', 'VSCODE_GIT_ASKPASS_MAIN': '/usr/share/code/resources/app/extensions/git/dist/askpass-main.js', 'VSCODE_GIT_ASKPASS_NODE': '/usr/share/code/code', 'LC_CTYPE': 'C.UTF-8', 'PCSCTUN_SERVER': '127.0.0.1:5506', 'VSCODE_PYTHON_AUTOACTIVATE_GUARD': '1', '_LMFILES_': '/package/modulefiles/ecn/ubuntu/riscv/riscv.lua', 'DBUS_SESSION_BUS_ADDRESS': 'unix:path=/run/user/900709/bus', 'COLORTERM': 'truecolor', '_CE_M': '', 'LMOD_sys': 'Linux', 'LMOD_DEFAULT_MODULEPATH': '/etc/lmod/modules:/usr/share/lmod/lmod/modulefiles:/etc/modulefiles/pkg:/package/modulefiles/ecn/common:/package/modulefiles/ecn/ubuntu', 'ROS_DISTRO': 'humble', 'LOGNAME': 'vanderg0', 'LMOD_AVAIL_STYLE': 'system:<grouped>', 'LMOD_VERSION': '6.6', 'SUMO_HOME': '/usr/share/sumo', 'PULSE_SERVER': '127.0.0.1:5505', 'TLPREFIX': '/opt/thinlinc', '_': '/bin/colcon', 'ROS_VERSION': '2', 'XDG_SESSION_CLASS': 'user', 'USERNAME': 'vanderg0', 'TERM': 'xterm-256color', 'XDG_SESSION_ID': '10398', '_CE_CONDA': '', 'ROS_LOCALHOST_ONLY': '0', 'PATH': '/opt/ros/humble/bin:/package/riscv-gnu-toolchain/bin:/home/shay/a/vanderg0/miniconda3/bin:/home/shay/a/vanderg0/miniconda3/condabin:/usr/NX/bin:/usr/local/bin:/bin:/usr/bin:/usr/local/sbin:/usr/sbin:/sbin:/usr/opt/bin:/usr/site/ece/bin:/opt/thinlinc/bin:/snap/bin:/home/shay/a/vanderg0/.dotnet/tools:.:/opt/thinlinc/sbin:.', 'SESSION_MANAGER': 'local/eceprog1.ecn.purdue.edu:@/tmp/.ICE-unix/714189,unix/eceprog1.ecn.purdue.edu:/tmp/.ICE-unix/714189', 'PCSCTUN_COOKIE': '/var/opt/thinlinc/sessions/vanderg0/60/pcsctun-cookie', 'LMOD_PREPEND_BLOCK': 'normal', 'LMOD_FULL_SETTARG_SUPPORT': 'no', 'XDG_MENU_PREFIX': 'xfce-', 'XDG_RUNTIME_DIR': '/run/user/900709', 'GDK_BACKEND': 'x11', 'DISPLAY': ':60.0', 'LANG': 'en_US.UTF-8', 'XDG_CURRENT_DESKTOP': 'XFCE', 'DOTNET_BUNDLE_EXTRACT_BASE_DIR': '/home/shay/a/vanderg0/.cache/dotnet_bundle_extract', 'XDG_SESSION_DESKTOP': 'xfce', 'XAUTHORITY': '/var/opt/thinlinc/sessions/vanderg0/60/Xauthority', 'VSCODE_GIT_IPC_HANDLE': '/run/user/900709/vscode-git-8f0bb28d30.sock', 'TERM_PROGRAM': 'vscode', 'SSH_AUTH_SOCK': '/tmp/ssh-XXXXXXEXN7Ks/agent.714310', 'ROS_DOMAIN_ID': '51', 'PULSE_COOKIE': '/var/opt/thinlinc/sessions/vanderg0/60/pulse-cookie', 'AMENT_PREFIX_PATH': '/opt/ros/humble', 'CONDA_PYTHON_EXE': '/home/shay/a/vanderg0/miniconda3/bin/python', 'ORIGINAL_XDG_CURRENT_DESKTOP': 'XFCE', 'SHELL': '/bin/bash', 'KRB5CCNAME': '/var/opt/thinlinc/sessions/vanderg0/60/krb5cc', 'MODULEPATH_ROOT': '/usr/modulefiles', 'MODULEPATH_LOCAL': '/etc/modulefiles', 'ROS_WS': '/home/shay/a/vanderg0/ece569-fall2025/Lab2/ws3/', 'NO_AT_BRIDGE': '1', 'CONDA_DEFAULT_ENV': 'base', 'LMOD_CMD': '/usr/share/lmod/lmod/libexec/lmod', '_ModuleTable_Sz_': '2', 'VSCODE_GIT_ASKPASS_EXTRA_ARGS': '', 'BASH_ENV': '/usr/share/lmod/lmod/init/bash', '_ModuleTable001_': 'X01vZHVsZVRhYmxlXz17WyJhY3RpdmVTaXplIl09MSxiYXNlTXBhdGhBPXsiL2V0Yy9sbW9kL21vZHVsZXMiLCIvdXNyL3NoYXJlL2xtb2QvbG1vZC9tb2R1bGVmaWxlcyIsIi9ldGMvbW9kdWxlZmlsZXMvcGtnIiwiL3BhY2thZ2UvbW9kdWxlZmlsZXMvZWNuL2NvbW1vbiIsIi9wYWNrYWdlL21vZHVsZWZpbGVzL2Vjbi91YnVudHUiLH0sWyJjX3JlYnVpbGRUaW1lIl09ZmFsc2UsWyJjX3Nob3J0VGltZSJdPWZhbHNlLGZhbWlseT17fSxpbmFjdGl2ZT17fSxtVD17cmlzY3Y9e1siRk4iXT0iL3BhY2thZ2UvbW9kdWxlZmlsZXMvZWNuL3VidW50dS9yaXNjdi9yaXNjdi5sdWEiLFsiZGVmYXVsdCJdPTEsWyJmdWxsTmFtZSJdPSJyaXNjdi9yaXNjdiIsWyJsb2FkT3JkZXIiXT0x', '_ModuleTable002_': 'LHByb3BUPXt9LFsic2hvcnQiXT0icmlzY3YiLFsic3RhdHVzIl09ImFjdGl2ZSIsfSx9LG1wYXRoQT17Ii9ldGMvbG1vZC9tb2R1bGVzIiwiL3Vzci9zaGFyZS9sbW9kL2xtb2QvbW9kdWxlZmlsZXMiLCIvZXRjL21vZHVsZWZpbGVzL3BrZyIsIi9wYWNrYWdlL21vZHVsZWZpbGVzL2Vjbi9jb21tb24iLCIvcGFja2FnZS9tb2R1bGVmaWxlcy9lY24vdWJ1bnR1Iix9LFsic3lzdGVtQmFzZU1QQVRIIl09Ii9ldGMvbG1vZC9tb2R1bGVzOi91c3Ivc2hhcmUvbG1vZC9sbW9kL21vZHVsZWZpbGVzOi9ldGMvbW9kdWxlZmlsZXMvcGtnOi9wYWNrYWdlL21vZHVsZWZpbGVzL2Vjbi9jb21tb246L3BhY2thZ2UvbW9kdWxlZmlsZXMvZWNuL3VidW50dSIsWyJ2ZXJzaW9uIl09Mix9', 'PWD': '/home/shay/a/vanderg0/ece569-fall2025/Lab4/build/py_joint_pub', 'TLSESSIONDATA': '/var/opt/thinlinc/sessions/vanderg0/60', 'LOADEDMODULES': 'riscv/riscv', 'XDG_CONFIG_DIRS': '/etc/xdg/xdg-xfce:/etc/xdg', 'CONDA_EXE': '/home/shay/a/vanderg0/miniconda3/bin/conda', 'TOWN': 'Springfield', 'XDG_DATA_DIRS': '/usr/share/xfce:/usr/share/gnome:/usr/local/share:/usr/share:/var/lib/snapd/desktop:/usr/share', 'PYTHONPATH': '/home/shay/a/vanderg0/ece569-fall2025/Lab4/build/py_joint_pub/prefix_override:/usr/lib/python3/dist-packages/colcon_core/task/python/colcon_distutils_commands:/home/shay/a/vanderg0/ece569-fall2025/Lab4/install/py_joint_pub/lib/python3.10/site-packages:/home/username/vpy/lib/python3.11/site-packages:/opt/ros/humble/lib/python3.10/site-packages:/opt/ros/humble/local/lib/python3.10/dist-packages', 'LMOD_arch': 'x86_64', 'CONDA_PREFIX': '/home/shay/a/vanderg0/miniconda3', 'COLCON': '1', 'MANPATH': '/usr/share/lmod/lmod/share/man:::/opt/thinlinc/share/man', 'MODULEPATH': '/etc/lmod/modules:/usr/share/lmod/lmod/modulefiles:/etc/modulefiles/pkg:/package/modulefiles/ecn/common:/package/modulefiles/ecn/ubuntu', 'MODULESHOME': '/usr/share/lmod/lmod', 'LMOD_SETTARG_CMD': ':'}, 'shell': False}
[6.773611] (-) TimerEvent: {}
[6.873961] (-) TimerEvent: {}
[6.974342] (-) TimerEvent: {}
[7.074625] (-) TimerEvent: {}
[7.174913] (-) TimerEvent: {}
[7.275214] (-) TimerEvent: {}
[7.375526] (-) TimerEvent: {}
[7.475842] (-) TimerEvent: {}
[7.567667] (msee22_description) StdoutLine: {'line': b'running develop\n'}
[7.575928] (-) TimerEvent: {}
[7.676180] (-) TimerEvent: {}
[7.757159] (wall_description) StdoutLine: {'line': b'running develop\n'}
[7.776265] (-) TimerEvent: {}
[7.786277] (py_joint_pub) StdoutLine: {'line': b'running develop\n'}
[7.857942] (table_description) StdoutLine: {'line': b'running develop\n'}
[7.876353] (-) TimerEvent: {}
[7.976617] (-) TimerEvent: {}
[8.076888] (-) TimerEvent: {}
[8.177138] (-) TimerEvent: {}
[8.277366] (-) TimerEvent: {}
[8.377617] (-) TimerEvent: {}
[8.477848] (-) TimerEvent: {}
[8.555653] (msee22_description) StdoutLine: {'line': b'running egg_info\n'}
[8.555859] (msee22_description) StdoutLine: {'line': b'creating msee22_description.egg-info\n'}
[8.560926] (msee22_description) StdoutLine: {'line': b'writing msee22_description.egg-info/PKG-INFO\n'}
[8.562603] (msee22_description) StdoutLine: {'line': b'writing dependency_links to msee22_description.egg-info/dependency_links.txt\n'}
[8.563453] (msee22_description) StdoutLine: {'line': b'writing entry points to msee22_description.egg-info/entry_points.txt\n'}
[8.564196] (msee22_description) StdoutLine: {'line': b'writing requirements to msee22_description.egg-info/requires.txt\n'}
[8.564815] (msee22_description) StdoutLine: {'line': b'writing top-level names to msee22_description.egg-info/top_level.txt\n'}
[8.567085] (msee22_description) StdoutLine: {'line': b"writing manifest file 'msee22_description.egg-info/SOURCES.txt'\n"}
[8.571752] (msee22_description) StdoutLine: {'line': b"reading manifest file 'msee22_description.egg-info/SOURCES.txt'\n"}
[8.572904] (msee22_description) StdoutLine: {'line': b"writing manifest file 'msee22_description.egg-info/SOURCES.txt'\n"}
[8.574521] (msee22_description) StdoutLine: {'line': b'running build_ext\n'}
[8.574680] (msee22_description) StdoutLine: {'line': b'Creating /home/shay/a/vanderg0/ece569-fall2025/Lab4/install/msee22_description/lib/python3.10/site-packages/msee22-description.egg-link (link to .)\n'}
[8.576757] (msee22_description) StdoutLine: {'line': b'\n'}
[8.576833] (msee22_description) StdoutLine: {'line': b'Installed /home/shay/a/vanderg0/ece569-fall2025/Lab4/build/msee22_description\n'}
[8.577006] (msee22_description) StdoutLine: {'line': b'running symlink_data\n'}
[8.577210] (msee22_description) StdoutLine: {'line': b'creating /home/shay/a/vanderg0/ece569-fall2025/Lab4/install/msee22_description/share/ament_index\n'}
[8.577712] (msee22_description) StdoutLine: {'line': b'creating /home/shay/a/vanderg0/ece569-fall2025/Lab4/install/msee22_description/share/ament_index/resource_index\n'}
[8.577905] (-) TimerEvent: {}
[8.578056] (msee22_description) StdoutLine: {'line': b'creating /home/shay/a/vanderg0/ece569-fall2025/Lab4/install/msee22_description/share/ament_index/resource_index/packages\n'}
[8.580691] (msee22_description) StdoutLine: {'line': b'symbolically linking /home/shay/a/vanderg0/ece569-fall2025/Lab4/build/msee22_description/resource/msee22_description -> /home/shay/a/vanderg0/ece569-fall2025/Lab4/install/msee22_description/share/ament_index/resource_index/packages\n'}
[8.583042] (msee22_description) StdoutLine: {'line': b'symbolically linking /home/shay/a/vanderg0/ece569-fall2025/Lab4/build/msee22_description/package.xml -> /home/shay/a/vanderg0/ece569-fall2025/Lab4/install/msee22_description/share/msee22_description\n'}
[8.584156] (msee22_description) StdoutLine: {'line': b'creating /home/shay/a/vanderg0/ece569-fall2025/Lab4/install/msee22_description/share/msee22_description/launch\n'}
[8.588383] (msee22_description) StdoutLine: {'line': b'symbolically linking /home/shay/a/vanderg0/ece569-fall2025/Lab4/build/msee22_description/launch/move_robot.launch.py -> /home/shay/a/vanderg0/ece569-fall2025/Lab4/install/msee22_description/share/msee22_description/launch\n'}
[8.598822] (msee22_description) StdoutLine: {'line': b'symbolically linking /home/shay/a/vanderg0/ece569-fall2025/Lab4/build/msee22_description/launch/view_room.launch.py -> /home/shay/a/vanderg0/ece569-fall2025/Lab4/install/msee22_description/share/msee22_description/launch\n'}
[8.608984] (msee22_description) StdoutLine: {'line': b'creating /home/shay/a/vanderg0/ece569-fall2025/Lab4/install/msee22_description/share/msee22_description/rviz\n'}
[8.613446] (msee22_description) StdoutLine: {'line': b'symbolically linking /home/shay/a/vanderg0/ece569-fall2025/Lab4/build/msee22_description/rviz/msee22.rviz -> /home/shay/a/vanderg0/ece569-fall2025/Lab4/install/msee22_description/share/msee22_description/rviz\n'}
[8.617745] (msee22_description) StdoutLine: {'line': b'creating /home/shay/a/vanderg0/ece569-fall2025/Lab4/install/msee22_description/share/msee22_description/urdf\n'}
[8.619448] (msee22_description) StdoutLine: {'line': b'symbolically linking /home/shay/a/vanderg0/ece569-fall2025/Lab4/build/msee22_description/urdf/inertials.xacro -> /home/shay/a/vanderg0/ece569-fall2025/Lab4/install/msee22_description/share/msee22_description/urdf\n'}
[8.654221] (msee22_description) StdoutLine: {'line': b'symbolically linking /home/shay/a/vanderg0/ece569-fall2025/Lab4/build/msee22_description/urdf/materials.xacro -> /home/shay/a/vanderg0/ece569-fall2025/Lab4/install/msee22_description/share/msee22_description/urdf\n'}
[8.654300] (msee22_description) StdoutLine: {'line': b'symbolically linking /home/shay/a/vanderg0/ece569-fall2025/Lab4/build/msee22_description/urdf/msee22.urdf.xacro -> /home/shay/a/vanderg0/ece569-fall2025/Lab4/install/msee22_description/share/msee22_description/urdf\n'}
[8.656531] (wall_description) StdoutLine: {'line': b'running egg_info\n'}
[8.656760] (wall_description) StdoutLine: {'line': b'creating wall_description.egg-info\n'}
[8.660869] (wall_description) StdoutLine: {'line': b'writing wall_description.egg-info/PKG-INFO\n'}
[8.662450] (wall_description) StdoutLine: {'line': b'writing dependency_links to wall_description.egg-info/dependency_links.txt\n'}
[8.663331] (wall_description) StdoutLine: {'line': b'writing entry points to wall_description.egg-info/entry_points.txt\n'}
[8.664090] (wall_description) StdoutLine: {'line': b'writing requirements to wall_description.egg-info/requires.txt\n'}
[8.664674] (wall_description) StdoutLine: {'line': b'writing top-level names to wall_description.egg-info/top_level.txt\n'}
[8.666889] (wall_description) StdoutLine: {'line': b"writing manifest file 'wall_description.egg-info/SOURCES.txt'\n"}
[8.671050] (wall_description) StdoutLine: {'line': b"reading manifest file 'wall_description.egg-info/SOURCES.txt'\n"}
[8.672258] (wall_description) StdoutLine: {'line': b"writing manifest file 'wall_description.egg-info/SOURCES.txt'\n"}
[8.673867] (wall_description) StdoutLine: {'line': b'running build_ext\n'}
[8.674030] (wall_description) StdoutLine: {'line': b'Creating /home/shay/a/vanderg0/ece569-fall2025/Lab4/install/wall_description/lib/python3.10/site-packages/wall-description.egg-link (link to .)\n'}
[8.676436] (wall_description) StdoutLine: {'line': b'\n'}
[8.676509] (wall_description) StdoutLine: {'line': b'Installed /home/shay/a/vanderg0/ece569-fall2025/Lab4/build/wall_description\n'}
[8.676711] (wall_description) StdoutLine: {'line': b'running symlink_data\n'}
[8.676906] (wall_description) StdoutLine: {'line': b'creating /home/shay/a/vanderg0/ece569-fall2025/Lab4/install/wall_description/share/ament_index\n'}
[8.677970] (-) TimerEvent: {}
[8.678445] (wall_description) StdoutLine: {'line': b'creating /home/shay/a/vanderg0/ece569-fall2025/Lab4/install/wall_description/share/ament_index/resource_index\n'}
[8.679072] (wall_description) StdoutLine: {'line': b'creating /home/shay/a/vanderg0/ece569-fall2025/Lab4/install/wall_description/share/ament_index/resource_index/packages\n'}
[8.680402] (msee22_description) CommandEnded: {'returncode': 0}
[8.754299] (wall_description) StdoutLine: {'line': b'symbolically linking /home/shay/a/vanderg0/ece569-fall2025/Lab4/build/wall_description/resource/wall_description -> /home/shay/a/vanderg0/ece569-fall2025/Lab4/install/wall_description/share/ament_index/resource_index/packages\n'}
[8.754439] (wall_description) StdoutLine: {'line': b'symbolically linking /home/shay/a/vanderg0/ece569-fall2025/Lab4/build/wall_description/package.xml -> /home/shay/a/vanderg0/ece569-fall2025/Lab4/install/wall_description/share/wall_description\n'}
[8.754775] (wall_description) StdoutLine: {'line': b'creating /home/shay/a/vanderg0/ece569-fall2025/Lab4/install/wall_description/share/wall_description/launch\n'}
[8.754860] (py_joint_pub) StdoutLine: {'line': b'running egg_info\n'}
[8.754979] (py_joint_pub) StdoutLine: {'line': b'creating py_joint_pub.egg-info\n'}
[8.757537] (py_joint_pub) StdoutLine: {'line': b'writing py_joint_pub.egg-info/PKG-INFO\n'}
[8.759164] (py_joint_pub) StdoutLine: {'line': b'writing dependency_links to py_joint_pub.egg-info/dependency_links.txt\n'}
[8.760344] (py_joint_pub) StdoutLine: {'line': b'writing entry points to py_joint_pub.egg-info/entry_points.txt\n'}
[8.760630] (py_joint_pub) StdoutLine: {'line': b'writing requirements to py_joint_pub.egg-info/requires.txt\n'}
[8.761225] (py_joint_pub) StdoutLine: {'line': b'writing top-level names to py_joint_pub.egg-info/top_level.txt\n'}
[8.763547] (py_joint_pub) StdoutLine: {'line': b"writing manifest file 'py_joint_pub.egg-info/SOURCES.txt'\n"}
[8.764196] (wall_description) StdoutLine: {'line': b'symbolically linking /home/shay/a/vanderg0/ece569-fall2025/Lab4/build/wall_description/launch/view_wall.launch.py -> /home/shay/a/vanderg0/ece569-fall2025/Lab4/install/wall_description/share/wall_description/launch\n'}
[8.764614] (wall_description) StdoutLine: {'line': b'creating /home/shay/a/vanderg0/ece569-fall2025/Lab4/install/wall_description/share/wall_description/rviz\n'}
[8.764776] (table_description) StdoutLine: {'line': b'running egg_info\n'}
[8.764898] (table_description) StdoutLine: {'line': b'creating table_description.egg-info\n'}
[8.767702] (py_joint_pub) StdoutLine: {'line': b"reading manifest file 'py_joint_pub.egg-info/SOURCES.txt'\n"}
[8.768542] (py_joint_pub) StdoutLine: {'line': b"writing manifest file 'py_joint_pub.egg-info/SOURCES.txt'\n"}
[8.770233] (py_joint_pub) StdoutLine: {'line': b'running build_ext\n'}
[8.770388] (py_joint_pub) StdoutLine: {'line': b'Creating /home/shay/a/vanderg0/ece569-fall2025/Lab4/install/py_joint_pub/lib/python3.10/site-packages/py-joint-pub.egg-link (link to .)\n'}
[8.771181] (wall_description) StdoutLine: {'line': b'symbolically linking /home/shay/a/vanderg0/ece569-fall2025/Lab4/build/wall_description/rviz/wall.rviz -> /home/shay/a/vanderg0/ece569-fall2025/Lab4/install/wall_description/share/wall_description/rviz\n'}
[8.777959] (wall_description) StdoutLine: {'line': b'creating /home/shay/a/vanderg0/ece569-fall2025/Lab4/install/wall_description/share/wall_description/urdf\n'}
[8.778086] (-) TimerEvent: {}
[8.778869] (table_description) StdoutLine: {'line': b'writing table_description.egg-info/PKG-INFO\n'}
[8.780313] (table_description) StdoutLine: {'line': b'writing dependency_links to table_description.egg-info/dependency_links.txt\n'}
[8.781251] (table_description) StdoutLine: {'line': b'writing entry points to table_description.egg-info/entry_points.txt\n'}
[8.854531] (table_description) StdoutLine: {'line': b'writing requirements to table_description.egg-info/requires.txt\n'}
[8.854674] (table_description) StdoutLine: {'line': b'writing top-level names to table_description.egg-info/top_level.txt\n'}
[8.854752] (table_description) StdoutLine: {'line': b"writing manifest file 'table_description.egg-info/SOURCES.txt'\n"}
[8.854834] (wall_description) StdoutLine: {'line': b'symbolically linking /home/shay/a/vanderg0/ece569-fall2025/Lab4/build/wall_description/urdf/inertials.xacro -> /home/shay/a/vanderg0/ece569-fall2025/Lab4/install/wall_description/share/wall_description/urdf\n'}
[8.855124] (wall_description) StdoutLine: {'line': b'symbolically linking /home/shay/a/vanderg0/ece569-fall2025/Lab4/build/wall_description/urdf/materials.xacro -> /home/shay/a/vanderg0/ece569-fall2025/Lab4/install/wall_description/share/wall_description/urdf\n'}
[8.855204] (wall_description) StdoutLine: {'line': b'symbolically linking /home/shay/a/vanderg0/ece569-fall2025/Lab4/build/wall_description/urdf/wall.urdf.xacro -> /home/shay/a/vanderg0/ece569-fall2025/Lab4/install/wall_description/share/wall_description/urdf\n'}
[8.855266] (wall_description) StdoutLine: {'line': b'symbolically linking /home/shay/a/vanderg0/ece569-fall2025/Lab4/build/wall_description/urdf/wall_macro.xacro -> /home/shay/a/vanderg0/ece569-fall2025/Lab4/install/wall_description/share/wall_description/urdf\n'}
[8.855353] (py_joint_pub) StdoutLine: {'line': b'Installing csv script to /home/shay/a/vanderg0/ece569-fall2025/Lab4/install/py_joint_pub/lib/py_joint_pub\n'}
[8.858431] (py_joint_pub) StdoutLine: {'line': b'\n'}
[8.858512] (py_joint_pub) StdoutLine: {'line': b'Installed /home/shay/a/vanderg0/ece569-fall2025/Lab4/build/py_joint_pub\n'}
[8.858601] (py_joint_pub) StdoutLine: {'line': b'running symlink_data\n'}
[8.858723] (table_description) StdoutLine: {'line': b"reading manifest file 'table_description.egg-info/SOURCES.txt'\n"}
[8.858862] (py_joint_pub) StdoutLine: {'line': b'creating /home/shay/a/vanderg0/ece569-fall2025/Lab4/install/py_joint_pub/share/ament_index\n'}
[8.859907] (table_description) StdoutLine: {'line': b"writing manifest file 'table_description.egg-info/SOURCES.txt'\n"}
[8.861645] (py_joint_pub) StdoutLine: {'line': b'creating /home/shay/a/vanderg0/ece569-fall2025/Lab4/install/py_joint_pub/share/ament_index/resource_index\n'}
[8.861895] (table_description) StdoutLine: {'line': b'running build_ext\n'}
[8.862073] (table_description) StdoutLine: {'line': b'Creating /home/shay/a/vanderg0/ece569-fall2025/Lab4/install/table_description/lib/python3.10/site-packages/table-description.egg-link (link to .)\n'}
[8.864768] (py_joint_pub) StdoutLine: {'line': b'creating /home/shay/a/vanderg0/ece569-fall2025/Lab4/install/py_joint_pub/share/ament_index/resource_index/packages\n'}
[8.865663] (py_joint_pub) StdoutLine: {'line': b'symbolically linking /home/shay/a/vanderg0/ece569-fall2025/Lab4/build/py_joint_pub/resource/py_joint_pub -> /home/shay/a/vanderg0/ece569-fall2025/Lab4/install/py_joint_pub/share/ament_index/resource_index/packages\n'}
[8.866082] (py_joint_pub) StdoutLine: {'line': b'symbolically linking /home/shay/a/vanderg0/ece569-fall2025/Lab4/build/py_joint_pub/package.xml -> /home/shay/a/vanderg0/ece569-fall2025/Lab4/install/py_joint_pub/share/py_joint_pub\n'}
[8.867591] (table_description) StdoutLine: {'line': b'\n'}
[8.867653] (table_description) StdoutLine: {'line': b'Installed /home/shay/a/vanderg0/ece569-fall2025/Lab4/build/table_description\n'}
[8.867873] (table_description) StdoutLine: {'line': b'running symlink_data\n'}
[8.868104] (table_description) StdoutLine: {'line': b'creating /home/shay/a/vanderg0/ece569-fall2025/Lab4/install/table_description/share/ament_index\n'}
[8.868386] (msee22_description) JobEnded: {'identifier': 'msee22_description', 'rc': 0}
[8.878860] (-) TimerEvent: {}
[8.878959] (table_description) StdoutLine: {'line': b'creating /home/shay/a/vanderg0/ece569-fall2025/Lab4/install/table_description/share/ament_index/resource_index\n'}
[8.879042] (py_joint_pub) StdoutLine: {'line': b'symbolically linking /home/shay/a/vanderg0/ece569-fall2025/Lab4/build/py_joint_pub/resource/ldihel.csv -> /home/shay/a/vanderg0/ece569-fall2025/Lab4/install/py_joint_pub/share/py_joint_pub\n'}
[8.879109] (wall_description) CommandEnded: {'returncode': 0}
[8.879404] (py_joint_pub) StdoutLine: {'line': b'symbolically linking /home/shay/a/vanderg0/ece569-fall2025/Lab4/build/py_joint_pub/resource/ldihel_bonus.csv -> /home/shay/a/vanderg0/ece569-fall2025/Lab4/install/py_joint_pub/share/py_joint_pub\n'}
[8.883897] (table_description) StdoutLine: {'line': b'creating /home/shay/a/vanderg0/ece569-fall2025/Lab4/install/table_description/share/ament_index/resource_index/packages\n'}
[8.887989] (table_description) StdoutLine: {'line': b'symbolically linking /home/shay/a/vanderg0/ece569-fall2025/Lab4/build/table_description/resource/table_description -> /home/shay/a/vanderg0/ece569-fall2025/Lab4/install/table_description/share/ament_index/resource_index/packages\n'}
[8.888785] (table_description) StdoutLine: {'line': b'symbolically linking /home/shay/a/vanderg0/ece569-fall2025/Lab4/build/table_description/package.xml -> /home/shay/a/vanderg0/ece569-fall2025/Lab4/install/table_description/share/table_description\n'}
[8.891635] (table_description) StdoutLine: {'line': b'creating /home/shay/a/vanderg0/ece569-fall2025/Lab4/install/table_description/share/table_description/launch\n'}
[8.954873] (table_description) StdoutLine: {'line': b'symbolically linking /home/shay/a/vanderg0/ece569-fall2025/Lab4/build/table_description/launch/view_table.launch.py -> /home/shay/a/vanderg0/ece569-fall2025/Lab4/install/table_description/share/table_description/launch\n'}
[8.955156] (table_description) StdoutLine: {'line': b'creating /home/shay/a/vanderg0/ece569-fall2025/Lab4/install/table_description/share/table_description/rviz\n'}
[8.958024] (table_description) StdoutLine: {'line': b'symbolically linking /home/shay/a/vanderg0/ece569-fall2025/Lab4/build/table_description/rviz/table.rviz -> /home/shay/a/vanderg0/ece569-fall2025/Lab4/install/table_description/share/table_description/rviz\n'}
[8.958411] (table_description) StdoutLine: {'line': b'creating /home/shay/a/vanderg0/ece569-fall2025/Lab4/install/table_description/share/table_description/urdf\n'}
[8.959658] (table_description) StdoutLine: {'line': b'symbolically linking /home/shay/a/vanderg0/ece569-fall2025/Lab4/build/table_description/urdf/inertials.xacro -> /home/shay/a/vanderg0/ece569-fall2025/Lab4/install/table_description/share/table_description/urdf\n'}
[8.960785] (table_description) StdoutLine: {'line': b'symbolically linking /home/shay/a/vanderg0/ece569-fall2025/Lab4/build/table_description/urdf/materials.xacro -> /home/shay/a/vanderg0/ece569-fall2025/Lab4/install/table_description/share/table_description/urdf\n'}
[8.962064] (table_description) StdoutLine: {'line': b'symbolically linking /home/shay/a/vanderg0/ece569-fall2025/Lab4/build/table_description/urdf/table.urdf.xacro -> /home/shay/a/vanderg0/ece569-fall2025/Lab4/install/table_description/share/table_description/urdf\n'}
[8.963119] (table_description) StdoutLine: {'line': b'symbolically linking /home/shay/a/vanderg0/ece569-fall2025/Lab4/build/table_description/urdf/table_macro.xacro -> /home/shay/a/vanderg0/ece569-fall2025/Lab4/install/table_description/share/table_description/urdf\n'}
[8.978936] (-) TimerEvent: {}
[8.990241] (wall_description) JobEnded: {'identifier': 'wall_description', 'rc': 0}
[8.994099] (py_joint_pub) CommandEnded: {'returncode': 0}
[9.079030] (-) TimerEvent: {}
[9.179323] (-) TimerEvent: {}
[9.186478] (py_joint_pub) JobEnded: {'identifier': 'py_joint_pub', 'rc': 0}
[9.191627] (table_description) CommandEnded: {'returncode': 0}
[9.279422] (-) TimerEvent: {}
[9.372014] (table_description) JobEnded: {'identifier': 'table_description', 'rc': 0}
[9.375172] (-) EventReactorShutdown: {}
